{"uid":"f4a3ed20b4f270cf","name":"hsmAPIinventoryHardwareDisruptive","fullName":"api.2-disruptive.test_hardware.tavern#hsmAPIinventoryHardwareDisruptive","historyId":"835ff18518ce742b155f9cf4039900b3","time":{"start":1678227148697,"stop":1678227151496,"duration":2799},"status":"failed","statusMessage":"tavern.util.exceptions.TestFailError: Test 'hsmAPIinventoryHardwareGET - Retrieve multiple Hardware Inventory entries using GET.' failed:\n- Error calling validate function '<function validate_pykwalify at 0x7f226a8f15e0>':\n    Traceback (most recent call last):\n      File \"/usr/lib/python3.9/site-packages/tavern/schemas/files.py\", line 106, in verify_generic\n        verifier.validate()\n      File \"/usr/lib/python3.9/site-packages/pykwalify/core.py\", line 194, in validate\n        raise SchemaError(u\"Schema validation failed:\\n - {error_msg}.\".format(\n    pykwalify.errors.SchemaError: <SchemaError: error code 2: Schema validation failed:\n     - Cannot find required key 'PopulatedFRU'. Path: '/5'.\n     - Cannot find required key 'PopulatedFRU'. Path: '/7'.\n     - Cannot find required key 'PopulatedFRU'. Path: '/8'.\n     - Cannot find required key 'PopulatedFRU'. Path: '/9'.\n     - Cannot find required key 'PopulatedFRU'. Path: '/10'.\n     - Cannot find required key 'PopulatedFRU'. Path: '/12'.\n     - Cannot find required key 'PopulatedFRU'. Path: '/13'.\n     - Cannot find required key 'PopulatedFRU'. Path: '/15'.\n     - Cannot find required key 'PopulatedFRU'. Path: '/16'.\n     - Cannot find required key 'PopulatedFRU'. Path: '/17'.\n     - Cannot find required key 'PopulatedFRU'. Path: '/19'.\n     - Cannot find required key 'PopulatedFRU'. Path: '/20'.\n     - Cannot find required key 'PopulatedFRU'. Path: '/24'.\n     - Cannot find required key 'PopulatedFRU'. Path: '/25'.\n     - Cannot find required key 'PopulatedFRU'. Path: '/44'.\n     - Cannot find required key 'PopulatedFRU'. Path: '/45'.\n     - Cannot find required key 'PopulatedFRU'. Path: '/46'.\n     - Cannot find required key 'PopulatedFRU'. Path: '/47'.\n     - Cannot find required key 'PopulatedFRU'. Path: '/49'.\n     - Cannot find required key 'PopulatedFRU'. Path: '/51'.\n     - Cannot find required key 'PopulatedFRU'. Path: '/53'.\n     - Cannot find required key 'PopulatedFRU'. Path: '/56'.\n     - Cannot find required key 'PopulatedFRU'. Path: '/57'.\n     - Cannot find required key 'PopulatedFRU'. Path: '/61'.\n     - Cannot find required key 'PopulatedFRU'. Path: '/64'.\n     - Cannot find required key 'PopulatedFRU'. Path: '/65'.\n     - Cannot find required key 'PopulatedFRU'. Path: '/69'.\n     - Cannot find required key 'PopulatedFRU'. Path: '/71'.\n     - Cannot find required key 'PopulatedFRU'. Path: '/72'.\n     - Cannot find required key 'PopulatedFRU'. Path: '/73'.\n     - Cannot find required key 'PopulatedFRU'. Path: '/355'.\n     - Cannot find required key 'PopulatedFRU'. Path: '/548'.\n     - Cannot find required key 'PopulatedFRU'. Path: '/551'.\n     - Cannot find required key 'PopulatedFRU'. Path: '/552'.: Path: '/'>\n\n    The above exception was the direct cause of the following exception:\n\n    Traceback (most recent call last):\n      File \"/usr/lib/python3.9/site-packages/tavern/response/base.py\", line 152, in _maybe_run_validate_functions\n        vf(response)\n      File \"/usr/lib/python3.9/site-packages/tavern/util/extfunctions.py\", line 98, in inner\n        result = func(response, *args, **kwargs)\n      File \"/usr/lib/python3.9/site-packages/tavern/testutils/helpers.py\", line 103, in validate_pykwalify\n        verify_generic(to_verify, schema)\n      File \"/usr/lib/python3.9/site-packages/tavern/schemas/files.py\", line 109, in verify_generic\n        raise BadSchemaError() from e\n    tavern.util.exceptions.BadSchemaError","statusTrace":"Format variables:\n  hsm_base_url = 'http://cray-smd:27779'\n  verify = 'False'\n\nSource test stage (line 2205):\n  - name: hsmAPIinventoryHardwareGET - Retrieve multiple Hardware Inventory entries using GET.\n    request:\n      url: \"{hsm_base_url}/hsm/v2/Inventory/Hardware\"\n      method: GET\n      verify: !bool \"{verify}\"\n    response:\n      status_code: 200\n      verify_response_with:\n        function: tavern.testutils.helpers:validate_pykwalify\n        extra_kwargs:\n          schema:\n            type: seq\n            required: True\n            matching: all\n            sequence:\n              - type: map\n                required: True\n\n                allowempty: True\n                mapping:\n                  ID:\n                    type: str\n                    required: True\n                  Type:\n                    type: str\n                    required: True\n                  Ordinal:\n                    type: int\n                    required: True\n                  Status:\n                    type: str\n                    required: True\n                  HWInventoryByLocationType:\n                    type: str\n                    required: True\n                  PopulatedFRU:\n                    type: map\n                    required: True\n\n                    allowempty: True\n                    mapping:\n                      FRUID:\n                        type: str\n                        required: True\n                      Type:\n                        type: str\n                        required: True\n                      Subtype:\n                        type: str\n                        required: True\n\n\n\n\nFormatted stage:\n  name: hsmAPIinventoryHardwareGET - Retrieve multiple Hardware Inventory entries using\n    GET.\n  request:\n    method: GET\n    url: 'http://cray-smd:27779/hsm/v2/Inventory/Hardware'\n    verify: !bool 'False'\n  response:\n    status_code: 200\n    verify_response_with:\n      extra_kwargs:\n        schema:\n          matching: all\n          required: true\n          sequence:\n          - allowempty: true\n            mapping:\n              HWInventoryByLocationType:\n                required: true\n                type: str\n              ID:\n                required: true\n                type: str\n              Ordinal:\n                required: true\n                type: int\n              PopulatedFRU:\n                allowempty: true\n                mapping:\n                  FRUID:\n                    required: true\n                    type: str\n                  Subtype:\n                    required: true\n                    type: str\n                  Type:\n                    required: true\n                    type: str\n                required: true\n                type: map\n              Status:\n                required: true\n                type: str\n              Type:\n                required: true\n                type: str\n            required: true\n            type: map\n          type: seq\n      function: tavern.testutils.helpers:validate_pykwalify\n\nErrors:\nE   tavern.util.exceptions.TestFailError: Test 'hsmAPIinventoryHardwareGET - Retrieve multiple Hardware Inventory entries using GET.' failed:\n    - Error calling validate function '<function validate_pykwalify at 0x7f226a8f15e0>':\n        Traceback (most recent call last):\n          File \"/usr/lib/python3.9/site-packages/tavern/schemas/files.py\", line 106, in verify_generic\n            verifier.validate()\n          File \"/usr/lib/python3.9/site-packages/pykwalify/core.py\", line 194, in validate\n            raise SchemaError(u\"Schema validation failed:\\n - {error_msg}.\".format(\n        pykwalify.errors.SchemaError: <SchemaError: error code 2: Schema validation failed:\n         - Cannot find required key 'PopulatedFRU'. Path: '/5'.\n         - Cannot find required key 'PopulatedFRU'. Path: '/7'.\n         - Cannot find required key 'PopulatedFRU'. Path: '/8'.\n         - Cannot find required key 'PopulatedFRU'. Path: '/9'.\n         - Cannot find required key 'PopulatedFRU'. Path: '/10'.\n         - Cannot find required key 'PopulatedFRU'. Path: '/12'.\n         - Cannot find required key 'PopulatedFRU'. Path: '/13'.\n         - Cannot find required key 'PopulatedFRU'. Path: '/15'.\n         - Cannot find required key 'PopulatedFRU'. Path: '/16'.\n         - Cannot find required key 'PopulatedFRU'. Path: '/17'.\n         - Cannot find required key 'PopulatedFRU'. Path: '/19'.\n         - Cannot find required key 'PopulatedFRU'. Path: '/20'.\n         - Cannot find required key 'PopulatedFRU'. Path: '/24'.\n         - Cannot find required key 'PopulatedFRU'. Path: '/25'.\n         - Cannot find required key 'PopulatedFRU'. Path: '/44'.\n         - Cannot find required key 'PopulatedFRU'. Path: '/45'.\n         - Cannot find required key 'PopulatedFRU'. Path: '/46'.\n         - Cannot find required key 'PopulatedFRU'. Path: '/47'.\n         - Cannot find required key 'PopulatedFRU'. Path: '/49'.\n         - Cannot find required key 'PopulatedFRU'. Path: '/51'.\n         - Cannot find required key 'PopulatedFRU'. Path: '/53'.\n         - Cannot find required key 'PopulatedFRU'. Path: '/56'.\n         - Cannot find required key 'PopulatedFRU'. Path: '/57'.\n         - Cannot find required key 'PopulatedFRU'. Path: '/61'.\n         - Cannot find required key 'PopulatedFRU'. Path: '/64'.\n         - Cannot find required key 'PopulatedFRU'. Path: '/65'.\n         - Cannot find required key 'PopulatedFRU'. Path: '/69'.\n         - Cannot find required key 'PopulatedFRU'. Path: '/71'.\n         - Cannot find required key 'PopulatedFRU'. Path: '/72'.\n         - Cannot find required key 'PopulatedFRU'. Path: '/73'.\n         - Cannot find required key 'PopulatedFRU'. Path: '/355'.\n         - Cannot find required key 'PopulatedFRU'. Path: '/548'.\n         - Cannot find required key 'PopulatedFRU'. Path: '/551'.\n         - Cannot find required key 'PopulatedFRU'. Path: '/552'.: Path: '/'>\n    \n        The above exception was the direct cause of the following exception:\n    \n        Traceback (most recent call last):\n          File \"/usr/lib/python3.9/site-packages/tavern/response/base.py\", line 152, in _maybe_run_validate_functions\n            vf(response)\n          File \"/usr/lib/python3.9/site-packages/tavern/util/extfunctions.py\", line 98, in inner\n            result = func(response, *args, **kwargs)\n          File \"/usr/lib/python3.9/site-packages/tavern/testutils/helpers.py\", line 103, in validate_pykwalify\n            verify_generic(to_verify, schema)\n          File \"/usr/lib/python3.9/site-packages/tavern/schemas/files.py\", line 109, in verify_generic\n            raise BadSchemaError() from e\n        tavern.util.exceptions.BadSchemaError","flaky":false,"newFailed":false,"newBroken":false,"newPassed":false,"retriesCount":0,"retriesStatusChange":false,"beforeStages":[],"testStage":{"status":"failed","statusMessage":"tavern.util.exceptions.TestFailError: Test 'hsmAPIinventoryHardwareGET - Retrieve multiple Hardware Inventory entries using GET.' failed:\n- Error calling validate function '<function validate_pykwalify at 0x7f226a8f15e0>':\n    Traceback (most recent call last):\n      File \"/usr/lib/python3.9/site-packages/tavern/schemas/files.py\", line 106, in verify_generic\n        verifier.validate()\n      File \"/usr/lib/python3.9/site-packages/pykwalify/core.py\", line 194, in validate\n        raise SchemaError(u\"Schema validation failed:\\n - {error_msg}.\".format(\n    pykwalify.errors.SchemaError: <SchemaError: error code 2: Schema validation failed:\n     - Cannot find required key 'PopulatedFRU'. Path: '/5'.\n     - Cannot find required key 'PopulatedFRU'. Path: '/7'.\n     - Cannot find required key 'PopulatedFRU'. Path: '/8'.\n     - Cannot find required key 'PopulatedFRU'. Path: '/9'.\n     - Cannot find required key 'PopulatedFRU'. Path: '/10'.\n     - Cannot find required key 'PopulatedFRU'. Path: '/12'.\n     - Cannot find required key 'PopulatedFRU'. Path: '/13'.\n     - Cannot find required key 'PopulatedFRU'. Path: '/15'.\n     - Cannot find required key 'PopulatedFRU'. Path: '/16'.\n     - Cannot find required key 'PopulatedFRU'. Path: '/17'.\n     - Cannot find required key 'PopulatedFRU'. Path: '/19'.\n     - Cannot find required key 'PopulatedFRU'. Path: '/20'.\n     - Cannot find required key 'PopulatedFRU'. Path: '/24'.\n     - Cannot find required key 'PopulatedFRU'. Path: '/25'.\n     - Cannot find required key 'PopulatedFRU'. Path: '/44'.\n     - Cannot find required key 'PopulatedFRU'. Path: '/45'.\n     - Cannot find required key 'PopulatedFRU'. Path: '/46'.\n     - Cannot find required key 'PopulatedFRU'. Path: '/47'.\n     - Cannot find required key 'PopulatedFRU'. Path: '/49'.\n     - Cannot find required key 'PopulatedFRU'. Path: '/51'.\n     - Cannot find required key 'PopulatedFRU'. Path: '/53'.\n     - Cannot find required key 'PopulatedFRU'. Path: '/56'.\n     - Cannot find required key 'PopulatedFRU'. Path: '/57'.\n     - Cannot find required key 'PopulatedFRU'. Path: '/61'.\n     - Cannot find required key 'PopulatedFRU'. Path: '/64'.\n     - Cannot find required key 'PopulatedFRU'. Path: '/65'.\n     - Cannot find required key 'PopulatedFRU'. Path: '/69'.\n     - Cannot find required key 'PopulatedFRU'. Path: '/71'.\n     - Cannot find required key 'PopulatedFRU'. Path: '/72'.\n     - Cannot find required key 'PopulatedFRU'. Path: '/73'.\n     - Cannot find required key 'PopulatedFRU'. Path: '/355'.\n     - Cannot find required key 'PopulatedFRU'. Path: '/548'.\n     - Cannot find required key 'PopulatedFRU'. Path: '/551'.\n     - Cannot find required key 'PopulatedFRU'. Path: '/552'.: Path: '/'>\n\n    The above exception was the direct cause of the following exception:\n\n    Traceback (most recent call last):\n      File \"/usr/lib/python3.9/site-packages/tavern/response/base.py\", line 152, in _maybe_run_validate_functions\n        vf(response)\n      File \"/usr/lib/python3.9/site-packages/tavern/util/extfunctions.py\", line 98, in inner\n        result = func(response, *args, **kwargs)\n      File \"/usr/lib/python3.9/site-packages/tavern/testutils/helpers.py\", line 103, in validate_pykwalify\n        verify_generic(to_verify, schema)\n      File \"/usr/lib/python3.9/site-packages/tavern/schemas/files.py\", line 109, in verify_generic\n        raise BadSchemaError() from e\n    tavern.util.exceptions.BadSchemaError","statusTrace":"Format variables:\n  hsm_base_url = 'http://cray-smd:27779'\n  verify = 'False'\n\nSource test stage (line 2205):\n  - name: hsmAPIinventoryHardwareGET - Retrieve multiple Hardware Inventory entries using GET.\n    request:\n      url: \"{hsm_base_url}/hsm/v2/Inventory/Hardware\"\n      method: GET\n      verify: !bool \"{verify}\"\n    response:\n      status_code: 200\n      verify_response_with:\n        function: tavern.testutils.helpers:validate_pykwalify\n        extra_kwargs:\n          schema:\n            type: seq\n            required: True\n            matching: all\n            sequence:\n              - type: map\n                required: True\n\n                allowempty: True\n                mapping:\n                  ID:\n                    type: str\n                    required: True\n                  Type:\n                    type: str\n                    required: True\n                  Ordinal:\n                    type: int\n                    required: True\n                  Status:\n                    type: str\n                    required: True\n                  HWInventoryByLocationType:\n                    type: str\n                    required: True\n                  PopulatedFRU:\n                    type: map\n                    required: True\n\n                    allowempty: True\n                    mapping:\n                      FRUID:\n                        type: str\n                        required: True\n                      Type:\n                        type: str\n                        required: True\n                      Subtype:\n                        type: str\n                        required: True\n\n\n\n\nFormatted stage:\n  name: hsmAPIinventoryHardwareGET - Retrieve multiple Hardware Inventory entries using\n    GET.\n  request:\n    method: GET\n    url: 'http://cray-smd:27779/hsm/v2/Inventory/Hardware'\n    verify: !bool 'False'\n  response:\n    status_code: 200\n    verify_response_with:\n      extra_kwargs:\n        schema:\n          matching: all\n          required: true\n          sequence:\n          - allowempty: true\n            mapping:\n              HWInventoryByLocationType:\n                required: true\n                type: str\n              ID:\n                required: true\n                type: str\n              Ordinal:\n                required: true\n                type: int\n              PopulatedFRU:\n                allowempty: true\n                mapping:\n                  FRUID:\n                    required: true\n                    type: str\n                  Subtype:\n                    required: true\n                    type: str\n                  Type:\n                    required: true\n                    type: str\n                required: true\n                type: map\n              Status:\n                required: true\n                type: str\n              Type:\n                required: true\n                type: str\n            required: true\n            type: map\n          type: seq\n      function: tavern.testutils.helpers:validate_pykwalify\n\nErrors:\nE   tavern.util.exceptions.TestFailError: Test 'hsmAPIinventoryHardwareGET - Retrieve multiple Hardware Inventory entries using GET.' failed:\n    - Error calling validate function '<function validate_pykwalify at 0x7f226a8f15e0>':\n        Traceback (most recent call last):\n          File \"/usr/lib/python3.9/site-packages/tavern/schemas/files.py\", line 106, in verify_generic\n            verifier.validate()\n          File \"/usr/lib/python3.9/site-packages/pykwalify/core.py\", line 194, in validate\n            raise SchemaError(u\"Schema validation failed:\\n - {error_msg}.\".format(\n        pykwalify.errors.SchemaError: <SchemaError: error code 2: Schema validation failed:\n         - Cannot find required key 'PopulatedFRU'. Path: '/5'.\n         - Cannot find required key 'PopulatedFRU'. Path: '/7'.\n         - Cannot find required key 'PopulatedFRU'. Path: '/8'.\n         - Cannot find required key 'PopulatedFRU'. Path: '/9'.\n         - Cannot find required key 'PopulatedFRU'. Path: '/10'.\n         - Cannot find required key 'PopulatedFRU'. Path: '/12'.\n         - Cannot find required key 'PopulatedFRU'. Path: '/13'.\n         - Cannot find required key 'PopulatedFRU'. Path: '/15'.\n         - Cannot find required key 'PopulatedFRU'. Path: '/16'.\n         - Cannot find required key 'PopulatedFRU'. Path: '/17'.\n         - Cannot find required key 'PopulatedFRU'. Path: '/19'.\n         - Cannot find required key 'PopulatedFRU'. Path: '/20'.\n         - Cannot find required key 'PopulatedFRU'. Path: '/24'.\n         - Cannot find required key 'PopulatedFRU'. Path: '/25'.\n         - Cannot find required key 'PopulatedFRU'. Path: '/44'.\n         - Cannot find required key 'PopulatedFRU'. Path: '/45'.\n         - Cannot find required key 'PopulatedFRU'. Path: '/46'.\n         - Cannot find required key 'PopulatedFRU'. Path: '/47'.\n         - Cannot find required key 'PopulatedFRU'. Path: '/49'.\n         - Cannot find required key 'PopulatedFRU'. Path: '/51'.\n         - Cannot find required key 'PopulatedFRU'. Path: '/53'.\n         - Cannot find required key 'PopulatedFRU'. Path: '/56'.\n         - Cannot find required key 'PopulatedFRU'. Path: '/57'.\n         - Cannot find required key 'PopulatedFRU'. Path: '/61'.\n         - Cannot find required key 'PopulatedFRU'. Path: '/64'.\n         - Cannot find required key 'PopulatedFRU'. Path: '/65'.\n         - Cannot find required key 'PopulatedFRU'. Path: '/69'.\n         - Cannot find required key 'PopulatedFRU'. Path: '/71'.\n         - Cannot find required key 'PopulatedFRU'. Path: '/72'.\n         - Cannot find required key 'PopulatedFRU'. Path: '/73'.\n         - Cannot find required key 'PopulatedFRU'. Path: '/355'.\n         - Cannot find required key 'PopulatedFRU'. Path: '/548'.\n         - Cannot find required key 'PopulatedFRU'. Path: '/551'.\n         - Cannot find required key 'PopulatedFRU'. Path: '/552'.: Path: '/'>\n    \n        The above exception was the direct cause of the following exception:\n    \n        Traceback (most recent call last):\n          File \"/usr/lib/python3.9/site-packages/tavern/response/base.py\", line 152, in _maybe_run_validate_functions\n            vf(response)\n          File \"/usr/lib/python3.9/site-packages/tavern/util/extfunctions.py\", line 98, in inner\n            result = func(response, *args, **kwargs)\n          File \"/usr/lib/python3.9/site-packages/tavern/testutils/helpers.py\", line 103, in validate_pykwalify\n            verify_generic(to_verify, schema)\n          File \"/usr/lib/python3.9/site-packages/tavern/schemas/files.py\", line 109, in verify_generic\n            raise BadSchemaError() from e\n        tavern.util.exceptions.BadSchemaError","steps":[{"name":"Stage 0: hsmAPIinventoryHardwarePOSTcmmRectifier - Create a CMMRectifier Hardware Inventory entry using POST.","time":{"start":1678227148724,"stop":1678227148743,"duration":19},"status":"passed","steps":[],"attachments":[{"uid":"dea5ea4ba4696e6e","name":"stage_yaml","source":"dea5ea4ba4696e6e.yaml","type":"application/yaml","size":1257},{"uid":"4eb8a3d54cc927a8","name":"rest_request","source":"4eb8a3d54cc927a8.yaml","type":"application/yaml","size":779},{"uid":"741f39452d880c23","name":"rest_response","source":"741f39452d880c23.yaml","type":"application/yaml","size":191}],"parameters":[],"stepsCount":0,"attachmentsCount":3,"shouldDisplayMessage":false,"hasContent":true},{"name":"Stage 1: hsmAPIinventoryHardwareXnameGETcmmRectifier - Retrieve a CMMRectifier Hardware Inventory entry by xname using GET.","time":{"start":1678227148744,"stop":1678227148759,"duration":15},"status":"passed","steps":[],"attachments":[{"uid":"eb7c61f493f8d73e","name":"stage_yaml","source":"eb7c61f493f8d73e.yaml","type":"application/yaml","size":3659},{"uid":"bb0b99282cc15016","name":"rest_request","source":"bb0b99282cc15016.yaml","type":"application/yaml","size":138},{"uid":"2e097c9093c09a0e","name":"rest_response","source":"2e097c9093c09a0e.yaml","type":"application/yaml","size":741}],"parameters":[],"stepsCount":0,"attachmentsCount":3,"shouldDisplayMessage":false,"hasContent":true},{"name":"Stage 2: hsmAPIinventoryHardwarePOSTchassis - Create a Chassis Hardware Inventory entry using POST.","time":{"start":1678227148760,"stop":1678227148776,"duration":16},"status":"passed","steps":[],"attachments":[{"uid":"7ad7aac568bc80f0","name":"stage_yaml","source":"7ad7aac568bc80f0.yaml","type":"application/yaml","size":1204},{"uid":"aed878e2502a8d73","name":"rest_request","source":"aed878e2502a8d73.yaml","type":"application/yaml","size":731},{"uid":"1e1efc8ab020da3a","name":"rest_response","source":"1e1efc8ab020da3a.yaml","type":"application/yaml","size":191}],"parameters":[],"stepsCount":0,"attachmentsCount":3,"shouldDisplayMessage":false,"hasContent":true},{"name":"Stage 3: hsmAPIinventoryHardwareXnameGETchassis - Retrieve a Chassis Hardware Inventory entry by xname using GET.","time":{"start":1678227148776,"stop":1678227148791,"duration":15},"status":"passed","steps":[],"attachments":[{"uid":"457c7577adf749c0","name":"stage_yaml","source":"457c7577adf749c0.yaml","type":"application/yaml","size":3706},{"uid":"853bac1b9448fe82","name":"rest_request","source":"853bac1b9448fe82.yaml","type":"application/yaml","size":136},{"uid":"c0daa8a22691c9ea","name":"rest_response","source":"c0daa8a22691c9ea.yaml","type":"application/yaml","size":691}],"parameters":[],"stepsCount":0,"attachmentsCount":3,"shouldDisplayMessage":false,"hasContent":true},{"name":"Stage 4: hsmAPIinventoryHardwarePOSTcomputeModule - Create a ComputeModule Hardware Inventory entry using POST.","time":{"start":1678227148792,"stop":1678227148808,"duration":16},"status":"passed","steps":[],"attachments":[{"uid":"f2cc425732826e38","name":"stage_yaml","source":"f2cc425732826e38.yaml","type":"application/yaml","size":1201},{"uid":"f12d3e9d2f58f03e","name":"rest_request","source":"f12d3e9d2f58f03e.yaml","type":"application/yaml","size":722},{"uid":"a99378277a7b4503","name":"rest_response","source":"a99378277a7b4503.yaml","type":"application/yaml","size":191}],"parameters":[],"stepsCount":0,"attachmentsCount":3,"shouldDisplayMessage":false,"hasContent":true},{"name":"Stage 5: hsmAPIinventoryHardwareXnameGETcomputeModule - Retrieve a ComputeModule Hardware Inventory entry by xname using GET.","time":{"start":1678227148808,"stop":1678227148825,"duration":17},"status":"passed","steps":[],"attachments":[{"uid":"2aa3fe746b9ea63f","name":"stage_yaml","source":"2aa3fe746b9ea63f.yaml","type":"application/yaml","size":3705},{"uid":"abca2d593f7b87bd","name":"rest_request","source":"abca2d593f7b87bd.yaml","type":"application/yaml","size":138},{"uid":"c76b4a3f99f9fbe6","name":"rest_response","source":"c76b4a3f99f9fbe6.yaml","type":"application/yaml","size":682}],"parameters":[],"stepsCount":0,"attachmentsCount":3,"shouldDisplayMessage":false,"hasContent":true},{"name":"Stage 6: hsmAPIinventoryHardwarePOSThsnBoard - Create an HSNBoard Hardware Inventory entry using POST.","time":{"start":1678227148825,"stop":1678227148841,"duration":16},"status":"passed","steps":[],"attachments":[{"uid":"afb3ad9ebc2cbd70","name":"stage_yaml","source":"afb3ad9ebc2cbd70.yaml","type":"application/yaml","size":1268},{"uid":"e58cd386aa087766","name":"rest_request","source":"e58cd386aa087766.yaml","type":"application/yaml","size":792},{"uid":"77ba3ca6a8a710c3","name":"rest_response","source":"77ba3ca6a8a710c3.yaml","type":"application/yaml","size":191}],"parameters":[],"stepsCount":0,"attachmentsCount":3,"shouldDisplayMessage":false,"hasContent":true},{"name":"Stage 7: hsmAPIinventoryHardwareXnameGEThsnBoard - Retrieve an HSNBoard Hardware Inventory entry by xname using GET.","time":{"start":1678227148842,"stop":1678227148857,"duration":15},"status":"passed","steps":[],"attachments":[{"uid":"4d26d493752c49e9","name":"stage_yaml","source":"4d26d493752c49e9.yaml","type":"application/yaml","size":3774},{"uid":"588242a386fe71d1","name":"rest_request","source":"588242a386fe71d1.yaml","type":"application/yaml","size":140},{"uid":"70a0ff9ce6a4dbcb","name":"rest_response","source":"70a0ff9ce6a4dbcb.yaml","type":"application/yaml","size":752}],"parameters":[],"stepsCount":0,"attachmentsCount":3,"shouldDisplayMessage":false,"hasContent":true},{"name":"Stage 8: hsmAPIinventoryHardwarePOSTmemory - Create a Memory Hardware Inventory entry using POST.","time":{"start":1678227148858,"stop":1678227148875,"duration":17},"status":"passed","steps":[],"attachments":[{"uid":"f70ba3e04f4c9d57","name":"stage_yaml","source":"f70ba3e04f4c9d57.yaml","type":"application/yaml","size":1405},{"uid":"288486f980ac11de","name":"rest_request","source":"288486f980ac11de.yaml","type":"application/yaml","size":993},{"uid":"f79228c6c2c47e31","name":"rest_response","source":"f79228c6c2c47e31.yaml","type":"application/yaml","size":191}],"parameters":[],"stepsCount":0,"attachmentsCount":3,"shouldDisplayMessage":false,"hasContent":true},{"name":"Stage 9: hsmAPIinventoryHardwareXnameGETmemory - Retrieve a Memory Hardware Inventory entry by xname using GET.","time":{"start":1678227148876,"stop":1678227148893,"duration":17},"status":"passed","steps":[],"attachments":[{"uid":"aaeefec000e7202d","name":"stage_yaml","source":"aaeefec000e7202d.yaml","type":"application/yaml","size":5172},{"uid":"5673c0ac5a0d2a85","name":"rest_request","source":"5673c0ac5a0d2a85.yaml","type":"application/yaml","size":144},{"uid":"b2dc1d6815ec033c","name":"rest_response","source":"b2dc1d6815ec033c.yaml","type":"application/yaml","size":935}],"parameters":[],"stepsCount":0,"attachmentsCount":3,"shouldDisplayMessage":false,"hasContent":true},{"name":"Stage 10: hsmAPIinventoryHardwarePOSTnodeBMC - Create a NodeBMC Hardware Inventory entry using POST.","time":{"start":1678227148893,"stop":1678227148909,"duration":16},"status":"passed","steps":[],"attachments":[{"uid":"ae679c8d47d772e7","name":"stage_yaml","source":"ae679c8d47d772e7.yaml","type":"application/yaml","size":1220},{"uid":"f31c3d1b31c6b342","name":"rest_request","source":"f31c3d1b31c6b342.yaml","type":"application/yaml","size":749},{"uid":"d7120d35f9d6a6c9","name":"rest_response","source":"d7120d35f9d6a6c9.yaml","type":"application/yaml","size":191}],"parameters":[],"stepsCount":0,"attachmentsCount":3,"shouldDisplayMessage":false,"hasContent":true},{"name":"Stage 11: hsmAPIinventoryHardwareXnameGETnodeBMC - Retrieve a NodeBMC Hardware Inventory entry by xname using GET.","time":{"start":1678227148910,"stop":1678227148925,"duration":15},"status":"passed","steps":[],"attachments":[{"uid":"7860b5e0d0865b11","name":"stage_yaml","source":"7860b5e0d0865b11.yaml","type":"application/yaml","size":3686},{"uid":"150f83f304265494","name":"rest_request","source":"150f83f304265494.yaml","type":"application/yaml","size":140},{"uid":"a29ddb145d782ca7","name":"rest_response","source":"a29ddb145d782ca7.yaml","type":"application/yaml","size":709}],"parameters":[],"stepsCount":0,"attachmentsCount":3,"shouldDisplayMessage":false,"hasContent":true},{"name":"Stage 12: hsmAPIinventoryHardwarePOSTnodeEnclosure - Create a NodeEnclosure Hardware Inventory entry using POST.","time":{"start":1678227148926,"stop":1678227148941,"duration":15},"status":"passed","steps":[],"attachments":[{"uid":"4a0710dc6b6f9758","name":"stage_yaml","source":"4a0710dc6b6f9758.yaml","type":"application/yaml","size":1262},{"uid":"c63072b936cbd38b","name":"rest_request","source":"c63072b936cbd38b.yaml","type":"application/yaml","size":777},{"uid":"3a16fca27cad0991","name":"rest_response","source":"3a16fca27cad0991.yaml","type":"application/yaml","size":191}],"parameters":[],"stepsCount":0,"attachmentsCount":3,"shouldDisplayMessage":false,"hasContent":true},{"name":"Stage 13: hsmAPIinventoryHardwareXnameGETnodeEnclosure - Retrieve a NodeEnclosure Hardware Inventory entry by xname using GET.","time":{"start":1678227148942,"stop":1678227148957,"duration":15},"status":"passed","steps":[],"attachments":[{"uid":"89f80185e080e29b","name":"stage_yaml","source":"89f80185e080e29b.yaml","type":"application/yaml","size":3768},{"uid":"db7ccc5663239d80","name":"rest_request","source":"db7ccc5663239d80.yaml","type":"application/yaml","size":140},{"uid":"4aee73dd1005fdc4","name":"rest_response","source":"4aee73dd1005fdc4.yaml","type":"application/yaml","size":737}],"parameters":[],"stepsCount":0,"attachmentsCount":3,"shouldDisplayMessage":false,"hasContent":true},{"name":"Stage 14: hsmAPIinventoryHardwarePOSTnodeHsnNic - Create a NodeHsnNic Hardware Inventory entry using POST.","time":{"start":1678227148957,"stop":1678227148973,"duration":16},"status":"passed","steps":[],"attachments":[{"uid":"2aa3fd02275188a5","name":"stage_yaml","source":"2aa3fd02275188a5.yaml","type":"application/yaml","size":1198},{"uid":"1f1a84919513f40f","name":"rest_request","source":"1f1a84919513f40f.yaml","type":"application/yaml","size":697},{"uid":"9892b4a7a89eb1af","name":"rest_response","source":"9892b4a7a89eb1af.yaml","type":"application/yaml","size":191}],"parameters":[],"stepsCount":0,"attachmentsCount":3,"shouldDisplayMessage":false,"hasContent":true},{"name":"Stage 15: hsmAPIinventoryHardwareXnameGETnodeHsnNic - Retrieve a NodeHsnNic Hardware Inventory entry by xname using GET.","time":{"start":1678227148973,"stop":1678227148987,"duration":14},"status":"passed","steps":[],"attachments":[{"uid":"c39927d7f980ae8c","name":"stage_yaml","source":"c39927d7f980ae8c.yaml","type":"application/yaml","size":3160},{"uid":"747c6002aa286f25","name":"rest_request","source":"747c6002aa286f25.yaml","type":"application/yaml","size":144},{"uid":"6c6e99d07b3f5561","name":"rest_response","source":"6c6e99d07b3f5561.yaml","type":"application/yaml","size":665}],"parameters":[],"stepsCount":0,"attachmentsCount":3,"shouldDisplayMessage":false,"hasContent":true},{"name":"Stage 16: hsmAPIinventoryHardwarePOSTnodeCreate - Create a Node Hardware Inventory entry using POST.","time":{"start":1678227148988,"stop":1678227149004,"duration":16},"status":"passed","steps":[],"attachments":[{"uid":"8ca81f72c0dc07db","name":"stage_yaml","source":"8ca81f72c0dc07db.yaml","type":"application/yaml","size":1354},{"uid":"d2b22d6a498e9436","name":"rest_request","source":"d2b22d6a498e9436.yaml","type":"application/yaml","size":918},{"uid":"741611731a0c9c2a","name":"rest_response","source":"741611731a0c9c2a.yaml","type":"application/yaml","size":191}],"parameters":[],"stepsCount":0,"attachmentsCount":3,"shouldDisplayMessage":false,"hasContent":true},{"name":"Stage 17: hsmAPIinventoryHardwareXnameGETnodeCreate - Retrieve a Node Hardware Inventory entry by xname using GET.","time":{"start":1678227149005,"stop":1678227149022,"duration":17},"status":"passed","steps":[],"attachments":[{"uid":"521e973cd17c3a90","name":"stage_yaml","source":"521e973cd17c3a90.yaml","type":"application/yaml","size":4772},{"uid":"1fcf02205c1f4bb7","name":"rest_request","source":"1fcf02205c1f4bb7.yaml","type":"application/yaml","size":142},{"uid":"a64d65a4584d11a3","name":"rest_response","source":"a64d65a4584d11a3.yaml","type":"application/yaml","size":862}],"parameters":[],"stepsCount":0,"attachmentsCount":3,"shouldDisplayMessage":false,"hasContent":true},{"name":"Stage 18: hsmAPIinventoryHardwarePOSTnodeUpdate - Update a Node Hardware Inventory entry using POST.","time":{"start":1678227149023,"stop":1678227149039,"duration":16},"status":"passed","steps":[],"attachments":[{"uid":"83e54bf54472e3fc","name":"stage_yaml","source":"83e54bf54472e3fc.yaml","type":"application/yaml","size":1393},{"uid":"2046100f8a5ce96","name":"rest_request","source":"2046100f8a5ce96.yaml","type":"application/yaml","size":953},{"uid":"57a494f67fed6474","name":"rest_response","source":"57a494f67fed6474.yaml","type":"application/yaml","size":191}],"parameters":[],"stepsCount":0,"attachmentsCount":3,"shouldDisplayMessage":false,"hasContent":true},{"name":"Stage 19: hsmAPIinventoryHardwareXnameGETnodeUpdate - Retrieve an updated Node Hardware Inventory entry by xname using GET.","time":{"start":1678227149039,"stop":1678227149056,"duration":17},"status":"passed","steps":[],"attachments":[{"uid":"82980d4deffc2941","name":"stage_yaml","source":"82980d4deffc2941.yaml","type":"application/yaml","size":4820},{"uid":"dfd959196c8ca238","name":"rest_request","source":"dfd959196c8ca238.yaml","type":"application/yaml","size":142},{"uid":"81a137cfa5159a41","name":"rest_response","source":"81a137cfa5159a41.yaml","type":"application/yaml","size":897}],"parameters":[],"stepsCount":0,"attachmentsCount":3,"shouldDisplayMessage":false,"hasContent":true},{"name":"Stage 20: hsmAPIinventoryHardwarePOSTprocessor - Create a Processor Hardware Inventory entry using POST.","time":{"start":1678227149056,"stop":1678227149074,"duration":18},"status":"passed","steps":[],"attachments":[{"uid":"eeecfc24f33f6bd4","name":"stage_yaml","source":"eeecfc24f33f6bd4.yaml","type":"application/yaml","size":1505},{"uid":"37ccd6a5fec6866e","name":"rest_request","source":"37ccd6a5fec6866e.yaml","type":"application/yaml","size":1115},{"uid":"7b530df156ff988b","name":"rest_response","source":"7b530df156ff988b.yaml","type":"application/yaml","size":191}],"parameters":[],"stepsCount":0,"attachmentsCount":3,"shouldDisplayMessage":false,"hasContent":true},{"name":"Stage 21: hsmAPIinventoryHardwareXnameGETprocessor - Retrieve a Processor Hardware Inventory entry by xname using GET.","time":{"start":1678227149074,"stop":1678227149093,"duration":19},"status":"passed","steps":[],"attachments":[{"uid":"80bd6a5117ac9a77","name":"stage_yaml","source":"80bd6a5117ac9a77.yaml","type":"application/yaml","size":5555},{"uid":"5ea256506fa61b7c","name":"rest_request","source":"5ea256506fa61b7c.yaml","type":"application/yaml","size":144},{"uid":"e77502bcb358ce31","name":"rest_response","source":"e77502bcb358ce31.yaml","type":"application/yaml","size":1053}],"parameters":[],"stepsCount":0,"attachmentsCount":3,"shouldDisplayMessage":false,"hasContent":true},{"name":"Stage 22: hsmAPIinventoryHardwarePOSTrouterBMC - Create a RouterBMC Hardware Inventory entry using POST.","time":{"start":1678227149093,"stop":1678227149109,"duration":16},"status":"passed","steps":[],"attachments":[{"uid":"856f59636cfcb9bc","name":"stage_yaml","source":"856f59636cfcb9bc.yaml","type":"application/yaml","size":1226},{"uid":"fd0726dfc87944be","name":"rest_request","source":"fd0726dfc87944be.yaml","type":"application/yaml","size":753},{"uid":"e309c3353c642595","name":"rest_response","source":"e309c3353c642595.yaml","type":"application/yaml","size":191}],"parameters":[],"stepsCount":0,"attachmentsCount":3,"shouldDisplayMessage":false,"hasContent":true},{"name":"Stage 23: hsmAPIinventoryHardwareXnameGETrouterBMC - Retrieve a RouterBMC Hardware Inventory entry by xname using GET.","time":{"start":1678227149110,"stop":1678227149120,"duration":10},"status":"passed","steps":[],"attachments":[{"uid":"2fc50a675ab7b7c6","name":"stage_yaml","source":"2fc50a675ab7b7c6.yaml","type":"application/yaml","size":272},{"uid":"bec105c2524115fa","name":"rest_request","source":"bec105c2524115fa.yaml","type":"application/yaml","size":140},{"uid":"68f2d74012299616","name":"rest_response","source":"68f2d74012299616.yaml","type":"application/yaml","size":713}],"parameters":[],"stepsCount":0,"attachmentsCount":3,"shouldDisplayMessage":false,"hasContent":true},{"name":"Stage 24: hsmAPIinventoryHardwarePOSTrouterModule - Create a RouterModule Hardware Inventory entry using POST.","time":{"start":1678227149121,"stop":1678227149136,"duration":15},"status":"passed","steps":[],"attachments":[{"uid":"e8b3b670646acfa7","name":"stage_yaml","source":"e8b3b670646acfa7.yaml","type":"application/yaml","size":1193},{"uid":"113347c300ab4e0a","name":"rest_request","source":"113347c300ab4e0a.yaml","type":"application/yaml","size":716},{"uid":"bda3e93c9814a927","name":"rest_response","source":"bda3e93c9814a927.yaml","type":"application/yaml","size":191}],"parameters":[],"stepsCount":0,"attachmentsCount":3,"shouldDisplayMessage":false,"hasContent":true},{"name":"Stage 25: hsmAPIinventoryHardwareXnameGETrouterModule - Retrieve a RouterModule Hardware Inventory entry by xname using GET.","time":{"start":1678227149137,"stop":1678227149151,"duration":14},"status":"passed","steps":[],"attachments":[{"uid":"1bc1d743784495a7","name":"stage_yaml","source":"1bc1d743784495a7.yaml","type":"application/yaml","size":3697},{"uid":"b38cd3dd0ce89d47","name":"rest_request","source":"b38cd3dd0ce89d47.yaml","type":"application/yaml","size":138},{"uid":"1667d0942f2083ec","name":"rest_response","source":"1667d0942f2083ec.yaml","type":"application/yaml","size":676}],"parameters":[],"stepsCount":0,"attachmentsCount":3,"shouldDisplayMessage":false,"hasContent":true},{"name":"Stage 26: hsmAPIinventoryHardwareGET - Retrieve multiple Hardware Inventory entries using GET.","time":{"start":1678227149152,"stop":1678227151495,"duration":2343},"status":"failed","statusMessage":"tavern.util.exceptions.TestFailError: Test 'hsmAPIinventoryHardwareGET - Retrieve multiple Hardware Inventory entries using GET.' failed:\n- Error calling validate function '<function validate_pykwalify at 0x7f226a8f15e0>':\n    Traceback (most recent call last):\n      File \"/usr/lib/python3.9/site-packages/tavern/schemas/files.py\", line 106, in verify_generic\n        verifier.validate()\n      File \"/usr/lib/python3.9/site-packages/pykwalify/core.py\", line 194, in validate\n        raise SchemaError(u\"Schema validation failed:\\n - {error_msg}.\".format(\n    pykwalify.errors.SchemaError: <SchemaError: error code 2: Schema validation failed:\n     - Cannot find required key 'PopulatedFRU'. Path: '/5'.\n     - Cannot find required key 'PopulatedFRU'. Path: '/7'.\n     - Cannot find required key 'PopulatedFRU'. Path: '/8'.\n     - Cannot find required key 'PopulatedFRU'. Path: '/9'.\n     - Cannot find required key 'PopulatedFRU'. Path: '/10'.\n     - Cannot find required key 'PopulatedFRU'. Path: '/12'.\n     - Cannot find required key 'PopulatedFRU'. Path: '/13'.\n     - Cannot find required key 'PopulatedFRU'. Path: '/15'.\n     - Cannot find required key 'PopulatedFRU'. Path: '/16'.\n     - Cannot find required key 'PopulatedFRU'. Path: '/17'.\n     - Cannot find required key 'PopulatedFRU'. Path: '/19'.\n     - Cannot find required key 'PopulatedFRU'. Path: '/20'.\n     - Cannot find required key 'PopulatedFRU'. Path: '/24'.\n     - Cannot find required key 'PopulatedFRU'. Path: '/25'.\n     - Cannot find required key 'PopulatedFRU'. Path: '/44'.\n     - Cannot find required key 'PopulatedFRU'. Path: '/45'.\n     - Cannot find required key 'PopulatedFRU'. Path: '/46'.\n     - Cannot find required key 'PopulatedFRU'. Path: '/47'.\n     - Cannot find required key 'PopulatedFRU'. Path: '/49'.\n     - Cannot find required key 'PopulatedFRU'. Path: '/51'.\n     - Cannot find required key 'PopulatedFRU'. Path: '/53'.\n     - Cannot find required key 'PopulatedFRU'. Path: '/56'.\n     - Cannot find required key 'PopulatedFRU'. Path: '/57'.\n     - Cannot find required key 'PopulatedFRU'. Path: '/61'.\n     - Cannot find required key 'PopulatedFRU'. Path: '/64'.\n     - Cannot find required key 'PopulatedFRU'. Path: '/65'.\n     - Cannot find required key 'PopulatedFRU'. Path: '/69'.\n     - Cannot find required key 'PopulatedFRU'. Path: '/71'.\n     - Cannot find required key 'PopulatedFRU'. Path: '/72'.\n     - Cannot find required key 'PopulatedFRU'. Path: '/73'.\n     - Cannot find required key 'PopulatedFRU'. Path: '/355'.\n     - Cannot find required key 'PopulatedFRU'. Path: '/548'.\n     - Cannot find required key 'PopulatedFRU'. Path: '/551'.\n     - Cannot find required key 'PopulatedFRU'. Path: '/552'.: Path: '/'>\n\n    The above exception was the direct cause of the following exception:\n\n    Traceback (most recent call last):\n      File \"/usr/lib/python3.9/site-packages/tavern/response/base.py\", line 152, in _maybe_run_validate_functions\n        vf(response)\n      File \"/usr/lib/python3.9/site-packages/tavern/util/extfunctions.py\", line 98, in inner\n        result = func(response, *args, **kwargs)\n      File \"/usr/lib/python3.9/site-packages/tavern/testutils/helpers.py\", line 103, in validate_pykwalify\n        verify_generic(to_verify, schema)\n      File \"/usr/lib/python3.9/site-packages/tavern/schemas/files.py\", line 109, in verify_generic\n        raise BadSchemaError() from e\n    tavern.util.exceptions.BadSchemaError\n\n","statusTrace":"  File \"/usr/lib/python3.9/site-packages/allure_commons/_allure.py\", line 192, in impl\n    return func(*a, **kw)\n  File \"/usr/lib/python3.9/site-packages/tavern/util/retry.py\", line 31, in wrapped\n    res = fn(*args, **kwargs)\n  File \"/usr/lib/python3.9/site-packages/tavern/core.py\", line 270, in run_stage\n    saved = v.verify(response)\n  File \"/usr/lib/python3.9/site-packages/tavern/_plugins/rest/response.py\", line 201, in verify\n    raise exceptions.TestFailError(\n","steps":[],"attachments":[{"uid":"2bcdab77850e6256","name":"stage_yaml","source":"2bcdab77850e6256.yaml","type":"application/yaml","size":1437},{"uid":"f06a385397285e26","name":"rest_request","source":"f06a385397285e26.yaml","type":"application/yaml","size":128},{"uid":"8f8e03c0990f9051","name":"rest_response","source":"8f8e03c0990f9051.yaml","type":"application/yaml","size":579275}],"parameters":[],"stepsCount":0,"attachmentsCount":3,"shouldDisplayMessage":true,"hasContent":true}],"attachments":[{"uid":"7b58fd32aa7784b1","name":"error_output","source":"7b58fd32aa7784b1.attach","type":"text/plain","size":6714},{"uid":"c09d0ef7238716f9","name":"log","source":"c09d0ef7238716f9.txt","type":"text/plain","size":582663}],"parameters":[],"stepsCount":27,"attachmentsCount":83,"shouldDisplayMessage":true,"hasContent":true},"afterStages":[],"labels":[{"name":"parentSuite","value":"cray-smd-hmth-test"},{"name":"suite","value":"disruptive"},{"name":"host","value":"aa2f170667b3"},{"name":"thread","value":"8-MainThread"},{"name":"framework","value":"pytest"},{"name":"language","value":"cpython3"},{"name":"package","value":"api.2-disruptive.test_hardware.tavern"},{"name":"resultFormat","value":"allure2"}],"parameters":[],"links":[],"hidden":false,"retry":false,"extra":{"severity":"normal","retries":[],"categories":[{"name":"Product defects","matchedStatuses":[],"flaky":false}],"history":{"statistic":{"failed":14,"broken":0,"skipped":0,"passed":0,"unknown":0,"total":14},"items":[{"uid":"447edaa04241bee3","status":"failed","statusDetails":"tavern.util.exceptions.TestFailError: Test 'hsmAPIinventoryHardwareGET - Retrieve multiple Hardware Inventory entries using GET.' failed:\n- Error calling validate function '<function validate_pykwalify at 0x7f5c1b7125e0>':\n    Traceback (most recent call last):\n      File \"/usr/lib/python3.9/site-packages/tavern/schemas/files.py\", line 106, in verify_generic\n        verifier.validate()\n      File \"/usr/lib/python3.9/site-packages/pykwalify/core.py\", line 194, in validate\n        raise SchemaError(u\"Schema validation failed:\\n - {error_msg}.\".format(\n    pykwalify.errors.SchemaError: <SchemaError: error code 2: Schema validation failed:\n     - Cannot find required key 'PopulatedFRU'. Path: '/5'.\n     - Cannot find required key 'PopulatedFRU'. Path: '/6'.\n     - Cannot find required key 'PopulatedFRU'. Path: '/7'.\n     - Cannot find required key 'PopulatedFRU'. Path: '/8'.\n     - Cannot find required key 'PopulatedFRU'. Path: '/9'.\n     - Cannot find required key 'PopulatedFRU'. Path: '/10'.\n     - Cannot find required key 'PopulatedFRU'. Path: '/12'.\n     - Cannot find required key 'PopulatedFRU'. Path: '/13'.\n     - Cannot find required key 'PopulatedFRU'. Path: '/17'.\n     - Cannot find required key 'PopulatedFRU'. Path: '/18'.\n     - Cannot find required key 'PopulatedFRU'. Path: '/19'.\n     - Cannot find required key 'PopulatedFRU'. Path: '/20'.\n     - Cannot find required key 'PopulatedFRU'. Path: '/24'.\n     - Cannot find required key 'PopulatedFRU'. Path: '/25'.\n     - Cannot find required key 'PopulatedFRU'. Path: '/44'.\n     - Cannot find required key 'PopulatedFRU'. Path: '/46'.\n     - Cannot find required key 'PopulatedFRU'. Path: '/47'.\n     - Cannot find required key 'PopulatedFRU'. Path: '/48'.\n     - Cannot find required key 'PopulatedFRU'. Path: '/50'.\n     - Cannot find required key 'PopulatedFRU'. Path: '/55'.\n     - Cannot find required key 'PopulatedFRU'. Path: '/59'.\n     - Cannot find required key 'PopulatedFRU'. Path: '/60'.\n     - Cannot find required key 'PopulatedFRU'. Path: '/63'.\n     - Cannot find required key 'PopulatedFRU'. Path: '/65'.\n     - Cannot find required key 'PopulatedFRU'. Path: '/66'.\n     - Cannot find required key 'PopulatedFRU'. Path: '/67'.\n     - Cannot find required key 'PopulatedFRU'. Path: '/68'.\n     - Cannot find required key 'PopulatedFRU'. Path: '/70'.\n     - Cannot find required key 'PopulatedFRU'. Path: '/72'.\n     - Cannot find required key 'PopulatedFRU'. Path: '/73'.\n     - Cannot find required key 'PopulatedFRU'. Path: '/541'.\n     - Cannot find required key 'PopulatedFRU'. Path: '/543'.\n     - Cannot find required key 'PopulatedFRU'. Path: '/548'.\n     - Cannot find required key 'PopulatedFRU'. Path: '/549'.: Path: '/'>\n\n    The above exception was the direct cause of the following exception:\n\n    Traceback (most recent call last):\n      File \"/usr/lib/python3.9/site-packages/tavern/response/base.py\", line 152, in _maybe_run_validate_functions\n        vf(response)\n      File \"/usr/lib/python3.9/site-packages/tavern/util/extfunctions.py\", line 98, in inner\n        result = func(response, *args, **kwargs)\n      File \"/usr/lib/python3.9/site-packages/tavern/testutils/helpers.py\", line 103, in validate_pykwalify\n        verify_generic(to_verify, schema)\n      File \"/usr/lib/python3.9/site-packages/tavern/schemas/files.py\", line 109, in verify_generic\n        raise BadSchemaError() from e\n    tavern.util.exceptions.BadSchemaError","time":{"start":1678225228817,"stop":1678225231774,"duration":2957}},{"uid":"25639d16b8b74232","status":"failed","statusDetails":"tavern.util.exceptions.TestFailError: Test 'hsmAPIinventoryHardwareGET - Retrieve multiple Hardware Inventory entries using GET.' failed:\n- Error calling validate function '<function validate_pykwalify at 0x7fcfafaf75e0>':\n    Traceback (most recent call last):\n      File \"/usr/lib/python3.9/site-packages/tavern/schemas/files.py\", line 106, in verify_generic\n        verifier.validate()\n      File \"/usr/lib/python3.9/site-packages/pykwalify/core.py\", line 194, in validate\n        raise SchemaError(u\"Schema validation failed:\\n - {error_msg}.\".format(\n    pykwalify.errors.SchemaError: <SchemaError: error code 2: Schema validation failed:\n     - Cannot find required key 'PopulatedFRU'. Path: '/5'.\n     - Cannot find required key 'PopulatedFRU'. Path: '/6'.\n     - Cannot find required key 'PopulatedFRU'. Path: '/7'.\n     - Cannot find required key 'PopulatedFRU'. Path: '/8'.\n     - Cannot find required key 'PopulatedFRU'. Path: '/9'.\n     - Cannot find required key 'PopulatedFRU'. Path: '/10'.\n     - Cannot find required key 'PopulatedFRU'. Path: '/11'.\n     - Cannot find required key 'PopulatedFRU'. Path: '/15'.\n     - Cannot find required key 'PopulatedFRU'. Path: '/16'.\n     - Cannot find required key 'PopulatedFRU'. Path: '/17'.\n     - Cannot find required key 'PopulatedFRU'. Path: '/19'.\n     - Cannot find required key 'PopulatedFRU'. Path: '/20'.\n     - Cannot find required key 'PopulatedFRU'. Path: '/27'.\n     - Cannot find required key 'PopulatedFRU'. Path: '/28'.\n     - Cannot find required key 'PopulatedFRU'. Path: '/42'.\n     - Cannot find required key 'PopulatedFRU'. Path: '/43'.\n     - Cannot find required key 'PopulatedFRU'. Path: '/44'.\n     - Cannot find required key 'PopulatedFRU'. Path: '/46'.\n     - Cannot find required key 'PopulatedFRU'. Path: '/49'.\n     - Cannot find required key 'PopulatedFRU'. Path: '/50'.\n     - Cannot find required key 'PopulatedFRU'. Path: '/55'.\n     - Cannot find required key 'PopulatedFRU'. Path: '/56'.\n     - Cannot find required key 'PopulatedFRU'. Path: '/57'.\n     - Cannot find required key 'PopulatedFRU'. Path: '/59'.\n     - Cannot find required key 'PopulatedFRU'. Path: '/61'.\n     - Cannot find required key 'PopulatedFRU'. Path: '/62'.\n     - Cannot find required key 'PopulatedFRU'. Path: '/63'.\n     - Cannot find required key 'PopulatedFRU'. Path: '/64'.\n     - Cannot find required key 'PopulatedFRU'. Path: '/70'.\n     - Cannot find required key 'PopulatedFRU'. Path: '/73'.\n     - Cannot find required key 'PopulatedFRU'. Path: '/660'.\n     - Cannot find required key 'PopulatedFRU'. Path: '/662'.\n     - Cannot find required key 'PopulatedFRU'. Path: '/766'.\n     - Cannot find required key 'PopulatedFRU'. Path: '/767'.: Path: '/'>\n\n    The above exception was the direct cause of the following exception:\n\n    Traceback (most recent call last):\n      File \"/usr/lib/python3.9/site-packages/tavern/response/base.py\", line 152, in _maybe_run_validate_functions\n        vf(response)\n      File \"/usr/lib/python3.9/site-packages/tavern/util/extfunctions.py\", line 98, in inner\n        result = func(response, *args, **kwargs)\n      File \"/usr/lib/python3.9/site-packages/tavern/testutils/helpers.py\", line 103, in validate_pykwalify\n        verify_generic(to_verify, schema)\n      File \"/usr/lib/python3.9/site-packages/tavern/schemas/files.py\", line 109, in verify_generic\n        raise BadSchemaError() from e\n    tavern.util.exceptions.BadSchemaError","time":{"start":1678221209318,"stop":1678221212136,"duration":2818}},{"uid":"ec8638fc54b35eb7","status":"failed","statusDetails":"tavern.util.exceptions.TestFailError: Test 'hsmAPIinventoryHardwareGET - Retrieve multiple Hardware Inventory entries using GET.' failed:\n- Error calling validate function '<function validate_pykwalify at 0x7f11f298a5e0>':\n    Traceback (most recent call last):\n      File \"/usr/lib/python3.9/site-packages/tavern/schemas/files.py\", line 106, in verify_generic\n        verifier.validate()\n      File \"/usr/lib/python3.9/site-packages/pykwalify/core.py\", line 194, in validate\n        raise SchemaError(u\"Schema validation failed:\\n - {error_msg}.\".format(\n    pykwalify.errors.SchemaError: <SchemaError: error code 2: Schema validation failed:\n     - Cannot find required key 'PopulatedFRU'. Path: '/5'.\n     - Cannot find required key 'PopulatedFRU'. Path: '/6'.\n     - Cannot find required key 'PopulatedFRU'. Path: '/9'.\n     - Cannot find required key 'PopulatedFRU'. Path: '/10'.\n     - Cannot find required key 'PopulatedFRU'. Path: '/11'.\n     - Cannot find required key 'PopulatedFRU'. Path: '/14'.\n     - Cannot find required key 'PopulatedFRU'. Path: '/15'.\n     - Cannot find required key 'PopulatedFRU'. Path: '/16'.\n     - Cannot find required key 'PopulatedFRU'. Path: '/17'.\n     - Cannot find required key 'PopulatedFRU'. Path: '/18'.\n     - Cannot find required key 'PopulatedFRU'. Path: '/19'.\n     - Cannot find required key 'PopulatedFRU'. Path: '/20'.\n     - Cannot find required key 'PopulatedFRU'. Path: '/23'.\n     - Cannot find required key 'PopulatedFRU'. Path: '/28'.\n     - Cannot find required key 'PopulatedFRU'. Path: '/42'.\n     - Cannot find required key 'PopulatedFRU'. Path: '/43'.\n     - Cannot find required key 'PopulatedFRU'. Path: '/45'.\n     - Cannot find required key 'PopulatedFRU'. Path: '/46'.\n     - Cannot find required key 'PopulatedFRU'. Path: '/48'.\n     - Cannot find required key 'PopulatedFRU'. Path: '/49'.\n     - Cannot find required key 'PopulatedFRU'. Path: '/53'.\n     - Cannot find required key 'PopulatedFRU'. Path: '/54'.\n     - Cannot find required key 'PopulatedFRU'. Path: '/55'.\n     - Cannot find required key 'PopulatedFRU'. Path: '/58'.\n     - Cannot find required key 'PopulatedFRU'. Path: '/60'.\n     - Cannot find required key 'PopulatedFRU'. Path: '/65'.\n     - Cannot find required key 'PopulatedFRU'. Path: '/66'.\n     - Cannot find required key 'PopulatedFRU'. Path: '/67'.\n     - Cannot find required key 'PopulatedFRU'. Path: '/72'.\n     - Cannot find required key 'PopulatedFRU'. Path: '/73'.\n     - Cannot find required key 'PopulatedFRU'. Path: '/603'.\n     - Cannot find required key 'PopulatedFRU'. Path: '/605'.\n     - Cannot find required key 'PopulatedFRU'. Path: '/613'.\n     - Cannot find required key 'PopulatedFRU'. Path: '/617'.: Path: '/'>\n\n    The above exception was the direct cause of the following exception:\n\n    Traceback (most recent call last):\n      File \"/usr/lib/python3.9/site-packages/tavern/response/base.py\", line 152, in _maybe_run_validate_functions\n        vf(response)\n      File \"/usr/lib/python3.9/site-packages/tavern/util/extfunctions.py\", line 98, in inner\n        result = func(response, *args, **kwargs)\n      File \"/usr/lib/python3.9/site-packages/tavern/testutils/helpers.py\", line 103, in validate_pykwalify\n        verify_generic(to_verify, schema)\n      File \"/usr/lib/python3.9/site-packages/tavern/schemas/files.py\", line 109, in verify_generic\n        raise BadSchemaError() from e\n    tavern.util.exceptions.BadSchemaError","time":{"start":1678217520187,"stop":1678217523055,"duration":2868}},{"uid":"7445331cb2d0bd8b","status":"failed","statusDetails":"tavern.util.exceptions.TestFailError: Test 'hsmAPIinventoryHardwareGET - Retrieve multiple Hardware Inventory entries using GET.' failed:\n- Error calling validate function '<function validate_pykwalify at 0x7f9a6d52f670>':\n    Traceback (most recent call last):\n      File \"/usr/lib/python3.9/site-packages/tavern/schemas/files.py\", line 106, in verify_generic\n        verifier.validate()\n      File \"/usr/lib/python3.9/site-packages/pykwalify/core.py\", line 194, in validate\n        raise SchemaError(u\"Schema validation failed:\\n - {error_msg}.\".format(\n    pykwalify.errors.SchemaError: <SchemaError: error code 2: Schema validation failed:\n     - Cannot find required key 'PopulatedFRU'. Path: '/6'.\n     - Cannot find required key 'PopulatedFRU'. Path: '/9'.\n     - Cannot find required key 'PopulatedFRU'. Path: '/11'.\n     - Cannot find required key 'PopulatedFRU'. Path: '/12'.\n     - Cannot find required key 'PopulatedFRU'. Path: '/13'.\n     - Cannot find required key 'PopulatedFRU'. Path: '/14'.\n     - Cannot find required key 'PopulatedFRU'. Path: '/15'.\n     - Cannot find required key 'PopulatedFRU'. Path: '/16'.\n     - Cannot find required key 'PopulatedFRU'. Path: '/17'.\n     - Cannot find required key 'PopulatedFRU'. Path: '/18'.\n     - Cannot find required key 'PopulatedFRU'. Path: '/19'.\n     - Cannot find required key 'PopulatedFRU'. Path: '/20'.\n     - Cannot find required key 'PopulatedFRU'. Path: '/25'.\n     - Cannot find required key 'PopulatedFRU'. Path: '/26'.\n     - Cannot find required key 'PopulatedFRU'. Path: '/43'.\n     - Cannot find required key 'PopulatedFRU'. Path: '/44'.\n     - Cannot find required key 'PopulatedFRU'. Path: '/46'.\n     - Cannot find required key 'PopulatedFRU'. Path: '/47'.\n     - Cannot find required key 'PopulatedFRU'. Path: '/48'.\n     - Cannot find required key 'PopulatedFRU'. Path: '/49'.\n     - Cannot find required key 'PopulatedFRU'. Path: '/53'.\n     - Cannot find required key 'PopulatedFRU'. Path: '/55'.\n     - Cannot find required key 'PopulatedFRU'. Path: '/56'.\n     - Cannot find required key 'PopulatedFRU'. Path: '/58'.\n     - Cannot find required key 'PopulatedFRU'. Path: '/59'.\n     - Cannot find required key 'PopulatedFRU'. Path: '/65'.\n     - Cannot find required key 'PopulatedFRU'. Path: '/67'.\n     - Cannot find required key 'PopulatedFRU'. Path: '/69'.\n     - Cannot find required key 'PopulatedFRU'. Path: '/70'.\n     - Cannot find required key 'PopulatedFRU'. Path: '/73'.\n     - Cannot find required key 'PopulatedFRU'. Path: '/530'.\n     - Cannot find required key 'PopulatedFRU'. Path: '/533'.\n     - Cannot find required key 'PopulatedFRU'. Path: '/539'.\n     - Cannot find required key 'PopulatedFRU'. Path: '/540'.: Path: '/'>\n\n    The above exception was the direct cause of the following exception:\n\n    Traceback (most recent call last):\n      File \"/usr/lib/python3.9/site-packages/tavern/response/base.py\", line 152, in _maybe_run_validate_functions\n        vf(response)\n      File \"/usr/lib/python3.9/site-packages/tavern/util/extfunctions.py\", line 98, in inner\n        result = func(response, *args, **kwargs)\n      File \"/usr/lib/python3.9/site-packages/tavern/testutils/helpers.py\", line 103, in validate_pykwalify\n        verify_generic(to_verify, schema)\n      File \"/usr/lib/python3.9/site-packages/tavern/schemas/files.py\", line 109, in verify_generic\n        raise BadSchemaError() from e\n    tavern.util.exceptions.BadSchemaError","time":{"start":1676400974254,"stop":1676400978144,"duration":3890}},{"uid":"2383bb3861f3d39","status":"failed","statusDetails":"tavern.util.exceptions.TestFailError: Test 'hsmAPIinventoryHardwareGET - Retrieve multiple Hardware Inventory entries using GET.' failed:\n- Error calling validate function '<function validate_pykwalify at 0x7fe894082670>':\n    Traceback (most recent call last):\n      File \"/usr/lib/python3.9/site-packages/tavern/schemas/files.py\", line 106, in verify_generic\n        verifier.validate()\n      File \"/usr/lib/python3.9/site-packages/pykwalify/core.py\", line 194, in validate\n        raise SchemaError(u\"Schema validation failed:\\n - {error_msg}.\".format(\n    pykwalify.errors.SchemaError: <SchemaError: error code 2: Schema validation failed:\n     - Cannot find required key 'PopulatedFRU'. Path: '/5'.\n     - Cannot find required key 'PopulatedFRU'. Path: '/7'.\n     - Cannot find required key 'PopulatedFRU'. Path: '/8'.\n     - Cannot find required key 'PopulatedFRU'. Path: '/9'.\n     - Cannot find required key 'PopulatedFRU'. Path: '/10'.\n     - Cannot find required key 'PopulatedFRU'. Path: '/11'.\n     - Cannot find required key 'PopulatedFRU'. Path: '/12'.\n     - Cannot find required key 'PopulatedFRU'. Path: '/14'.\n     - Cannot find required key 'PopulatedFRU'. Path: '/17'.\n     - Cannot find required key 'PopulatedFRU'. Path: '/18'.\n     - Cannot find required key 'PopulatedFRU'. Path: '/19'.\n     - Cannot find required key 'PopulatedFRU'. Path: '/20'.\n     - Cannot find required key 'PopulatedFRU'. Path: '/23'.\n     - Cannot find required key 'PopulatedFRU'. Path: '/28'.\n     - Cannot find required key 'PopulatedFRU'. Path: '/44'.\n     - Cannot find required key 'PopulatedFRU'. Path: '/45'.\n     - Cannot find required key 'PopulatedFRU'. Path: '/48'.\n     - Cannot find required key 'PopulatedFRU'. Path: '/49'.\n     - Cannot find required key 'PopulatedFRU'. Path: '/50'.\n     - Cannot find required key 'PopulatedFRU'. Path: '/51'.\n     - Cannot find required key 'PopulatedFRU'. Path: '/52'.\n     - Cannot find required key 'PopulatedFRU'. Path: '/53'.\n     - Cannot find required key 'PopulatedFRU'. Path: '/55'.\n     - Cannot find required key 'PopulatedFRU'. Path: '/56'.\n     - Cannot find required key 'PopulatedFRU'. Path: '/58'.\n     - Cannot find required key 'PopulatedFRU'. Path: '/60'.\n     - Cannot find required key 'PopulatedFRU'. Path: '/62'.\n     - Cannot find required key 'PopulatedFRU'. Path: '/67'.\n     - Cannot find required key 'PopulatedFRU'. Path: '/70'.\n     - Cannot find required key 'PopulatedFRU'. Path: '/71'.\n     - Cannot find required key 'PopulatedFRU'. Path: '/541'.\n     - Cannot find required key 'PopulatedFRU'. Path: '/546'.\n     - Cannot find required key 'PopulatedFRU'. Path: '/551'.\n     - Cannot find required key 'PopulatedFRU'. Path: '/552'.: Path: '/'>\n\n    The above exception was the direct cause of the following exception:\n\n    Traceback (most recent call last):\n      File \"/usr/lib/python3.9/site-packages/tavern/response/base.py\", line 152, in _maybe_run_validate_functions\n        vf(response)\n      File \"/usr/lib/python3.9/site-packages/tavern/util/extfunctions.py\", line 98, in inner\n        result = func(response, *args, **kwargs)\n      File \"/usr/lib/python3.9/site-packages/tavern/testutils/helpers.py\", line 103, in validate_pykwalify\n        verify_generic(to_verify, schema)\n      File \"/usr/lib/python3.9/site-packages/tavern/schemas/files.py\", line 109, in verify_generic\n        raise BadSchemaError() from e\n    tavern.util.exceptions.BadSchemaError","time":{"start":1676325739720,"stop":1676325742528,"duration":2808}},{"uid":"89b86da69efbeec9","status":"failed","statusDetails":"tavern.util.exceptions.TestFailError: Test 'hsmAPIinventoryHardwareGET - Retrieve multiple Hardware Inventory entries using GET.' failed:\n- Error calling validate function '<function validate_pykwalify at 0x7f8dbb859670>':\n    Traceback (most recent call last):\n      File \"/usr/lib/python3.9/site-packages/tavern/schemas/files.py\", line 106, in verify_generic\n        verifier.validate()\n      File \"/usr/lib/python3.9/site-packages/pykwalify/core.py\", line 194, in validate\n        raise SchemaError(u\"Schema validation failed:\\n - {error_msg}.\".format(\n    pykwalify.errors.SchemaError: <SchemaError: error code 2: Schema validation failed:\n     - Cannot find required key 'PopulatedFRU'. Path: '/6'.\n     - Cannot find required key 'PopulatedFRU'. Path: '/7'.\n     - Cannot find required key 'PopulatedFRU'. Path: '/8'.\n     - Cannot find required key 'PopulatedFRU'. Path: '/9'.\n     - Cannot find required key 'PopulatedFRU'. Path: '/10'.\n     - Cannot find required key 'PopulatedFRU'. Path: '/11'.\n     - Cannot find required key 'PopulatedFRU'. Path: '/12'.\n     - Cannot find required key 'PopulatedFRU'. Path: '/13'.\n     - Cannot find required key 'PopulatedFRU'. Path: '/15'.\n     - Cannot find required key 'PopulatedFRU'. Path: '/16'.\n     - Cannot find required key 'PopulatedFRU'. Path: '/17'.\n     - Cannot find required key 'PopulatedFRU'. Path: '/18'.\n     - Cannot find required key 'PopulatedFRU'. Path: '/25'.\n     - Cannot find required key 'PopulatedFRU'. Path: '/26'.\n     - Cannot find required key 'PopulatedFRU'. Path: '/43'.\n     - Cannot find required key 'PopulatedFRU'. Path: '/45'.\n     - Cannot find required key 'PopulatedFRU'. Path: '/48'.\n     - Cannot find required key 'PopulatedFRU'. Path: '/50'.\n     - Cannot find required key 'PopulatedFRU'. Path: '/51'.\n     - Cannot find required key 'PopulatedFRU'. Path: '/52'.\n     - Cannot find required key 'PopulatedFRU'. Path: '/53'.\n     - Cannot find required key 'PopulatedFRU'. Path: '/55'.\n     - Cannot find required key 'PopulatedFRU'. Path: '/57'.\n     - Cannot find required key 'PopulatedFRU'. Path: '/59'.\n     - Cannot find required key 'PopulatedFRU'. Path: '/60'.\n     - Cannot find required key 'PopulatedFRU'. Path: '/61'.\n     - Cannot find required key 'PopulatedFRU'. Path: '/62'.\n     - Cannot find required key 'PopulatedFRU'. Path: '/65'.\n     - Cannot find required key 'PopulatedFRU'. Path: '/70'.\n     - Cannot find required key 'PopulatedFRU'. Path: '/71'.\n     - Cannot find required key 'PopulatedFRU'. Path: '/618'.\n     - Cannot find required key 'PopulatedFRU'. Path: '/620'.\n     - Cannot find required key 'PopulatedFRU'. Path: '/622'.\n     - Cannot find required key 'PopulatedFRU'. Path: '/629'.: Path: '/'>\n\n    The above exception was the direct cause of the following exception:\n\n    Traceback (most recent call last):\n      File \"/usr/lib/python3.9/site-packages/tavern/response/base.py\", line 152, in _maybe_run_validate_functions\n        vf(response)\n      File \"/usr/lib/python3.9/site-packages/tavern/util/extfunctions.py\", line 98, in inner\n        result = func(response, *args, **kwargs)\n      File \"/usr/lib/python3.9/site-packages/tavern/testutils/helpers.py\", line 103, in validate_pykwalify\n        verify_generic(to_verify, schema)\n      File \"/usr/lib/python3.9/site-packages/tavern/schemas/files.py\", line 109, in verify_generic\n        raise BadSchemaError() from e\n    tavern.util.exceptions.BadSchemaError","time":{"start":1674515660106,"stop":1674515662918,"duration":2812}},{"uid":"d95fca93188b10de","status":"failed","statusDetails":"tavern.util.exceptions.TestFailError: Test 'hsmAPIinventoryHardwareGET - Retrieve multiple Hardware Inventory entries using GET.' failed:\n- Error calling validate function '<function validate_pykwalify at 0x7fea16d93670>':\n    Traceback (most recent call last):\n      File \"/usr/lib/python3.9/site-packages/tavern/schemas/files.py\", line 106, in verify_generic\n        verifier.validate()\n      File \"/usr/lib/python3.9/site-packages/pykwalify/core.py\", line 194, in validate\n        raise SchemaError(u\"Schema validation failed:\\n - {error_msg}.\".format(\n    pykwalify.errors.SchemaError: <SchemaError: error code 2: Schema validation failed:\n     - Cannot find required key 'PopulatedFRU'. Path: '/7'.\n     - Cannot find required key 'PopulatedFRU'. Path: '/8'.\n     - Cannot find required key 'PopulatedFRU'. Path: '/9'.\n     - Cannot find required key 'PopulatedFRU'. Path: '/10'.\n     - Cannot find required key 'PopulatedFRU'. Path: '/12'.\n     - Cannot find required key 'PopulatedFRU'. Path: '/13'.\n     - Cannot find required key 'PopulatedFRU'. Path: '/14'.\n     - Cannot find required key 'PopulatedFRU'. Path: '/15'.\n     - Cannot find required key 'PopulatedFRU'. Path: '/17'.\n     - Cannot find required key 'PopulatedFRU'. Path: '/18'.\n     - Cannot find required key 'PopulatedFRU'. Path: '/19'.\n     - Cannot find required key 'PopulatedFRU'. Path: '/20'.\n     - Cannot find required key 'PopulatedFRU'. Path: '/23'.\n     - Cannot find required key 'PopulatedFRU'. Path: '/28'.\n     - Cannot find required key 'PopulatedFRU'. Path: '/42'.\n     - Cannot find required key 'PopulatedFRU'. Path: '/45'.\n     - Cannot find required key 'PopulatedFRU'. Path: '/46'.\n     - Cannot find required key 'PopulatedFRU'. Path: '/48'.\n     - Cannot find required key 'PopulatedFRU'. Path: '/55'.\n     - Cannot find required key 'PopulatedFRU'. Path: '/56'.\n     - Cannot find required key 'PopulatedFRU'. Path: '/57'.\n     - Cannot find required key 'PopulatedFRU'. Path: '/58'.\n     - Cannot find required key 'PopulatedFRU'. Path: '/60'.\n     - Cannot find required key 'PopulatedFRU'. Path: '/61'.\n     - Cannot find required key 'PopulatedFRU'. Path: '/62'.\n     - Cannot find required key 'PopulatedFRU'. Path: '/63'.\n     - Cannot find required key 'PopulatedFRU'. Path: '/64'.\n     - Cannot find required key 'PopulatedFRU'. Path: '/68'.\n     - Cannot find required key 'PopulatedFRU'. Path: '/69'.\n     - Cannot find required key 'PopulatedFRU'. Path: '/72'.\n     - Cannot find required key 'PopulatedFRU'. Path: '/302'.\n     - Cannot find required key 'PopulatedFRU'. Path: '/312'.\n     - Cannot find required key 'PopulatedFRU'. Path: '/315'.\n     - Cannot find required key 'PopulatedFRU'. Path: '/316'.: Path: '/'>\n\n    The above exception was the direct cause of the following exception:\n\n    Traceback (most recent call last):\n      File \"/usr/lib/python3.9/site-packages/tavern/response/base.py\", line 152, in _maybe_run_validate_functions\n        vf(response)\n      File \"/usr/lib/python3.9/site-packages/tavern/util/extfunctions.py\", line 98, in inner\n        result = func(response, *args, **kwargs)\n      File \"/usr/lib/python3.9/site-packages/tavern/testutils/helpers.py\", line 103, in validate_pykwalify\n        verify_generic(to_verify, schema)\n      File \"/usr/lib/python3.9/site-packages/tavern/schemas/files.py\", line 109, in verify_generic\n        raise BadSchemaError() from e\n    tavern.util.exceptions.BadSchemaError","time":{"start":1674505807629,"stop":1674505810445,"duration":2816}},{"uid":"de960c7c1faa773e","status":"failed","statusDetails":"tavern.util.exceptions.TestFailError: Test 'hsmAPIinventoryHardwareGET - Retrieve multiple Hardware Inventory entries using GET.' failed:\n- Error calling validate function '<function validate_pykwalify at 0x7fd84b340670>':\n    Traceback (most recent call last):\n      File \"/usr/lib/python3.9/site-packages/tavern/schemas/files.py\", line 106, in verify_generic\n        verifier.validate()\n      File \"/usr/lib/python3.9/site-packages/pykwalify/core.py\", line 194, in validate\n        raise SchemaError(u\"Schema validation failed:\\n - {error_msg}.\".format(\n    pykwalify.errors.SchemaError: <SchemaError: error code 2: Schema validation failed:\n     - Cannot find required key 'PopulatedFRU'. Path: '/6'.\n     - Cannot find required key 'PopulatedFRU'. Path: '/7'.\n     - Cannot find required key 'PopulatedFRU'. Path: '/8'.\n     - Cannot find required key 'PopulatedFRU'. Path: '/9'.\n     - Cannot find required key 'PopulatedFRU'. Path: '/10'.\n     - Cannot find required key 'PopulatedFRU'. Path: '/11'.\n     - Cannot find required key 'PopulatedFRU'. Path: '/12'.\n     - Cannot find required key 'PopulatedFRU'. Path: '/13'.\n     - Cannot find required key 'PopulatedFRU'. Path: '/15'.\n     - Cannot find required key 'PopulatedFRU'. Path: '/18'.\n     - Cannot find required key 'PopulatedFRU'. Path: '/19'.\n     - Cannot find required key 'PopulatedFRU'. Path: '/20'.\n     - Cannot find required key 'PopulatedFRU'. Path: '/23'.\n     - Cannot find required key 'PopulatedFRU'. Path: '/28'.\n     - Cannot find required key 'PopulatedFRU'. Path: '/42'.\n     - Cannot find required key 'PopulatedFRU'. Path: '/44'.\n     - Cannot find required key 'PopulatedFRU'. Path: '/45'.\n     - Cannot find required key 'PopulatedFRU'. Path: '/48'.\n     - Cannot find required key 'PopulatedFRU'. Path: '/51'.\n     - Cannot find required key 'PopulatedFRU'. Path: '/53'.\n     - Cannot find required key 'PopulatedFRU'. Path: '/55'.\n     - Cannot find required key 'PopulatedFRU'. Path: '/56'.\n     - Cannot find required key 'PopulatedFRU'. Path: '/58'.\n     - Cannot find required key 'PopulatedFRU'. Path: '/61'.\n     - Cannot find required key 'PopulatedFRU'. Path: '/63'.\n     - Cannot find required key 'PopulatedFRU'. Path: '/64'.\n     - Cannot find required key 'PopulatedFRU'. Path: '/65'.\n     - Cannot find required key 'PopulatedFRU'. Path: '/66'.\n     - Cannot find required key 'PopulatedFRU'. Path: '/68'.\n     - Cannot find required key 'PopulatedFRU'. Path: '/72'.\n     - Cannot find required key 'PopulatedFRU'. Path: '/612'.\n     - Cannot find required key 'PopulatedFRU'. Path: '/613'.\n     - Cannot find required key 'PopulatedFRU'. Path: '/616'.\n     - Cannot find required key 'PopulatedFRU'. Path: '/617'.: Path: '/'>\n\n    The above exception was the direct cause of the following exception:\n\n    Traceback (most recent call last):\n      File \"/usr/lib/python3.9/site-packages/tavern/response/base.py\", line 152, in _maybe_run_validate_functions\n        vf(response)\n      File \"/usr/lib/python3.9/site-packages/tavern/util/extfunctions.py\", line 98, in inner\n        result = func(response, *args, **kwargs)\n      File \"/usr/lib/python3.9/site-packages/tavern/testutils/helpers.py\", line 103, in validate_pykwalify\n        verify_generic(to_verify, schema)\n      File \"/usr/lib/python3.9/site-packages/tavern/schemas/files.py\", line 109, in verify_generic\n        raise BadSchemaError() from e\n    tavern.util.exceptions.BadSchemaError","time":{"start":1674500436067,"stop":1674500438913,"duration":2846}},{"uid":"6d77f94a9a473916","status":"failed","statusDetails":"tavern.util.exceptions.TestFailError: Test 'hsmAPIinventoryHardwareGET - Retrieve multiple Hardware Inventory entries using GET.' failed:\n- Error calling validate function '<function validate_pykwalify at 0x7f1abc08e670>':\n    Traceback (most recent call last):\n      File \"/usr/lib/python3.9/site-packages/tavern/schemas/files.py\", line 106, in verify_generic\n        verifier.validate()\n      File \"/usr/lib/python3.9/site-packages/pykwalify/core.py\", line 194, in validate\n        raise SchemaError(u\"Schema validation failed:\\n - {error_msg}.\".format(\n    pykwalify.errors.SchemaError: <SchemaError: error code 2: Schema validation failed:\n     - Cannot find required key 'PopulatedFRU'. Path: '/5'.\n     - Cannot find required key 'PopulatedFRU'. Path: '/6'.\n     - Cannot find required key 'PopulatedFRU'. Path: '/7'.\n     - Cannot find required key 'PopulatedFRU'. Path: '/8'.\n     - Cannot find required key 'PopulatedFRU'. Path: '/9'.\n     - Cannot find required key 'PopulatedFRU'. Path: '/10'.\n     - Cannot find required key 'PopulatedFRU'. Path: '/12'.\n     - Cannot find required key 'PopulatedFRU'. Path: '/13'.\n     - Cannot find required key 'PopulatedFRU'. Path: '/15'.\n     - Cannot find required key 'PopulatedFRU'. Path: '/18'.\n     - Cannot find required key 'PopulatedFRU'. Path: '/19'.\n     - Cannot find required key 'PopulatedFRU'. Path: '/20'.\n     - Cannot find required key 'PopulatedFRU'. Path: '/26'.\n     - Cannot find required key 'PopulatedFRU'. Path: '/27'.\n     - Cannot find required key 'PopulatedFRU'. Path: '/42'.\n     - Cannot find required key 'PopulatedFRU'. Path: '/44'.\n     - Cannot find required key 'PopulatedFRU'. Path: '/47'.\n     - Cannot find required key 'PopulatedFRU'. Path: '/49'.\n     - Cannot find required key 'PopulatedFRU'. Path: '/50'.\n     - Cannot find required key 'PopulatedFRU'. Path: '/51'.\n     - Cannot find required key 'PopulatedFRU'. Path: '/53'.\n     - Cannot find required key 'PopulatedFRU'. Path: '/55'.\n     - Cannot find required key 'PopulatedFRU'. Path: '/56'.\n     - Cannot find required key 'PopulatedFRU'. Path: '/57'.\n     - Cannot find required key 'PopulatedFRU'. Path: '/60'.\n     - Cannot find required key 'PopulatedFRU'. Path: '/62'.\n     - Cannot find required key 'PopulatedFRU'. Path: '/64'.\n     - Cannot find required key 'PopulatedFRU'. Path: '/70'.\n     - Cannot find required key 'PopulatedFRU'. Path: '/71'.\n     - Cannot find required key 'PopulatedFRU'. Path: '/72'.\n     - Cannot find required key 'PopulatedFRU'. Path: '/597'.\n     - Cannot find required key 'PopulatedFRU'. Path: '/607'.\n     - Cannot find required key 'PopulatedFRU'. Path: '/611'.\n     - Cannot find required key 'PopulatedFRU'. Path: '/612'.: Path: '/'>\n\n    The above exception was the direct cause of the following exception:\n\n    Traceback (most recent call last):\n      File \"/usr/lib/python3.9/site-packages/tavern/response/base.py\", line 152, in _maybe_run_validate_functions\n        vf(response)\n      File \"/usr/lib/python3.9/site-packages/tavern/util/extfunctions.py\", line 98, in inner\n        result = func(response, *args, **kwargs)\n      File \"/usr/lib/python3.9/site-packages/tavern/testutils/helpers.py\", line 103, in validate_pykwalify\n        verify_generic(to_verify, schema)\n      File \"/usr/lib/python3.9/site-packages/tavern/schemas/files.py\", line 109, in verify_generic\n        raise BadSchemaError() from e\n    tavern.util.exceptions.BadSchemaError","time":{"start":1674257930093,"stop":1674257932940,"duration":2847}},{"uid":"651bafad9414cf1f","status":"failed","statusDetails":"tavern.util.exceptions.TestFailError: Test 'hsmAPIinventoryHardwareGET - Retrieve multiple Hardware Inventory entries using GET.' failed:\n- Error calling validate function '<function validate_pykwalify at 0x7f875bc8b670>':\n    Traceback (most recent call last):\n      File \"/usr/lib/python3.9/site-packages/tavern/schemas/files.py\", line 106, in verify_generic\n        verifier.validate()\n      File \"/usr/lib/python3.9/site-packages/pykwalify/core.py\", line 194, in validate\n        raise SchemaError(u\"Schema validation failed:\\n - {error_msg}.\".format(\n    pykwalify.errors.SchemaError: <SchemaError: error code 2: Schema validation failed:\n     - Cannot find required key 'PopulatedFRU'. Path: '/5'.\n     - Cannot find required key 'PopulatedFRU'. Path: '/6'.\n     - Cannot find required key 'PopulatedFRU'. Path: '/7'.\n     - Cannot find required key 'PopulatedFRU'. Path: '/8'.\n     - Cannot find required key 'PopulatedFRU'. Path: '/9'.\n     - Cannot find required key 'PopulatedFRU'. Path: '/12'.\n     - Cannot find required key 'PopulatedFRU'. Path: '/13'.\n     - Cannot find required key 'PopulatedFRU'. Path: '/14'.\n     - Cannot find required key 'PopulatedFRU'. Path: '/15'.\n     - Cannot find required key 'PopulatedFRU'. Path: '/16'.\n     - Cannot find required key 'PopulatedFRU'. Path: '/18'.\n     - Cannot find required key 'PopulatedFRU'. Path: '/19'.\n     - Cannot find required key 'PopulatedFRU'. Path: '/25'.\n     - Cannot find required key 'PopulatedFRU'. Path: '/26'.\n     - Cannot find required key 'PopulatedFRU'. Path: '/42'.\n     - Cannot find required key 'PopulatedFRU'. Path: '/45'.\n     - Cannot find required key 'PopulatedFRU'. Path: '/46'.\n     - Cannot find required key 'PopulatedFRU'. Path: '/47'.\n     - Cannot find required key 'PopulatedFRU'. Path: '/49'.\n     - Cannot find required key 'PopulatedFRU'. Path: '/50'.\n     - Cannot find required key 'PopulatedFRU'. Path: '/51'.\n     - Cannot find required key 'PopulatedFRU'. Path: '/53'.\n     - Cannot find required key 'PopulatedFRU'. Path: '/57'.\n     - Cannot find required key 'PopulatedFRU'. Path: '/59'.\n     - Cannot find required key 'PopulatedFRU'. Path: '/60'.\n     - Cannot find required key 'PopulatedFRU'. Path: '/61'.\n     - Cannot find required key 'PopulatedFRU'. Path: '/64'.\n     - Cannot find required key 'PopulatedFRU'. Path: '/66'.\n     - Cannot find required key 'PopulatedFRU'. Path: '/67'.\n     - Cannot find required key 'PopulatedFRU'. Path: '/68'.\n     - Cannot find required key 'PopulatedFRU'. Path: '/531'.\n     - Cannot find required key 'PopulatedFRU'. Path: '/538'.\n     - Cannot find required key 'PopulatedFRU'. Path: '/548'.\n     - Cannot find required key 'PopulatedFRU'. Path: '/551'.: Path: '/'>\n\n    The above exception was the direct cause of the following exception:\n\n    Traceback (most recent call last):\n      File \"/usr/lib/python3.9/site-packages/tavern/response/base.py\", line 152, in _maybe_run_validate_functions\n        vf(response)\n      File \"/usr/lib/python3.9/site-packages/tavern/util/extfunctions.py\", line 98, in inner\n        result = func(response, *args, **kwargs)\n      File \"/usr/lib/python3.9/site-packages/tavern/testutils/helpers.py\", line 103, in validate_pykwalify\n        verify_generic(to_verify, schema)\n      File \"/usr/lib/python3.9/site-packages/tavern/schemas/files.py\", line 109, in verify_generic\n        raise BadSchemaError() from e\n    tavern.util.exceptions.BadSchemaError","time":{"start":1674255397554,"stop":1674255400958,"duration":3404}},{"uid":"251d87674b514bd7","status":"failed","statusDetails":"tavern.util.exceptions.TestFailError: Test 'hsmAPIinventoryHardwareGET - Retrieve multiple Hardware Inventory entries using GET.' failed:\n- Error calling validate function '<function validate_pykwalify at 0x7f6a576a8670>':\n    Traceback (most recent call last):\n      File \"/usr/lib/python3.9/site-packages/tavern/schemas/files.py\", line 106, in verify_generic\n        verifier.validate()\n      File \"/usr/lib/python3.9/site-packages/pykwalify/core.py\", line 194, in validate\n        raise SchemaError(u\"Schema validation failed:\\n - {error_msg}.\".format(\n    pykwalify.errors.SchemaError: <SchemaError: error code 2: Schema validation failed:\n     - Cannot find required key 'PopulatedFRU'. Path: '/84'.\n     - Cannot find required key 'PopulatedFRU'. Path: '/91'.\n     - Cannot find required key 'PopulatedFRU'. Path: '/92'.\n     - Cannot find required key 'PopulatedFRU'. Path: '/93'.: Path: '/'>\n\n    The above exception was the direct cause of the following exception:\n\n    Traceback (most recent call last):\n      File \"/usr/lib/python3.9/site-packages/tavern/response/base.py\", line 152, in _maybe_run_validate_functions\n        vf(response)\n      File \"/usr/lib/python3.9/site-packages/tavern/util/extfunctions.py\", line 98, in inner\n        result = func(response, *args, **kwargs)\n      File \"/usr/lib/python3.9/site-packages/tavern/testutils/helpers.py\", line 103, in validate_pykwalify\n        verify_generic(to_verify, schema)\n      File \"/usr/lib/python3.9/site-packages/tavern/schemas/files.py\", line 109, in verify_generic\n        raise BadSchemaError() from e\n    tavern.util.exceptions.BadSchemaError","time":{"start":1674080279001,"stop":1674080279898,"duration":897}},{"uid":"34f61f14cd42b8a1","status":"failed","statusDetails":"tavern.util.exceptions.TestFailError: Test 'hsmAPIinventoryHardwareGET - Retrieve multiple Hardware Inventory entries using GET.' failed:\n- Error calling validate function '<function validate_pykwalify at 0x7f08457c6670>':\n    Traceback (most recent call last):\n      File \"/usr/lib/python3.9/site-packages/tavern/schemas/files.py\", line 106, in verify_generic\n        verifier.validate()\n      File \"/usr/lib/python3.9/site-packages/pykwalify/core.py\", line 194, in validate\n        raise SchemaError(u\"Schema validation failed:\\n - {error_msg}.\".format(\n    pykwalify.errors.SchemaError: <SchemaError: error code 2: Schema validation failed:\n     - Cannot find required key 'PopulatedFRU'. Path: '/48'.\n     - Cannot find required key 'PopulatedFRU'. Path: '/49'.\n     - Cannot find required key 'PopulatedFRU'. Path: '/59'.\n     - Cannot find required key 'PopulatedFRU'. Path: '/60'.: Path: '/'>\n\n    The above exception was the direct cause of the following exception:\n\n    Traceback (most recent call last):\n      File \"/usr/lib/python3.9/site-packages/tavern/response/base.py\", line 152, in _maybe_run_validate_functions\n        vf(response)\n      File \"/usr/lib/python3.9/site-packages/tavern/util/extfunctions.py\", line 98, in inner\n        result = func(response, *args, **kwargs)\n      File \"/usr/lib/python3.9/site-packages/tavern/testutils/helpers.py\", line 103, in validate_pykwalify\n        verify_generic(to_verify, schema)\n      File \"/usr/lib/python3.9/site-packages/tavern/schemas/files.py\", line 109, in verify_generic\n        raise BadSchemaError() from e\n    tavern.util.exceptions.BadSchemaError","time":{"start":1674074993415,"stop":1674074994414,"duration":999}},{"uid":"dd043e4f44e3dd3","status":"failed","statusDetails":"tavern.util.exceptions.TestFailError: Test 'hsmAPIinventoryHardwareGET - Retrieve multiple Hardware Inventory entries using GET.' failed:\n- Error calling validate function '<function validate_pykwalify at 0x7f3b1a200670>':\n    Traceback (most recent call last):\n      File \"/usr/lib/python3.9/site-packages/tavern/schemas/files.py\", line 106, in verify_generic\n        verifier.validate()\n      File \"/usr/lib/python3.9/site-packages/pykwalify/core.py\", line 194, in validate\n        raise SchemaError(u\"Schema validation failed:\\n - {error_msg}.\".format(\n    pykwalify.errors.SchemaError: <SchemaError: error code 2: Schema validation failed:\n     - Cannot find required key 'PopulatedFRU'. Path: '/98'.\n     - Cannot find required key 'PopulatedFRU'. Path: '/99'.\n     - Cannot find required key 'PopulatedFRU'. Path: '/100'.\n     - Cannot find required key 'PopulatedFRU'. Path: '/103'.: Path: '/'>\n\n    The above exception was the direct cause of the following exception:\n\n    Traceback (most recent call last):\n      File \"/usr/lib/python3.9/site-packages/tavern/response/base.py\", line 152, in _maybe_run_validate_functions\n        vf(response)\n      File \"/usr/lib/python3.9/site-packages/tavern/util/extfunctions.py\", line 98, in inner\n        result = func(response, *args, **kwargs)\n      File \"/usr/lib/python3.9/site-packages/tavern/testutils/helpers.py\", line 103, in validate_pykwalify\n        verify_generic(to_verify, schema)\n      File \"/usr/lib/python3.9/site-packages/tavern/schemas/files.py\", line 109, in verify_generic\n        raise BadSchemaError() from e\n    tavern.util.exceptions.BadSchemaError","time":{"start":1674074613589,"stop":1674074614423,"duration":834}}]},"tags":[]},"source":"f4a3ed20b4f270cf.json","parameterValues":[]}