{"uid":"72df651a5bbbfc29","name":"hsmAPIinventoryHardwareDisruptive","fullName":"api.2-disruptive.test_hardware.tavern#hsmAPIinventoryHardwareDisruptive","historyId":"835ff18518ce742b155f9cf4039900b3","time":{"start":1710750611175,"stop":1710750613498,"duration":2323},"status":"failed","statusMessage":"tavern.util.exceptions.TestFailError: Test 'hsmAPIinventoryHardwareGET - Retrieve multiple Hardware Inventory entries using GET.' failed:\n- Error calling validate function '<function validate_pykwalify at 0x7f0a58a6ae50>':\n    Traceback (most recent call last):\n      File \"/usr/lib/python3.9/site-packages/tavern/schemas/files.py\", line 106, in verify_generic\n        verifier.validate()\n      File \"/usr/lib/python3.9/site-packages/pykwalify/core.py\", line 194, in validate\n        raise SchemaError(u\"Schema validation failed:\\n - {error_msg}.\".format(\n    pykwalify.errors.SchemaError: <SchemaError: error code 2: Schema validation failed:\n     - Cannot find required key 'PopulatedFRU'. Path: '/5'.\n     - Cannot find required key 'PopulatedFRU'. Path: '/6'.\n     - Cannot find required key 'PopulatedFRU'. Path: '/7'.\n     - Cannot find required key 'PopulatedFRU'. Path: '/8'.\n     - Cannot find required key 'PopulatedFRU'. Path: '/10'.\n     - Cannot find required key 'PopulatedFRU'. Path: '/11'.\n     - Cannot find required key 'PopulatedFRU'. Path: '/12'.\n     - Cannot find required key 'PopulatedFRU'. Path: '/14'.\n     - Cannot find required key 'PopulatedFRU'. Path: '/15'.\n     - Cannot find required key 'PopulatedFRU'. Path: '/16'.\n     - Cannot find required key 'PopulatedFRU'. Path: '/19'.\n     - Cannot find required key 'PopulatedFRU'. Path: '/20'.\n     - Cannot find required key 'PopulatedFRU'. Path: '/23'.\n     - Cannot find required key 'PopulatedFRU'. Path: '/28'.\n     - Cannot find required key 'PopulatedFRU'. Path: '/45'.\n     - Cannot find required key 'PopulatedFRU'. Path: '/46'.\n     - Cannot find required key 'PopulatedFRU'. Path: '/49'.\n     - Cannot find required key 'PopulatedFRU'. Path: '/51'.\n     - Cannot find required key 'PopulatedFRU'. Path: '/55'.\n     - Cannot find required key 'PopulatedFRU'. Path: '/57'.\n     - Cannot find required key 'PopulatedFRU'. Path: '/58'.\n     - Cannot find required key 'PopulatedFRU'. Path: '/60'.\n     - Cannot find required key 'PopulatedFRU'. Path: '/61'.\n     - Cannot find required key 'PopulatedFRU'. Path: '/62'.\n     - Cannot find required key 'PopulatedFRU'. Path: '/64'.\n     - Cannot find required key 'PopulatedFRU'. Path: '/66'.\n     - Cannot find required key 'PopulatedFRU'. Path: '/69'.\n     - Cannot find required key 'PopulatedFRU'. Path: '/71'.\n     - Cannot find required key 'PopulatedFRU'. Path: '/72'.\n     - Cannot find required key 'PopulatedFRU'. Path: '/73'.\n     - Cannot find required key 'PopulatedFRU'. Path: '/503'.\n     - Cannot find required key 'PopulatedFRU'. Path: '/507'.\n     - Cannot find required key 'PopulatedFRU'. Path: '/508'.\n     - Cannot find required key 'PopulatedFRU'. Path: '/509'.: Path: '/'>\n\n    The above exception was the direct cause of the following exception:\n\n    Traceback (most recent call last):\n      File \"/usr/lib/python3.9/site-packages/tavern/response/base.py\", line 152, in _maybe_run_validate_functions\n        vf(response)\n      File \"/usr/lib/python3.9/site-packages/tavern/util/extfunctions.py\", line 98, in inner\n        result = func(response, *args, **kwargs)\n      File \"/usr/lib/python3.9/site-packages/tavern/testutils/helpers.py\", line 103, in validate_pykwalify\n        verify_generic(to_verify, schema)\n      File \"/usr/lib/python3.9/site-packages/tavern/schemas/files.py\", line 109, in verify_generic\n        raise BadSchemaError() from e\n    tavern.util.exceptions.BadSchemaError","statusTrace":"Format variables:\n  hsm_base_url = 'http://cray-smd:27779'\n  verify = 'False'\n\nSource test stage (line 2205):\n  - name: hsmAPIinventoryHardwareGET - Retrieve multiple Hardware Inventory entries using GET.\n    request:\n      url: \"{hsm_base_url}/hsm/v2/Inventory/Hardware\"\n      method: GET\n      verify: !bool \"{verify}\"\n    response:\n      status_code: 200\n      verify_response_with:\n        function: tavern.testutils.helpers:validate_pykwalify\n        extra_kwargs:\n          schema:\n            type: seq\n            required: True\n            matching: all\n            sequence:\n              - type: map\n                required: True\n\n                allowempty: True\n                mapping:\n                  ID:\n                    type: str\n                    required: True\n                  Type:\n                    type: str\n                    required: True\n                  Ordinal:\n                    type: int\n                    required: True\n                  Status:\n                    type: str\n                    required: True\n                  HWInventoryByLocationType:\n                    type: str\n                    required: True\n                  PopulatedFRU:\n                    type: map\n                    required: True\n\n                    allowempty: True\n                    mapping:\n                      FRUID:\n                        type: str\n                        required: True\n                      Type:\n                        type: str\n                        required: True\n                      Subtype:\n                        type: str\n                        required: True\n\n\n\n\nFormatted stage:\n  name: hsmAPIinventoryHardwareGET - Retrieve multiple Hardware Inventory entries using\n    GET.\n  request:\n    method: GET\n    url: 'http://cray-smd:27779/hsm/v2/Inventory/Hardware'\n    verify: !bool 'False'\n  response:\n    status_code: 200\n    verify_response_with:\n      extra_kwargs:\n        schema:\n          matching: all\n          required: true\n          sequence:\n          - allowempty: true\n            mapping:\n              HWInventoryByLocationType:\n                required: true\n                type: str\n              ID:\n                required: true\n                type: str\n              Ordinal:\n                required: true\n                type: int\n              PopulatedFRU:\n                allowempty: true\n                mapping:\n                  FRUID:\n                    required: true\n                    type: str\n                  Subtype:\n                    required: true\n                    type: str\n                  Type:\n                    required: true\n                    type: str\n                required: true\n                type: map\n              Status:\n                required: true\n                type: str\n              Type:\n                required: true\n                type: str\n            required: true\n            type: map\n          type: seq\n      function: tavern.testutils.helpers:validate_pykwalify\n\nErrors:\nE   tavern.util.exceptions.TestFailError: Test 'hsmAPIinventoryHardwareGET - Retrieve multiple Hardware Inventory entries using GET.' failed:\n    - Error calling validate function '<function validate_pykwalify at 0x7f0a58a6ae50>':\n        Traceback (most recent call last):\n          File \"/usr/lib/python3.9/site-packages/tavern/schemas/files.py\", line 106, in verify_generic\n            verifier.validate()\n          File \"/usr/lib/python3.9/site-packages/pykwalify/core.py\", line 194, in validate\n            raise SchemaError(u\"Schema validation failed:\\n - {error_msg}.\".format(\n        pykwalify.errors.SchemaError: <SchemaError: error code 2: Schema validation failed:\n         - Cannot find required key 'PopulatedFRU'. Path: '/5'.\n         - Cannot find required key 'PopulatedFRU'. Path: '/6'.\n         - Cannot find required key 'PopulatedFRU'. Path: '/7'.\n         - Cannot find required key 'PopulatedFRU'. Path: '/8'.\n         - Cannot find required key 'PopulatedFRU'. Path: '/10'.\n         - Cannot find required key 'PopulatedFRU'. Path: '/11'.\n         - Cannot find required key 'PopulatedFRU'. Path: '/12'.\n         - Cannot find required key 'PopulatedFRU'. Path: '/14'.\n         - Cannot find required key 'PopulatedFRU'. Path: '/15'.\n         - Cannot find required key 'PopulatedFRU'. Path: '/16'.\n         - Cannot find required key 'PopulatedFRU'. Path: '/19'.\n         - Cannot find required key 'PopulatedFRU'. Path: '/20'.\n         - Cannot find required key 'PopulatedFRU'. Path: '/23'.\n         - Cannot find required key 'PopulatedFRU'. Path: '/28'.\n         - Cannot find required key 'PopulatedFRU'. Path: '/45'.\n         - Cannot find required key 'PopulatedFRU'. Path: '/46'.\n         - Cannot find required key 'PopulatedFRU'. Path: '/49'.\n         - Cannot find required key 'PopulatedFRU'. Path: '/51'.\n         - Cannot find required key 'PopulatedFRU'. Path: '/55'.\n         - Cannot find required key 'PopulatedFRU'. Path: '/57'.\n         - Cannot find required key 'PopulatedFRU'. Path: '/58'.\n         - Cannot find required key 'PopulatedFRU'. Path: '/60'.\n         - Cannot find required key 'PopulatedFRU'. Path: '/61'.\n         - Cannot find required key 'PopulatedFRU'. Path: '/62'.\n         - Cannot find required key 'PopulatedFRU'. Path: '/64'.\n         - Cannot find required key 'PopulatedFRU'. Path: '/66'.\n         - Cannot find required key 'PopulatedFRU'. Path: '/69'.\n         - Cannot find required key 'PopulatedFRU'. Path: '/71'.\n         - Cannot find required key 'PopulatedFRU'. Path: '/72'.\n         - Cannot find required key 'PopulatedFRU'. Path: '/73'.\n         - Cannot find required key 'PopulatedFRU'. Path: '/503'.\n         - Cannot find required key 'PopulatedFRU'. Path: '/507'.\n         - Cannot find required key 'PopulatedFRU'. Path: '/508'.\n         - Cannot find required key 'PopulatedFRU'. Path: '/509'.: Path: '/'>\n    \n        The above exception was the direct cause of the following exception:\n    \n        Traceback (most recent call last):\n          File \"/usr/lib/python3.9/site-packages/tavern/response/base.py\", line 152, in _maybe_run_validate_functions\n            vf(response)\n          File \"/usr/lib/python3.9/site-packages/tavern/util/extfunctions.py\", line 98, in inner\n            result = func(response, *args, **kwargs)\n          File \"/usr/lib/python3.9/site-packages/tavern/testutils/helpers.py\", line 103, in validate_pykwalify\n            verify_generic(to_verify, schema)\n          File \"/usr/lib/python3.9/site-packages/tavern/schemas/files.py\", line 109, in verify_generic\n            raise BadSchemaError() from e\n        tavern.util.exceptions.BadSchemaError","flaky":false,"newFailed":false,"newBroken":false,"newPassed":false,"retriesCount":0,"retriesStatusChange":false,"beforeStages":[],"testStage":{"status":"failed","statusMessage":"tavern.util.exceptions.TestFailError: Test 'hsmAPIinventoryHardwareGET - Retrieve multiple Hardware Inventory entries using GET.' failed:\n- Error calling validate function '<function validate_pykwalify at 0x7f0a58a6ae50>':\n    Traceback (most recent call last):\n      File \"/usr/lib/python3.9/site-packages/tavern/schemas/files.py\", line 106, in verify_generic\n        verifier.validate()\n      File \"/usr/lib/python3.9/site-packages/pykwalify/core.py\", line 194, in validate\n        raise SchemaError(u\"Schema validation failed:\\n - {error_msg}.\".format(\n    pykwalify.errors.SchemaError: <SchemaError: error code 2: Schema validation failed:\n     - Cannot find required key 'PopulatedFRU'. Path: '/5'.\n     - Cannot find required key 'PopulatedFRU'. Path: '/6'.\n     - Cannot find required key 'PopulatedFRU'. Path: '/7'.\n     - Cannot find required key 'PopulatedFRU'. Path: '/8'.\n     - Cannot find required key 'PopulatedFRU'. Path: '/10'.\n     - Cannot find required key 'PopulatedFRU'. Path: '/11'.\n     - Cannot find required key 'PopulatedFRU'. Path: '/12'.\n     - Cannot find required key 'PopulatedFRU'. Path: '/14'.\n     - Cannot find required key 'PopulatedFRU'. Path: '/15'.\n     - Cannot find required key 'PopulatedFRU'. Path: '/16'.\n     - Cannot find required key 'PopulatedFRU'. Path: '/19'.\n     - Cannot find required key 'PopulatedFRU'. Path: '/20'.\n     - Cannot find required key 'PopulatedFRU'. Path: '/23'.\n     - Cannot find required key 'PopulatedFRU'. Path: '/28'.\n     - Cannot find required key 'PopulatedFRU'. Path: '/45'.\n     - Cannot find required key 'PopulatedFRU'. Path: '/46'.\n     - Cannot find required key 'PopulatedFRU'. Path: '/49'.\n     - Cannot find required key 'PopulatedFRU'. Path: '/51'.\n     - Cannot find required key 'PopulatedFRU'. Path: '/55'.\n     - Cannot find required key 'PopulatedFRU'. Path: '/57'.\n     - Cannot find required key 'PopulatedFRU'. Path: '/58'.\n     - Cannot find required key 'PopulatedFRU'. Path: '/60'.\n     - Cannot find required key 'PopulatedFRU'. Path: '/61'.\n     - Cannot find required key 'PopulatedFRU'. Path: '/62'.\n     - Cannot find required key 'PopulatedFRU'. Path: '/64'.\n     - Cannot find required key 'PopulatedFRU'. Path: '/66'.\n     - Cannot find required key 'PopulatedFRU'. Path: '/69'.\n     - Cannot find required key 'PopulatedFRU'. Path: '/71'.\n     - Cannot find required key 'PopulatedFRU'. Path: '/72'.\n     - Cannot find required key 'PopulatedFRU'. Path: '/73'.\n     - Cannot find required key 'PopulatedFRU'. Path: '/503'.\n     - Cannot find required key 'PopulatedFRU'. Path: '/507'.\n     - Cannot find required key 'PopulatedFRU'. Path: '/508'.\n     - Cannot find required key 'PopulatedFRU'. Path: '/509'.: Path: '/'>\n\n    The above exception was the direct cause of the following exception:\n\n    Traceback (most recent call last):\n      File \"/usr/lib/python3.9/site-packages/tavern/response/base.py\", line 152, in _maybe_run_validate_functions\n        vf(response)\n      File \"/usr/lib/python3.9/site-packages/tavern/util/extfunctions.py\", line 98, in inner\n        result = func(response, *args, **kwargs)\n      File \"/usr/lib/python3.9/site-packages/tavern/testutils/helpers.py\", line 103, in validate_pykwalify\n        verify_generic(to_verify, schema)\n      File \"/usr/lib/python3.9/site-packages/tavern/schemas/files.py\", line 109, in verify_generic\n        raise BadSchemaError() from e\n    tavern.util.exceptions.BadSchemaError","statusTrace":"Format variables:\n  hsm_base_url = 'http://cray-smd:27779'\n  verify = 'False'\n\nSource test stage (line 2205):\n  - name: hsmAPIinventoryHardwareGET - Retrieve multiple Hardware Inventory entries using GET.\n    request:\n      url: \"{hsm_base_url}/hsm/v2/Inventory/Hardware\"\n      method: GET\n      verify: !bool \"{verify}\"\n    response:\n      status_code: 200\n      verify_response_with:\n        function: tavern.testutils.helpers:validate_pykwalify\n        extra_kwargs:\n          schema:\n            type: seq\n            required: True\n            matching: all\n            sequence:\n              - type: map\n                required: True\n\n                allowempty: True\n                mapping:\n                  ID:\n                    type: str\n                    required: True\n                  Type:\n                    type: str\n                    required: True\n                  Ordinal:\n                    type: int\n                    required: True\n                  Status:\n                    type: str\n                    required: True\n                  HWInventoryByLocationType:\n                    type: str\n                    required: True\n                  PopulatedFRU:\n                    type: map\n                    required: True\n\n                    allowempty: True\n                    mapping:\n                      FRUID:\n                        type: str\n                        required: True\n                      Type:\n                        type: str\n                        required: True\n                      Subtype:\n                        type: str\n                        required: True\n\n\n\n\nFormatted stage:\n  name: hsmAPIinventoryHardwareGET - Retrieve multiple Hardware Inventory entries using\n    GET.\n  request:\n    method: GET\n    url: 'http://cray-smd:27779/hsm/v2/Inventory/Hardware'\n    verify: !bool 'False'\n  response:\n    status_code: 200\n    verify_response_with:\n      extra_kwargs:\n        schema:\n          matching: all\n          required: true\n          sequence:\n          - allowempty: true\n            mapping:\n              HWInventoryByLocationType:\n                required: true\n                type: str\n              ID:\n                required: true\n                type: str\n              Ordinal:\n                required: true\n                type: int\n              PopulatedFRU:\n                allowempty: true\n                mapping:\n                  FRUID:\n                    required: true\n                    type: str\n                  Subtype:\n                    required: true\n                    type: str\n                  Type:\n                    required: true\n                    type: str\n                required: true\n                type: map\n              Status:\n                required: true\n                type: str\n              Type:\n                required: true\n                type: str\n            required: true\n            type: map\n          type: seq\n      function: tavern.testutils.helpers:validate_pykwalify\n\nErrors:\nE   tavern.util.exceptions.TestFailError: Test 'hsmAPIinventoryHardwareGET - Retrieve multiple Hardware Inventory entries using GET.' failed:\n    - Error calling validate function '<function validate_pykwalify at 0x7f0a58a6ae50>':\n        Traceback (most recent call last):\n          File \"/usr/lib/python3.9/site-packages/tavern/schemas/files.py\", line 106, in verify_generic\n            verifier.validate()\n          File \"/usr/lib/python3.9/site-packages/pykwalify/core.py\", line 194, in validate\n            raise SchemaError(u\"Schema validation failed:\\n - {error_msg}.\".format(\n        pykwalify.errors.SchemaError: <SchemaError: error code 2: Schema validation failed:\n         - Cannot find required key 'PopulatedFRU'. Path: '/5'.\n         - Cannot find required key 'PopulatedFRU'. Path: '/6'.\n         - Cannot find required key 'PopulatedFRU'. Path: '/7'.\n         - Cannot find required key 'PopulatedFRU'. Path: '/8'.\n         - Cannot find required key 'PopulatedFRU'. Path: '/10'.\n         - Cannot find required key 'PopulatedFRU'. Path: '/11'.\n         - Cannot find required key 'PopulatedFRU'. Path: '/12'.\n         - Cannot find required key 'PopulatedFRU'. Path: '/14'.\n         - Cannot find required key 'PopulatedFRU'. Path: '/15'.\n         - Cannot find required key 'PopulatedFRU'. Path: '/16'.\n         - Cannot find required key 'PopulatedFRU'. Path: '/19'.\n         - Cannot find required key 'PopulatedFRU'. Path: '/20'.\n         - Cannot find required key 'PopulatedFRU'. Path: '/23'.\n         - Cannot find required key 'PopulatedFRU'. Path: '/28'.\n         - Cannot find required key 'PopulatedFRU'. Path: '/45'.\n         - Cannot find required key 'PopulatedFRU'. Path: '/46'.\n         - Cannot find required key 'PopulatedFRU'. Path: '/49'.\n         - Cannot find required key 'PopulatedFRU'. Path: '/51'.\n         - Cannot find required key 'PopulatedFRU'. Path: '/55'.\n         - Cannot find required key 'PopulatedFRU'. Path: '/57'.\n         - Cannot find required key 'PopulatedFRU'. Path: '/58'.\n         - Cannot find required key 'PopulatedFRU'. Path: '/60'.\n         - Cannot find required key 'PopulatedFRU'. Path: '/61'.\n         - Cannot find required key 'PopulatedFRU'. Path: '/62'.\n         - Cannot find required key 'PopulatedFRU'. Path: '/64'.\n         - Cannot find required key 'PopulatedFRU'. Path: '/66'.\n         - Cannot find required key 'PopulatedFRU'. Path: '/69'.\n         - Cannot find required key 'PopulatedFRU'. Path: '/71'.\n         - Cannot find required key 'PopulatedFRU'. Path: '/72'.\n         - Cannot find required key 'PopulatedFRU'. Path: '/73'.\n         - Cannot find required key 'PopulatedFRU'. Path: '/503'.\n         - Cannot find required key 'PopulatedFRU'. Path: '/507'.\n         - Cannot find required key 'PopulatedFRU'. Path: '/508'.\n         - Cannot find required key 'PopulatedFRU'. Path: '/509'.: Path: '/'>\n    \n        The above exception was the direct cause of the following exception:\n    \n        Traceback (most recent call last):\n          File \"/usr/lib/python3.9/site-packages/tavern/response/base.py\", line 152, in _maybe_run_validate_functions\n            vf(response)\n          File \"/usr/lib/python3.9/site-packages/tavern/util/extfunctions.py\", line 98, in inner\n            result = func(response, *args, **kwargs)\n          File \"/usr/lib/python3.9/site-packages/tavern/testutils/helpers.py\", line 103, in validate_pykwalify\n            verify_generic(to_verify, schema)\n          File \"/usr/lib/python3.9/site-packages/tavern/schemas/files.py\", line 109, in verify_generic\n            raise BadSchemaError() from e\n        tavern.util.exceptions.BadSchemaError","steps":[{"name":"Stage 0: hsmAPIinventoryHardwarePOSTcmmRectifier - Create a CMMRectifier Hardware Inventory entry using POST.","time":{"start":1710750611199,"stop":1710750611215,"duration":16},"status":"passed","steps":[],"attachments":[{"uid":"3e19a0b31225c73f","name":"stage_yaml","source":"3e19a0b31225c73f.yaml","type":"application/yaml","size":1257},{"uid":"e769d67070ae3197","name":"rest_request","source":"e769d67070ae3197.yaml","type":"application/yaml","size":779},{"uid":"853092f59a991a6f","name":"rest_response","source":"853092f59a991a6f.yaml","type":"application/yaml","size":191}],"parameters":[],"stepsCount":0,"attachmentsCount":3,"shouldDisplayMessage":false,"hasContent":true},{"name":"Stage 1: hsmAPIinventoryHardwareXnameGETcmmRectifier - Retrieve a CMMRectifier Hardware Inventory entry by xname using GET.","time":{"start":1710750611215,"stop":1710750611228,"duration":13},"status":"passed","steps":[],"attachments":[{"uid":"c928f3a1b920c6c0","name":"stage_yaml","source":"c928f3a1b920c6c0.yaml","type":"application/yaml","size":3659},{"uid":"790b14ac70b1017f","name":"rest_request","source":"790b14ac70b1017f.yaml","type":"application/yaml","size":138},{"uid":"6620e2df10663be9","name":"rest_response","source":"6620e2df10663be9.yaml","type":"application/yaml","size":741}],"parameters":[],"stepsCount":0,"attachmentsCount":3,"shouldDisplayMessage":false,"hasContent":true},{"name":"Stage 2: hsmAPIinventoryHardwarePOSTchassis - Create a Chassis Hardware Inventory entry using POST.","time":{"start":1710750611229,"stop":1710750611243,"duration":14},"status":"passed","steps":[],"attachments":[{"uid":"9e3e42b30baa107","name":"stage_yaml","source":"9e3e42b30baa107.yaml","type":"application/yaml","size":1204},{"uid":"37b249d2ca18fa53","name":"rest_request","source":"37b249d2ca18fa53.yaml","type":"application/yaml","size":731},{"uid":"af220bbdf9e133a6","name":"rest_response","source":"af220bbdf9e133a6.yaml","type":"application/yaml","size":191}],"parameters":[],"stepsCount":0,"attachmentsCount":3,"shouldDisplayMessage":false,"hasContent":true},{"name":"Stage 3: hsmAPIinventoryHardwareXnameGETchassis - Retrieve a Chassis Hardware Inventory entry by xname using GET.","time":{"start":1710750611244,"stop":1710750611258,"duration":14},"status":"passed","steps":[],"attachments":[{"uid":"b14d7db282eb2875","name":"stage_yaml","source":"b14d7db282eb2875.yaml","type":"application/yaml","size":3706},{"uid":"f4a95861f23f00da","name":"rest_request","source":"f4a95861f23f00da.yaml","type":"application/yaml","size":136},{"uid":"b33bdad9daf08ab0","name":"rest_response","source":"b33bdad9daf08ab0.yaml","type":"application/yaml","size":691}],"parameters":[],"stepsCount":0,"attachmentsCount":3,"shouldDisplayMessage":false,"hasContent":true},{"name":"Stage 4: hsmAPIinventoryHardwarePOSTcomputeModule - Create a ComputeModule Hardware Inventory entry using POST.","time":{"start":1710750611258,"stop":1710750611273,"duration":15},"status":"passed","steps":[],"attachments":[{"uid":"470f56bc2e120936","name":"stage_yaml","source":"470f56bc2e120936.yaml","type":"application/yaml","size":1201},{"uid":"c535048889f8d580","name":"rest_request","source":"c535048889f8d580.yaml","type":"application/yaml","size":722},{"uid":"bd32c39f43ddeac3","name":"rest_response","source":"bd32c39f43ddeac3.yaml","type":"application/yaml","size":191}],"parameters":[],"stepsCount":0,"attachmentsCount":3,"shouldDisplayMessage":false,"hasContent":true},{"name":"Stage 5: hsmAPIinventoryHardwareXnameGETcomputeModule - Retrieve a ComputeModule Hardware Inventory entry by xname using GET.","time":{"start":1710750611273,"stop":1710750611286,"duration":13},"status":"passed","steps":[],"attachments":[{"uid":"4e5f4f78bc8f746c","name":"stage_yaml","source":"4e5f4f78bc8f746c.yaml","type":"application/yaml","size":3705},{"uid":"4f34e5a8f5292500","name":"rest_request","source":"4f34e5a8f5292500.yaml","type":"application/yaml","size":138},{"uid":"633b3ca243c87f70","name":"rest_response","source":"633b3ca243c87f70.yaml","type":"application/yaml","size":682}],"parameters":[],"stepsCount":0,"attachmentsCount":3,"shouldDisplayMessage":false,"hasContent":true},{"name":"Stage 6: hsmAPIinventoryHardwarePOSThsnBoard - Create an HSNBoard Hardware Inventory entry using POST.","time":{"start":1710750611287,"stop":1710750611304,"duration":17},"status":"passed","steps":[],"attachments":[{"uid":"77d1c78a825eec35","name":"stage_yaml","source":"77d1c78a825eec35.yaml","type":"application/yaml","size":1268},{"uid":"3c2fe666da494d5c","name":"rest_request","source":"3c2fe666da494d5c.yaml","type":"application/yaml","size":792},{"uid":"3fab0a64b3805071","name":"rest_response","source":"3fab0a64b3805071.yaml","type":"application/yaml","size":191}],"parameters":[],"stepsCount":0,"attachmentsCount":3,"shouldDisplayMessage":false,"hasContent":true},{"name":"Stage 7: hsmAPIinventoryHardwareXnameGEThsnBoard - Retrieve an HSNBoard Hardware Inventory entry by xname using GET.","time":{"start":1710750611305,"stop":1710750611319,"duration":14},"status":"passed","steps":[],"attachments":[{"uid":"a64f2e17d11aefed","name":"stage_yaml","source":"a64f2e17d11aefed.yaml","type":"application/yaml","size":3774},{"uid":"949c4a89f6279f1c","name":"rest_request","source":"949c4a89f6279f1c.yaml","type":"application/yaml","size":140},{"uid":"18bf11798ce09df2","name":"rest_response","source":"18bf11798ce09df2.yaml","type":"application/yaml","size":752}],"parameters":[],"stepsCount":0,"attachmentsCount":3,"shouldDisplayMessage":false,"hasContent":true},{"name":"Stage 8: hsmAPIinventoryHardwarePOSTmemory - Create a Memory Hardware Inventory entry using POST.","time":{"start":1710750611320,"stop":1710750611335,"duration":15},"status":"passed","steps":[],"attachments":[{"uid":"112bd7fa61dc4d56","name":"stage_yaml","source":"112bd7fa61dc4d56.yaml","type":"application/yaml","size":1405},{"uid":"ec939f93416fa1eb","name":"rest_request","source":"ec939f93416fa1eb.yaml","type":"application/yaml","size":993},{"uid":"d492f8bacd9f1769","name":"rest_response","source":"d492f8bacd9f1769.yaml","type":"application/yaml","size":191}],"parameters":[],"stepsCount":0,"attachmentsCount":3,"shouldDisplayMessage":false,"hasContent":true},{"name":"Stage 9: hsmAPIinventoryHardwareXnameGETmemory - Retrieve a Memory Hardware Inventory entry by xname using GET.","time":{"start":1710750611336,"stop":1710750611351,"duration":15},"status":"passed","steps":[],"attachments":[{"uid":"113cc106553b2a64","name":"stage_yaml","source":"113cc106553b2a64.yaml","type":"application/yaml","size":5172},{"uid":"987282e8f01278b4","name":"rest_request","source":"987282e8f01278b4.yaml","type":"application/yaml","size":144},{"uid":"33f9950d426875ba","name":"rest_response","source":"33f9950d426875ba.yaml","type":"application/yaml","size":935}],"parameters":[],"stepsCount":0,"attachmentsCount":3,"shouldDisplayMessage":false,"hasContent":true},{"name":"Stage 10: hsmAPIinventoryHardwarePOSTnodeBMC - Create a NodeBMC Hardware Inventory entry using POST.","time":{"start":1710750611352,"stop":1710750611367,"duration":15},"status":"passed","steps":[],"attachments":[{"uid":"fe24c7a85977c9b9","name":"stage_yaml","source":"fe24c7a85977c9b9.yaml","type":"application/yaml","size":1220},{"uid":"f71c510be9babf24","name":"rest_request","source":"f71c510be9babf24.yaml","type":"application/yaml","size":749},{"uid":"f7b6d43705da8aa4","name":"rest_response","source":"f7b6d43705da8aa4.yaml","type":"application/yaml","size":191}],"parameters":[],"stepsCount":0,"attachmentsCount":3,"shouldDisplayMessage":false,"hasContent":true},{"name":"Stage 11: hsmAPIinventoryHardwareXnameGETnodeBMC - Retrieve a NodeBMC Hardware Inventory entry by xname using GET.","time":{"start":1710750611367,"stop":1710750611382,"duration":15},"status":"passed","steps":[],"attachments":[{"uid":"975b401f105884bc","name":"stage_yaml","source":"975b401f105884bc.yaml","type":"application/yaml","size":3686},{"uid":"f09e2a9ea0279f15","name":"rest_request","source":"f09e2a9ea0279f15.yaml","type":"application/yaml","size":140},{"uid":"f26ec2969650603a","name":"rest_response","source":"f26ec2969650603a.yaml","type":"application/yaml","size":709}],"parameters":[],"stepsCount":0,"attachmentsCount":3,"shouldDisplayMessage":false,"hasContent":true},{"name":"Stage 12: hsmAPIinventoryHardwarePOSTnodeEnclosure - Create a NodeEnclosure Hardware Inventory entry using POST.","time":{"start":1710750611382,"stop":1710750611396,"duration":14},"status":"passed","steps":[],"attachments":[{"uid":"197d152e385e44e6","name":"stage_yaml","source":"197d152e385e44e6.yaml","type":"application/yaml","size":1262},{"uid":"22c5571a056f1f31","name":"rest_request","source":"22c5571a056f1f31.yaml","type":"application/yaml","size":777},{"uid":"cd16e7ef5f37089b","name":"rest_response","source":"cd16e7ef5f37089b.yaml","type":"application/yaml","size":191}],"parameters":[],"stepsCount":0,"attachmentsCount":3,"shouldDisplayMessage":false,"hasContent":true},{"name":"Stage 13: hsmAPIinventoryHardwareXnameGETnodeEnclosure - Retrieve a NodeEnclosure Hardware Inventory entry by xname using GET.","time":{"start":1710750611396,"stop":1710750611410,"duration":14},"status":"passed","steps":[],"attachments":[{"uid":"3ebaca9986c7c5c9","name":"stage_yaml","source":"3ebaca9986c7c5c9.yaml","type":"application/yaml","size":3768},{"uid":"14e5cc21c1390647","name":"rest_request","source":"14e5cc21c1390647.yaml","type":"application/yaml","size":140},{"uid":"4618799213dec4b2","name":"rest_response","source":"4618799213dec4b2.yaml","type":"application/yaml","size":737}],"parameters":[],"stepsCount":0,"attachmentsCount":3,"shouldDisplayMessage":false,"hasContent":true},{"name":"Stage 14: hsmAPIinventoryHardwarePOSTnodeHsnNic - Create a NodeHsnNic Hardware Inventory entry using POST.","time":{"start":1710750611410,"stop":1710750611424,"duration":14},"status":"passed","steps":[],"attachments":[{"uid":"f8d0a6913c9288fd","name":"stage_yaml","source":"f8d0a6913c9288fd.yaml","type":"application/yaml","size":1198},{"uid":"ca658c1c0aa98992","name":"rest_request","source":"ca658c1c0aa98992.yaml","type":"application/yaml","size":697},{"uid":"cf2cac40d7812c7e","name":"rest_response","source":"cf2cac40d7812c7e.yaml","type":"application/yaml","size":191}],"parameters":[],"stepsCount":0,"attachmentsCount":3,"shouldDisplayMessage":false,"hasContent":true},{"name":"Stage 15: hsmAPIinventoryHardwareXnameGETnodeHsnNic - Retrieve a NodeHsnNic Hardware Inventory entry by xname using GET.","time":{"start":1710750611424,"stop":1710750611437,"duration":13},"status":"passed","steps":[],"attachments":[{"uid":"c97fc15d767f7236","name":"stage_yaml","source":"c97fc15d767f7236.yaml","type":"application/yaml","size":3160},{"uid":"448fa44a3f19577f","name":"rest_request","source":"448fa44a3f19577f.yaml","type":"application/yaml","size":144},{"uid":"74f995074c8e6bad","name":"rest_response","source":"74f995074c8e6bad.yaml","type":"application/yaml","size":665}],"parameters":[],"stepsCount":0,"attachmentsCount":3,"shouldDisplayMessage":false,"hasContent":true},{"name":"Stage 16: hsmAPIinventoryHardwarePOSTnodeCreate - Create a Node Hardware Inventory entry using POST.","time":{"start":1710750611438,"stop":1710750611453,"duration":15},"status":"passed","steps":[],"attachments":[{"uid":"5aa51982fd3b0280","name":"stage_yaml","source":"5aa51982fd3b0280.yaml","type":"application/yaml","size":1354},{"uid":"8a992e1ef9f7be2d","name":"rest_request","source":"8a992e1ef9f7be2d.yaml","type":"application/yaml","size":918},{"uid":"525b678adc0dc654","name":"rest_response","source":"525b678adc0dc654.yaml","type":"application/yaml","size":191}],"parameters":[],"stepsCount":0,"attachmentsCount":3,"shouldDisplayMessage":false,"hasContent":true},{"name":"Stage 17: hsmAPIinventoryHardwareXnameGETnodeCreate - Retrieve a Node Hardware Inventory entry by xname using GET.","time":{"start":1710750611454,"stop":1710750611469,"duration":15},"status":"passed","steps":[],"attachments":[{"uid":"a7d4a714d7c7c2a6","name":"stage_yaml","source":"a7d4a714d7c7c2a6.yaml","type":"application/yaml","size":4772},{"uid":"e702456441cba1f2","name":"rest_request","source":"e702456441cba1f2.yaml","type":"application/yaml","size":142},{"uid":"50e87fa657738eb8","name":"rest_response","source":"50e87fa657738eb8.yaml","type":"application/yaml","size":862}],"parameters":[],"stepsCount":0,"attachmentsCount":3,"shouldDisplayMessage":false,"hasContent":true},{"name":"Stage 18: hsmAPIinventoryHardwarePOSTnodeUpdate - Update a Node Hardware Inventory entry using POST.","time":{"start":1710750611470,"stop":1710750611484,"duration":14},"status":"passed","steps":[],"attachments":[{"uid":"aca09662ac5a572d","name":"stage_yaml","source":"aca09662ac5a572d.yaml","type":"application/yaml","size":1393},{"uid":"814fc4438995922d","name":"rest_request","source":"814fc4438995922d.yaml","type":"application/yaml","size":953},{"uid":"f21bcf68cf492a1","name":"rest_response","source":"f21bcf68cf492a1.yaml","type":"application/yaml","size":191}],"parameters":[],"stepsCount":0,"attachmentsCount":3,"shouldDisplayMessage":false,"hasContent":true},{"name":"Stage 19: hsmAPIinventoryHardwareXnameGETnodeUpdate - Retrieve an updated Node Hardware Inventory entry by xname using GET.","time":{"start":1710750611484,"stop":1710750611500,"duration":16},"status":"passed","steps":[],"attachments":[{"uid":"d23fc6eb29113ab1","name":"stage_yaml","source":"d23fc6eb29113ab1.yaml","type":"application/yaml","size":4820},{"uid":"e18b7794035b5723","name":"rest_request","source":"e18b7794035b5723.yaml","type":"application/yaml","size":142},{"uid":"f4e1538584197f62","name":"rest_response","source":"f4e1538584197f62.yaml","type":"application/yaml","size":897}],"parameters":[],"stepsCount":0,"attachmentsCount":3,"shouldDisplayMessage":false,"hasContent":true},{"name":"Stage 20: hsmAPIinventoryHardwarePOSTprocessor - Create a Processor Hardware Inventory entry using POST.","time":{"start":1710750611500,"stop":1710750611516,"duration":16},"status":"passed","steps":[],"attachments":[{"uid":"9620ef5e10da750f","name":"stage_yaml","source":"9620ef5e10da750f.yaml","type":"application/yaml","size":1505},{"uid":"e2db45316c08a2e7","name":"rest_request","source":"e2db45316c08a2e7.yaml","type":"application/yaml","size":1115},{"uid":"9a7c0151a7bbf1b3","name":"rest_response","source":"9a7c0151a7bbf1b3.yaml","type":"application/yaml","size":191}],"parameters":[],"stepsCount":0,"attachmentsCount":3,"shouldDisplayMessage":false,"hasContent":true},{"name":"Stage 21: hsmAPIinventoryHardwareXnameGETprocessor - Retrieve a Processor Hardware Inventory entry by xname using GET.","time":{"start":1710750611517,"stop":1710750611532,"duration":15},"status":"passed","steps":[],"attachments":[{"uid":"f7f6ea843294f8c6","name":"stage_yaml","source":"f7f6ea843294f8c6.yaml","type":"application/yaml","size":5555},{"uid":"f4accbb76894fae7","name":"rest_request","source":"f4accbb76894fae7.yaml","type":"application/yaml","size":144},{"uid":"19ea35bae03a3022","name":"rest_response","source":"19ea35bae03a3022.yaml","type":"application/yaml","size":1053}],"parameters":[],"stepsCount":0,"attachmentsCount":3,"shouldDisplayMessage":false,"hasContent":true},{"name":"Stage 22: hsmAPIinventoryHardwarePOSTrouterBMC - Create a RouterBMC Hardware Inventory entry using POST.","time":{"start":1710750611533,"stop":1710750611547,"duration":14},"status":"passed","steps":[],"attachments":[{"uid":"bd4eaa63e3d62f34","name":"stage_yaml","source":"bd4eaa63e3d62f34.yaml","type":"application/yaml","size":1226},{"uid":"148f74747f65400d","name":"rest_request","source":"148f74747f65400d.yaml","type":"application/yaml","size":753},{"uid":"227a27eaa75305d4","name":"rest_response","source":"227a27eaa75305d4.yaml","type":"application/yaml","size":191}],"parameters":[],"stepsCount":0,"attachmentsCount":3,"shouldDisplayMessage":false,"hasContent":true},{"name":"Stage 23: hsmAPIinventoryHardwareXnameGETrouterBMC - Retrieve a RouterBMC Hardware Inventory entry by xname using GET.","time":{"start":1710750611548,"stop":1710750611557,"duration":9},"status":"passed","steps":[],"attachments":[{"uid":"c64041370bfb4cc5","name":"stage_yaml","source":"c64041370bfb4cc5.yaml","type":"application/yaml","size":272},{"uid":"d73952993ec69a76","name":"rest_request","source":"d73952993ec69a76.yaml","type":"application/yaml","size":140},{"uid":"f82e933ffdfd36be","name":"rest_response","source":"f82e933ffdfd36be.yaml","type":"application/yaml","size":713}],"parameters":[],"stepsCount":0,"attachmentsCount":3,"shouldDisplayMessage":false,"hasContent":true},{"name":"Stage 24: hsmAPIinventoryHardwarePOSTrouterModule - Create a RouterModule Hardware Inventory entry using POST.","time":{"start":1710750611558,"stop":1710750611572,"duration":14},"status":"passed","steps":[],"attachments":[{"uid":"6a75b3e9aac8c538","name":"stage_yaml","source":"6a75b3e9aac8c538.yaml","type":"application/yaml","size":1193},{"uid":"ed6784fccdc5621","name":"rest_request","source":"ed6784fccdc5621.yaml","type":"application/yaml","size":716},{"uid":"a43c47c49117cfd2","name":"rest_response","source":"a43c47c49117cfd2.yaml","type":"application/yaml","size":191}],"parameters":[],"stepsCount":0,"attachmentsCount":3,"shouldDisplayMessage":false,"hasContent":true},{"name":"Stage 25: hsmAPIinventoryHardwareXnameGETrouterModule - Retrieve a RouterModule Hardware Inventory entry by xname using GET.","time":{"start":1710750611573,"stop":1710750611586,"duration":13},"status":"passed","steps":[],"attachments":[{"uid":"69ebd247f03d7acc","name":"stage_yaml","source":"69ebd247f03d7acc.yaml","type":"application/yaml","size":3697},{"uid":"a0bc50c94f140951","name":"rest_request","source":"a0bc50c94f140951.yaml","type":"application/yaml","size":138},{"uid":"96721b4c2f515c4d","name":"rest_response","source":"96721b4c2f515c4d.yaml","type":"application/yaml","size":676}],"parameters":[],"stepsCount":0,"attachmentsCount":3,"shouldDisplayMessage":false,"hasContent":true},{"name":"Stage 26: hsmAPIinventoryHardwareGET - Retrieve multiple Hardware Inventory entries using GET.","time":{"start":1710750611587,"stop":1710750613497,"duration":1910},"status":"failed","statusMessage":"tavern.util.exceptions.TestFailError: Test 'hsmAPIinventoryHardwareGET - Retrieve multiple Hardware Inventory entries using GET.' failed:\n- Error calling validate function '<function validate_pykwalify at 0x7f0a58a6ae50>':\n    Traceback (most recent call last):\n      File \"/usr/lib/python3.9/site-packages/tavern/schemas/files.py\", line 106, in verify_generic\n        verifier.validate()\n      File \"/usr/lib/python3.9/site-packages/pykwalify/core.py\", line 194, in validate\n        raise SchemaError(u\"Schema validation failed:\\n - {error_msg}.\".format(\n    pykwalify.errors.SchemaError: <SchemaError: error code 2: Schema validation failed:\n     - Cannot find required key 'PopulatedFRU'. Path: '/5'.\n     - Cannot find required key 'PopulatedFRU'. Path: '/6'.\n     - Cannot find required key 'PopulatedFRU'. Path: '/7'.\n     - Cannot find required key 'PopulatedFRU'. Path: '/8'.\n     - Cannot find required key 'PopulatedFRU'. Path: '/10'.\n     - Cannot find required key 'PopulatedFRU'. Path: '/11'.\n     - Cannot find required key 'PopulatedFRU'. Path: '/12'.\n     - Cannot find required key 'PopulatedFRU'. Path: '/14'.\n     - Cannot find required key 'PopulatedFRU'. Path: '/15'.\n     - Cannot find required key 'PopulatedFRU'. Path: '/16'.\n     - Cannot find required key 'PopulatedFRU'. Path: '/19'.\n     - Cannot find required key 'PopulatedFRU'. Path: '/20'.\n     - Cannot find required key 'PopulatedFRU'. Path: '/23'.\n     - Cannot find required key 'PopulatedFRU'. Path: '/28'.\n     - Cannot find required key 'PopulatedFRU'. Path: '/45'.\n     - Cannot find required key 'PopulatedFRU'. Path: '/46'.\n     - Cannot find required key 'PopulatedFRU'. Path: '/49'.\n     - Cannot find required key 'PopulatedFRU'. Path: '/51'.\n     - Cannot find required key 'PopulatedFRU'. Path: '/55'.\n     - Cannot find required key 'PopulatedFRU'. Path: '/57'.\n     - Cannot find required key 'PopulatedFRU'. Path: '/58'.\n     - Cannot find required key 'PopulatedFRU'. Path: '/60'.\n     - Cannot find required key 'PopulatedFRU'. Path: '/61'.\n     - Cannot find required key 'PopulatedFRU'. Path: '/62'.\n     - Cannot find required key 'PopulatedFRU'. Path: '/64'.\n     - Cannot find required key 'PopulatedFRU'. Path: '/66'.\n     - Cannot find required key 'PopulatedFRU'. Path: '/69'.\n     - Cannot find required key 'PopulatedFRU'. Path: '/71'.\n     - Cannot find required key 'PopulatedFRU'. Path: '/72'.\n     - Cannot find required key 'PopulatedFRU'. Path: '/73'.\n     - Cannot find required key 'PopulatedFRU'. Path: '/503'.\n     - Cannot find required key 'PopulatedFRU'. Path: '/507'.\n     - Cannot find required key 'PopulatedFRU'. Path: '/508'.\n     - Cannot find required key 'PopulatedFRU'. Path: '/509'.: Path: '/'>\n\n    The above exception was the direct cause of the following exception:\n\n    Traceback (most recent call last):\n      File \"/usr/lib/python3.9/site-packages/tavern/response/base.py\", line 152, in _maybe_run_validate_functions\n        vf(response)\n      File \"/usr/lib/python3.9/site-packages/tavern/util/extfunctions.py\", line 98, in inner\n        result = func(response, *args, **kwargs)\n      File \"/usr/lib/python3.9/site-packages/tavern/testutils/helpers.py\", line 103, in validate_pykwalify\n        verify_generic(to_verify, schema)\n      File \"/usr/lib/python3.9/site-packages/tavern/schemas/files.py\", line 109, in verify_generic\n        raise BadSchemaError() from e\n    tavern.util.exceptions.BadSchemaError\n\n","statusTrace":"  File \"/usr/lib/python3.9/site-packages/allure_commons/_allure.py\", line 192, in impl\n    return func(*a, **kw)\n  File \"/usr/lib/python3.9/site-packages/tavern/util/retry.py\", line 31, in wrapped\n    res = fn(*args, **kwargs)\n  File \"/usr/lib/python3.9/site-packages/tavern/core.py\", line 270, in run_stage\n    saved = v.verify(response)\n  File \"/usr/lib/python3.9/site-packages/tavern/_plugins/rest/response.py\", line 201, in verify\n    raise exceptions.TestFailError(\n","steps":[],"attachments":[{"uid":"54280218be367b06","name":"stage_yaml","source":"54280218be367b06.yaml","type":"application/yaml","size":1437},{"uid":"44788fdeb9034dad","name":"rest_request","source":"44788fdeb9034dad.yaml","type":"application/yaml","size":128},{"uid":"a837b9da7285131f","name":"rest_response","source":"a837b9da7285131f.yaml","type":"application/yaml","size":579275}],"parameters":[],"stepsCount":0,"attachmentsCount":3,"shouldDisplayMessage":true,"hasContent":true}],"attachments":[{"uid":"4b8dce6ebdd2df44","name":"error_output","source":"4b8dce6ebdd2df44.attach","type":"text/plain","size":6714},{"uid":"3dda450f485da0c7","name":"log","source":"3dda450f485da0c7.txt","type":"text/plain","size":582663}],"parameters":[],"stepsCount":27,"attachmentsCount":83,"shouldDisplayMessage":true,"hasContent":true},"afterStages":[],"labels":[{"name":"parentSuite","value":"cray-smd-hmth-test"},{"name":"suite","value":"disruptive"},{"name":"host","value":"c65b7668f982"},{"name":"thread","value":"8-MainThread"},{"name":"framework","value":"pytest"},{"name":"language","value":"cpython3"},{"name":"package","value":"api.2-disruptive.test_hardware.tavern"},{"name":"resultFormat","value":"allure2"}],"parameters":[],"links":[],"hidden":false,"retry":false,"extra":{"severity":"normal","retries":[],"categories":[{"name":"Product defects","matchedStatuses":[],"flaky":false}],"history":{"statistic":{"failed":360,"broken":0,"skipped":0,"passed":0,"unknown":0,"total":360},"items":[{"uid":"2d482e730c6a9da8","status":"failed","statusDetails":"tavern.util.exceptions.TestFailError: Test 'hsmAPIinventoryHardwareGET - Retrieve multiple Hardware Inventory entries using GET.' failed:\n- Error calling validate function '<function validate_pykwalify at 0x7602a8840e50>':\n    Traceback (most recent call last):\n      File \"/usr/lib/python3.9/site-packages/tavern/schemas/files.py\", line 106, in verify_generic\n        verifier.validate()\n      File \"/usr/lib/python3.9/site-packages/pykwalify/core.py\", line 194, in validate\n        raise SchemaError(u\"Schema validation failed:\\n - {error_msg}.\".format(\n    pykwalify.errors.SchemaError: <SchemaError: error code 2: Schema validation failed:\n     - Cannot find required key 'PopulatedFRU'. Path: '/5'.\n     - Cannot find required key 'PopulatedFRU'. Path: '/6'.\n     - Cannot find required key 'PopulatedFRU'. Path: '/9'.\n     - Cannot find required key 'PopulatedFRU'. Path: '/10'.\n     - Cannot find required key 'PopulatedFRU'. Path: '/12'.\n     - Cannot find required key 'PopulatedFRU'. Path: '/13'.\n     - Cannot find required key 'PopulatedFRU'. Path: '/15'.\n     - Cannot find required key 'PopulatedFRU'. Path: '/16'.\n     - Cannot find required key 'PopulatedFRU'. Path: '/17'.\n     - Cannot find required key 'PopulatedFRU'. Path: '/18'.\n     - Cannot find required key 'PopulatedFRU'. Path: '/19'.\n     - Cannot find required key 'PopulatedFRU'. Path: '/20'.\n     - Cannot find required key 'PopulatedFRU'. Path: '/23'.\n     - Cannot find required key 'PopulatedFRU'. Path: '/24'.\n     - Cannot find required key 'PopulatedFRU'. Path: '/48'.\n     - Cannot find required key 'PopulatedFRU'. Path: '/49'.\n     - Cannot find required key 'PopulatedFRU'. Path: '/50'.\n     - Cannot find required key 'PopulatedFRU'. Path: '/51'.\n     - Cannot find required key 'PopulatedFRU'. Path: '/52'.\n     - Cannot find required key 'PopulatedFRU'. Path: '/54'.\n     - Cannot find required key 'PopulatedFRU'. Path: '/56'.\n     - Cannot find required key 'PopulatedFRU'. Path: '/57'.\n     - Cannot find required key 'PopulatedFRU'. Path: '/58'.\n     - Cannot find required key 'PopulatedFRU'. Path: '/59'.\n     - Cannot find required key 'PopulatedFRU'. Path: '/61'.\n     - Cannot find required key 'PopulatedFRU'. Path: '/62'.\n     - Cannot find required key 'PopulatedFRU'. Path: '/64'.\n     - Cannot find required key 'PopulatedFRU'. Path: '/65'.\n     - Cannot find required key 'PopulatedFRU'. Path: '/66'.\n     - Cannot find required key 'PopulatedFRU'. Path: '/72'.\n     - Cannot find required key 'PopulatedFRU'. Path: '/541'.\n     - Cannot find required key 'PopulatedFRU'. Path: '/550'.\n     - Cannot find required key 'PopulatedFRU'. Path: '/553'.\n     - Cannot find required key 'PopulatedFRU'. Path: '/554'.: Path: '/'>\n\n    The above exception was the direct cause of the following exception:\n\n    Traceback (most recent call last):\n      File \"/usr/lib/python3.9/site-packages/tavern/response/base.py\", line 152, in _maybe_run_validate_functions\n        vf(response)\n      File \"/usr/lib/python3.9/site-packages/tavern/util/extfunctions.py\", line 98, in inner\n        result = func(response, *args, **kwargs)\n      File \"/usr/lib/python3.9/site-packages/tavern/testutils/helpers.py\", line 103, in validate_pykwalify\n        verify_generic(to_verify, schema)\n      File \"/usr/lib/python3.9/site-packages/tavern/schemas/files.py\", line 109, in verify_generic\n        raise BadSchemaError() from e\n    tavern.util.exceptions.BadSchemaError","time":{"start":1710663994951,"stop":1710663997261,"duration":2310}},{"uid":"bca98c85d95a1c73","status":"failed","statusDetails":"tavern.util.exceptions.TestFailError: Test 'hsmAPIinventoryHardwareGET - Retrieve multiple Hardware Inventory entries using GET.' failed:\n- Error calling validate function '<function validate_pykwalify at 0x79047850ee50>':\n    Traceback (most recent call last):\n      File \"/usr/lib/python3.9/site-packages/tavern/schemas/files.py\", line 106, in verify_generic\n        verifier.validate()\n      File \"/usr/lib/python3.9/site-packages/pykwalify/core.py\", line 194, in validate\n        raise SchemaError(u\"Schema validation failed:\\n - {error_msg}.\".format(\n    pykwalify.errors.SchemaError: <SchemaError: error code 2: Schema validation failed:\n     - Cannot find required key 'PopulatedFRU'. Path: '/5'.\n     - Cannot find required key 'PopulatedFRU'. Path: '/7'.\n     - Cannot find required key 'PopulatedFRU'. Path: '/9'.\n     - Cannot find required key 'PopulatedFRU'. Path: '/10'.\n     - Cannot find required key 'PopulatedFRU'. Path: '/11'.\n     - Cannot find required key 'PopulatedFRU'. Path: '/12'.\n     - Cannot find required key 'PopulatedFRU'. Path: '/13'.\n     - Cannot find required key 'PopulatedFRU'. Path: '/14'.\n     - Cannot find required key 'PopulatedFRU'. Path: '/16'.\n     - Cannot find required key 'PopulatedFRU'. Path: '/18'.\n     - Cannot find required key 'PopulatedFRU'. Path: '/19'.\n     - Cannot find required key 'PopulatedFRU'. Path: '/20'.\n     - Cannot find required key 'PopulatedFRU'. Path: '/24'.\n     - Cannot find required key 'PopulatedFRU'. Path: '/25'.\n     - Cannot find required key 'PopulatedFRU'. Path: '/45'.\n     - Cannot find required key 'PopulatedFRU'. Path: '/47'.\n     - Cannot find required key 'PopulatedFRU'. Path: '/50'.\n     - Cannot find required key 'PopulatedFRU'. Path: '/51'.\n     - Cannot find required key 'PopulatedFRU'. Path: '/53'.\n     - Cannot find required key 'PopulatedFRU'. Path: '/54'.\n     - Cannot find required key 'PopulatedFRU'. Path: '/55'.\n     - Cannot find required key 'PopulatedFRU'. Path: '/57'.\n     - Cannot find required key 'PopulatedFRU'. Path: '/59'.\n     - Cannot find required key 'PopulatedFRU'. Path: '/61'.\n     - Cannot find required key 'PopulatedFRU'. Path: '/62'.\n     - Cannot find required key 'PopulatedFRU'. Path: '/63'.\n     - Cannot find required key 'PopulatedFRU'. Path: '/65'.\n     - Cannot find required key 'PopulatedFRU'. Path: '/66'.\n     - Cannot find required key 'PopulatedFRU'. Path: '/67'.\n     - Cannot find required key 'PopulatedFRU'. Path: '/74'.\n     - Cannot find required key 'PopulatedFRU'. Path: '/418'.\n     - Cannot find required key 'PopulatedFRU'. Path: '/422'.\n     - Cannot find required key 'PopulatedFRU'. Path: '/427'.\n     - Cannot find required key 'PopulatedFRU'. Path: '/436'.: Path: '/'>\n\n    The above exception was the direct cause of the following exception:\n\n    Traceback (most recent call last):\n      File \"/usr/lib/python3.9/site-packages/tavern/response/base.py\", line 152, in _maybe_run_validate_functions\n        vf(response)\n      File \"/usr/lib/python3.9/site-packages/tavern/util/extfunctions.py\", line 98, in inner\n        result = func(response, *args, **kwargs)\n      File \"/usr/lib/python3.9/site-packages/tavern/testutils/helpers.py\", line 103, in validate_pykwalify\n        verify_generic(to_verify, schema)\n      File \"/usr/lib/python3.9/site-packages/tavern/schemas/files.py\", line 109, in verify_generic\n        raise BadSchemaError() from e\n    tavern.util.exceptions.BadSchemaError","time":{"start":1710577735814,"stop":1710577738051,"duration":2237}},{"uid":"a442734c7a45be32","status":"failed","statusDetails":"tavern.util.exceptions.TestFailError: Test 'hsmAPIinventoryHardwareGET - Retrieve multiple Hardware Inventory entries using GET.' failed:\n- Error calling validate function '<function validate_pykwalify at 0x7580d6a91e50>':\n    Traceback (most recent call last):\n      File \"/usr/lib/python3.9/site-packages/tavern/schemas/files.py\", line 106, in verify_generic\n        verifier.validate()\n      File \"/usr/lib/python3.9/site-packages/pykwalify/core.py\", line 194, in validate\n        raise SchemaError(u\"Schema validation failed:\\n - {error_msg}.\".format(\n    pykwalify.errors.SchemaError: <SchemaError: error code 2: Schema validation failed:\n     - Cannot find required key 'PopulatedFRU'. Path: '/6'.\n     - Cannot find required key 'PopulatedFRU'. Path: '/7'.\n     - Cannot find required key 'PopulatedFRU'. Path: '/10'.\n     - Cannot find required key 'PopulatedFRU'. Path: '/11'.\n     - Cannot find required key 'PopulatedFRU'. Path: '/12'.\n     - Cannot find required key 'PopulatedFRU'. Path: '/14'.\n     - Cannot find required key 'PopulatedFRU'. Path: '/15'.\n     - Cannot find required key 'PopulatedFRU'. Path: '/16'.\n     - Cannot find required key 'PopulatedFRU'. Path: '/17'.\n     - Cannot find required key 'PopulatedFRU'. Path: '/18'.\n     - Cannot find required key 'PopulatedFRU'. Path: '/19'.\n     - Cannot find required key 'PopulatedFRU'. Path: '/20'.\n     - Cannot find required key 'PopulatedFRU'. Path: '/23'.\n     - Cannot find required key 'PopulatedFRU'. Path: '/28'.\n     - Cannot find required key 'PopulatedFRU'. Path: '/44'.\n     - Cannot find required key 'PopulatedFRU'. Path: '/47'.\n     - Cannot find required key 'PopulatedFRU'. Path: '/48'.\n     - Cannot find required key 'PopulatedFRU'. Path: '/51'.\n     - Cannot find required key 'PopulatedFRU'. Path: '/54'.\n     - Cannot find required key 'PopulatedFRU'. Path: '/56'.\n     - Cannot find required key 'PopulatedFRU'. Path: '/58'.\n     - Cannot find required key 'PopulatedFRU'. Path: '/59'.\n     - Cannot find required key 'PopulatedFRU'. Path: '/60'.\n     - Cannot find required key 'PopulatedFRU'. Path: '/61'.\n     - Cannot find required key 'PopulatedFRU'. Path: '/62'.\n     - Cannot find required key 'PopulatedFRU'. Path: '/63'.\n     - Cannot find required key 'PopulatedFRU'. Path: '/64'.\n     - Cannot find required key 'PopulatedFRU'. Path: '/65'.\n     - Cannot find required key 'PopulatedFRU'. Path: '/67'.\n     - Cannot find required key 'PopulatedFRU'. Path: '/68'.\n     - Cannot find required key 'PopulatedFRU'. Path: '/72'.\n     - Cannot find required key 'PopulatedFRU'. Path: '/307'.\n     - Cannot find required key 'PopulatedFRU'. Path: '/575'.\n     - Cannot find required key 'PopulatedFRU'. Path: '/577'.: Path: '/'>\n\n    The above exception was the direct cause of the following exception:\n\n    Traceback (most recent call last):\n      File \"/usr/lib/python3.9/site-packages/tavern/response/base.py\", line 152, in _maybe_run_validate_functions\n        vf(response)\n      File \"/usr/lib/python3.9/site-packages/tavern/util/extfunctions.py\", line 98, in inner\n        result = func(response, *args, **kwargs)\n      File \"/usr/lib/python3.9/site-packages/tavern/testutils/helpers.py\", line 103, in validate_pykwalify\n        verify_generic(to_verify, schema)\n      File \"/usr/lib/python3.9/site-packages/tavern/schemas/files.py\", line 109, in verify_generic\n        raise BadSchemaError() from e\n    tavern.util.exceptions.BadSchemaError","time":{"start":1710491331165,"stop":1710491333439,"duration":2274}},{"uid":"1d325bb6c5e9d7ab","status":"failed","statusDetails":"tavern.util.exceptions.TestFailError: Test 'hsmAPIinventoryHardwareGET - Retrieve multiple Hardware Inventory entries using GET.' failed:\n- Error calling validate function '<function validate_pykwalify at 0x7e206888be50>':\n    Traceback (most recent call last):\n      File \"/usr/lib/python3.9/site-packages/tavern/schemas/files.py\", line 106, in verify_generic\n        verifier.validate()\n      File \"/usr/lib/python3.9/site-packages/pykwalify/core.py\", line 194, in validate\n        raise SchemaError(u\"Schema validation failed:\\n - {error_msg}.\".format(\n    pykwalify.errors.SchemaError: <SchemaError: error code 2: Schema validation failed:\n     - Cannot find required key 'PopulatedFRU'. Path: '/5'.\n     - Cannot find required key 'PopulatedFRU'. Path: '/6'.\n     - Cannot find required key 'PopulatedFRU'. Path: '/7'.\n     - Cannot find required key 'PopulatedFRU'. Path: '/10'.\n     - Cannot find required key 'PopulatedFRU'. Path: '/11'.\n     - Cannot find required key 'PopulatedFRU'. Path: '/12'.\n     - Cannot find required key 'PopulatedFRU'. Path: '/13'.\n     - Cannot find required key 'PopulatedFRU'. Path: '/14'.\n     - Cannot find required key 'PopulatedFRU'. Path: '/15'.\n     - Cannot find required key 'PopulatedFRU'. Path: '/16'.\n     - Cannot find required key 'PopulatedFRU'. Path: '/18'.\n     - Cannot find required key 'PopulatedFRU'. Path: '/19'.\n     - Cannot find required key 'PopulatedFRU'. Path: '/23'.\n     - Cannot find required key 'PopulatedFRU'. Path: '/28'.\n     - Cannot find required key 'PopulatedFRU'. Path: '/44'.\n     - Cannot find required key 'PopulatedFRU'. Path: '/46'.\n     - Cannot find required key 'PopulatedFRU'. Path: '/47'.\n     - Cannot find required key 'PopulatedFRU'. Path: '/48'.\n     - Cannot find required key 'PopulatedFRU'. Path: '/52'.\n     - Cannot find required key 'PopulatedFRU'. Path: '/53'.\n     - Cannot find required key 'PopulatedFRU'. Path: '/55'.\n     - Cannot find required key 'PopulatedFRU'. Path: '/56'.\n     - Cannot find required key 'PopulatedFRU'. Path: '/57'.\n     - Cannot find required key 'PopulatedFRU'. Path: '/60'.\n     - Cannot find required key 'PopulatedFRU'. Path: '/61'.\n     - Cannot find required key 'PopulatedFRU'. Path: '/67'.\n     - Cannot find required key 'PopulatedFRU'. Path: '/68'.\n     - Cannot find required key 'PopulatedFRU'. Path: '/70'.\n     - Cannot find required key 'PopulatedFRU'. Path: '/72'.\n     - Cannot find required key 'PopulatedFRU'. Path: '/73'.\n     - Cannot find required key 'PopulatedFRU'. Path: '/613'.\n     - Cannot find required key 'PopulatedFRU'. Path: '/617'.\n     - Cannot find required key 'PopulatedFRU'. Path: '/620'.\n     - Cannot find required key 'PopulatedFRU'. Path: '/622'.: Path: '/'>\n\n    The above exception was the direct cause of the following exception:\n\n    Traceback (most recent call last):\n      File \"/usr/lib/python3.9/site-packages/tavern/response/base.py\", line 152, in _maybe_run_validate_functions\n        vf(response)\n      File \"/usr/lib/python3.9/site-packages/tavern/util/extfunctions.py\", line 98, in inner\n        result = func(response, *args, **kwargs)\n      File \"/usr/lib/python3.9/site-packages/tavern/testutils/helpers.py\", line 103, in validate_pykwalify\n        verify_generic(to_verify, schema)\n      File \"/usr/lib/python3.9/site-packages/tavern/schemas/files.py\", line 109, in verify_generic\n        raise BadSchemaError() from e\n    tavern.util.exceptions.BadSchemaError","time":{"start":1710404849994,"stop":1710404852278,"duration":2284}},{"uid":"88f94afcde03191f","status":"failed","statusDetails":"tavern.util.exceptions.TestFailError: Test 'hsmAPIinventoryHardwareGET - Retrieve multiple Hardware Inventory entries using GET.' failed:\n- Error calling validate function '<function validate_pykwalify at 0x784e6140ae50>':\n    Traceback (most recent call last):\n      File \"/usr/lib/python3.9/site-packages/tavern/schemas/files.py\", line 106, in verify_generic\n        verifier.validate()\n      File \"/usr/lib/python3.9/site-packages/pykwalify/core.py\", line 194, in validate\n        raise SchemaError(u\"Schema validation failed:\\n - {error_msg}.\".format(\n    pykwalify.errors.SchemaError: <SchemaError: error code 2: Schema validation failed:\n     - Cannot find required key 'PopulatedFRU'. Path: '/5'.\n     - Cannot find required key 'PopulatedFRU'. Path: '/6'.\n     - Cannot find required key 'PopulatedFRU'. Path: '/7'.\n     - Cannot find required key 'PopulatedFRU'. Path: '/9'.\n     - Cannot find required key 'PopulatedFRU'. Path: '/10'.\n     - Cannot find required key 'PopulatedFRU'. Path: '/11'.\n     - Cannot find required key 'PopulatedFRU'. Path: '/13'.\n     - Cannot find required key 'PopulatedFRU'. Path: '/14'.\n     - Cannot find required key 'PopulatedFRU'. Path: '/15'.\n     - Cannot find required key 'PopulatedFRU'. Path: '/16'.\n     - Cannot find required key 'PopulatedFRU'. Path: '/19'.\n     - Cannot find required key 'PopulatedFRU'. Path: '/20'.\n     - Cannot find required key 'PopulatedFRU'. Path: '/27'.\n     - Cannot find required key 'PopulatedFRU'. Path: '/28'.\n     - Cannot find required key 'PopulatedFRU'. Path: '/42'.\n     - Cannot find required key 'PopulatedFRU'. Path: '/43'.\n     - Cannot find required key 'PopulatedFRU'. Path: '/50'.\n     - Cannot find required key 'PopulatedFRU'. Path: '/51'.\n     - Cannot find required key 'PopulatedFRU'. Path: '/55'.\n     - Cannot find required key 'PopulatedFRU'. Path: '/58'.\n     - Cannot find required key 'PopulatedFRU'. Path: '/60'.\n     - Cannot find required key 'PopulatedFRU'. Path: '/62'.\n     - Cannot find required key 'PopulatedFRU'. Path: '/63'.\n     - Cannot find required key 'PopulatedFRU'. Path: '/64'.\n     - Cannot find required key 'PopulatedFRU'. Path: '/65'.\n     - Cannot find required key 'PopulatedFRU'. Path: '/66'.\n     - Cannot find required key 'PopulatedFRU'. Path: '/68'.\n     - Cannot find required key 'PopulatedFRU'. Path: '/69'.\n     - Cannot find required key 'PopulatedFRU'. Path: '/72'.\n     - Cannot find required key 'PopulatedFRU'. Path: '/73'.\n     - Cannot find required key 'PopulatedFRU'. Path: '/434'.\n     - Cannot find required key 'PopulatedFRU'. Path: '/444'.\n     - Cannot find required key 'PopulatedFRU'. Path: '/469'.\n     - Cannot find required key 'PopulatedFRU'. Path: '/471'.: Path: '/'>\n\n    The above exception was the direct cause of the following exception:\n\n    Traceback (most recent call last):\n      File \"/usr/lib/python3.9/site-packages/tavern/response/base.py\", line 152, in _maybe_run_validate_functions\n        vf(response)\n      File \"/usr/lib/python3.9/site-packages/tavern/util/extfunctions.py\", line 98, in inner\n        result = func(response, *args, **kwargs)\n      File \"/usr/lib/python3.9/site-packages/tavern/testutils/helpers.py\", line 103, in validate_pykwalify\n        verify_generic(to_verify, schema)\n      File \"/usr/lib/python3.9/site-packages/tavern/schemas/files.py\", line 109, in verify_generic\n        raise BadSchemaError() from e\n    tavern.util.exceptions.BadSchemaError","time":{"start":1710317884587,"stop":1710317886830,"duration":2243}},{"uid":"827bc393397cd88a","status":"failed","statusDetails":"tavern.util.exceptions.TestFailError: Test 'hsmAPIinventoryHardwareGET - Retrieve multiple Hardware Inventory entries using GET.' failed:\n- Error calling validate function '<function validate_pykwalify at 0x7f2fed262e50>':\n    Traceback (most recent call last):\n      File \"/usr/lib/python3.9/site-packages/tavern/schemas/files.py\", line 106, in verify_generic\n        verifier.validate()\n      File \"/usr/lib/python3.9/site-packages/pykwalify/core.py\", line 194, in validate\n        raise SchemaError(u\"Schema validation failed:\\n - {error_msg}.\".format(\n    pykwalify.errors.SchemaError: <SchemaError: error code 2: Schema validation failed:\n     - Cannot find required key 'PopulatedFRU'. Path: '/5'.\n     - Cannot find required key 'PopulatedFRU'. Path: '/6'.\n     - Cannot find required key 'PopulatedFRU'. Path: '/7'.\n     - Cannot find required key 'PopulatedFRU'. Path: '/8'.\n     - Cannot find required key 'PopulatedFRU'. Path: '/11'.\n     - Cannot find required key 'PopulatedFRU'. Path: '/12'.\n     - Cannot find required key 'PopulatedFRU'. Path: '/13'.\n     - Cannot find required key 'PopulatedFRU'. Path: '/16'.\n     - Cannot find required key 'PopulatedFRU'. Path: '/17'.\n     - Cannot find required key 'PopulatedFRU'. Path: '/18'.\n     - Cannot find required key 'PopulatedFRU'. Path: '/19'.\n     - Cannot find required key 'PopulatedFRU'. Path: '/20'.\n     - Cannot find required key 'PopulatedFRU'. Path: '/23'.\n     - Cannot find required key 'PopulatedFRU'. Path: '/24'.\n     - Cannot find required key 'PopulatedFRU'. Path: '/43'.\n     - Cannot find required key 'PopulatedFRU'. Path: '/47'.\n     - Cannot find required key 'PopulatedFRU'. Path: '/51'.\n     - Cannot find required key 'PopulatedFRU'. Path: '/52'.\n     - Cannot find required key 'PopulatedFRU'. Path: '/55'.\n     - Cannot find required key 'PopulatedFRU'. Path: '/56'.\n     - Cannot find required key 'PopulatedFRU'. Path: '/57'.\n     - Cannot find required key 'PopulatedFRU'. Path: '/58'.\n     - Cannot find required key 'PopulatedFRU'. Path: '/59'.\n     - Cannot find required key 'PopulatedFRU'. Path: '/62'.\n     - Cannot find required key 'PopulatedFRU'. Path: '/63'.\n     - Cannot find required key 'PopulatedFRU'. Path: '/66'.\n     - Cannot find required key 'PopulatedFRU'. Path: '/67'.\n     - Cannot find required key 'PopulatedFRU'. Path: '/69'.\n     - Cannot find required key 'PopulatedFRU'. Path: '/72'.\n     - Cannot find required key 'PopulatedFRU'. Path: '/73'.\n     - Cannot find required key 'PopulatedFRU'. Path: '/77'.\n     - Cannot find required key 'PopulatedFRU'. Path: '/78'.\n     - Cannot find required key 'PopulatedFRU'. Path: '/81'.\n     - Cannot find required key 'PopulatedFRU'. Path: '/86'.: Path: '/'>\n\n    The above exception was the direct cause of the following exception:\n\n    Traceback (most recent call last):\n      File \"/usr/lib/python3.9/site-packages/tavern/response/base.py\", line 152, in _maybe_run_validate_functions\n        vf(response)\n      File \"/usr/lib/python3.9/site-packages/tavern/util/extfunctions.py\", line 98, in inner\n        result = func(response, *args, **kwargs)\n      File \"/usr/lib/python3.9/site-packages/tavern/testutils/helpers.py\", line 103, in validate_pykwalify\n        verify_generic(to_verify, schema)\n      File \"/usr/lib/python3.9/site-packages/tavern/schemas/files.py\", line 109, in verify_generic\n        raise BadSchemaError() from e\n    tavern.util.exceptions.BadSchemaError","time":{"start":1710231473794,"stop":1710231476166,"duration":2372}},{"uid":"853244bb0dc182cc","status":"failed","statusDetails":"tavern.util.exceptions.TestFailError: Test 'hsmAPIinventoryHardwareGET - Retrieve multiple Hardware Inventory entries using GET.' failed:\n- Error calling validate function '<function validate_pykwalify at 0x7fb5fc177e50>':\n    Traceback (most recent call last):\n      File \"/usr/lib/python3.9/site-packages/tavern/schemas/files.py\", line 106, in verify_generic\n        verifier.validate()\n      File \"/usr/lib/python3.9/site-packages/pykwalify/core.py\", line 194, in validate\n        raise SchemaError(u\"Schema validation failed:\\n - {error_msg}.\".format(\n    pykwalify.errors.SchemaError: <SchemaError: error code 2: Schema validation failed:\n     - Cannot find required key 'PopulatedFRU'. Path: '/5'.\n     - Cannot find required key 'PopulatedFRU'. Path: '/6'.\n     - Cannot find required key 'PopulatedFRU'. Path: '/7'.\n     - Cannot find required key 'PopulatedFRU'. Path: '/8'.\n     - Cannot find required key 'PopulatedFRU'. Path: '/10'.\n     - Cannot find required key 'PopulatedFRU'. Path: '/11'.\n     - Cannot find required key 'PopulatedFRU'. Path: '/13'.\n     - Cannot find required key 'PopulatedFRU'. Path: '/15'.\n     - Cannot find required key 'PopulatedFRU'. Path: '/16'.\n     - Cannot find required key 'PopulatedFRU'. Path: '/17'.\n     - Cannot find required key 'PopulatedFRU'. Path: '/18'.\n     - Cannot find required key 'PopulatedFRU'. Path: '/19'.\n     - Cannot find required key 'PopulatedFRU'. Path: '/23'.\n     - Cannot find required key 'PopulatedFRU'. Path: '/28'.\n     - Cannot find required key 'PopulatedFRU'. Path: '/45'.\n     - Cannot find required key 'PopulatedFRU'. Path: '/47'.\n     - Cannot find required key 'PopulatedFRU'. Path: '/48'.\n     - Cannot find required key 'PopulatedFRU'. Path: '/49'.\n     - Cannot find required key 'PopulatedFRU'. Path: '/50'.\n     - Cannot find required key 'PopulatedFRU'. Path: '/55'.\n     - Cannot find required key 'PopulatedFRU'. Path: '/57'.\n     - Cannot find required key 'PopulatedFRU'. Path: '/58'.\n     - Cannot find required key 'PopulatedFRU'. Path: '/61'.\n     - Cannot find required key 'PopulatedFRU'. Path: '/64'.\n     - Cannot find required key 'PopulatedFRU'. Path: '/65'.\n     - Cannot find required key 'PopulatedFRU'. Path: '/66'.\n     - Cannot find required key 'PopulatedFRU'. Path: '/68'.\n     - Cannot find required key 'PopulatedFRU'. Path: '/69'.\n     - Cannot find required key 'PopulatedFRU'. Path: '/71'.\n     - Cannot find required key 'PopulatedFRU'. Path: '/73'.\n     - Cannot find required key 'PopulatedFRU'. Path: '/256'.\n     - Cannot find required key 'PopulatedFRU'. Path: '/302'.\n     - Cannot find required key 'PopulatedFRU'. Path: '/628'.\n     - Cannot find required key 'PopulatedFRU'. Path: '/633'.: Path: '/'>\n\n    The above exception was the direct cause of the following exception:\n\n    Traceback (most recent call last):\n      File \"/usr/lib/python3.9/site-packages/tavern/response/base.py\", line 152, in _maybe_run_validate_functions\n        vf(response)\n      File \"/usr/lib/python3.9/site-packages/tavern/util/extfunctions.py\", line 98, in inner\n        result = func(response, *args, **kwargs)\n      File \"/usr/lib/python3.9/site-packages/tavern/testutils/helpers.py\", line 103, in validate_pykwalify\n        verify_generic(to_verify, schema)\n      File \"/usr/lib/python3.9/site-packages/tavern/schemas/files.py\", line 109, in verify_generic\n        raise BadSchemaError() from e\n    tavern.util.exceptions.BadSchemaError","time":{"start":1710145097716,"stop":1710145099933,"duration":2217}},{"uid":"11de06d26ac4caca","status":"failed","statusDetails":"tavern.util.exceptions.TestFailError: Test 'hsmAPIinventoryHardwareGET - Retrieve multiple Hardware Inventory entries using GET.' failed:\n- Error calling validate function '<function validate_pykwalify at 0x7f6b0855ae50>':\n    Traceback (most recent call last):\n      File \"/usr/lib/python3.9/site-packages/tavern/schemas/files.py\", line 106, in verify_generic\n        verifier.validate()\n      File \"/usr/lib/python3.9/site-packages/pykwalify/core.py\", line 194, in validate\n        raise SchemaError(u\"Schema validation failed:\\n - {error_msg}.\".format(\n    pykwalify.errors.SchemaError: <SchemaError: error code 2: Schema validation failed:\n     - Cannot find required key 'PopulatedFRU'. Path: '/5'.\n     - Cannot find required key 'PopulatedFRU'. Path: '/6'.\n     - Cannot find required key 'PopulatedFRU'. Path: '/7'.\n     - Cannot find required key 'PopulatedFRU'. Path: '/8'.\n     - Cannot find required key 'PopulatedFRU'. Path: '/11'.\n     - Cannot find required key 'PopulatedFRU'. Path: '/12'.\n     - Cannot find required key 'PopulatedFRU'. Path: '/13'.\n     - Cannot find required key 'PopulatedFRU'. Path: '/14'.\n     - Cannot find required key 'PopulatedFRU'. Path: '/15'.\n     - Cannot find required key 'PopulatedFRU'. Path: '/17'.\n     - Cannot find required key 'PopulatedFRU'. Path: '/18'.\n     - Cannot find required key 'PopulatedFRU'. Path: '/19'.\n     - Cannot find required key 'PopulatedFRU'. Path: '/25'.\n     - Cannot find required key 'PopulatedFRU'. Path: '/26'.\n     - Cannot find required key 'PopulatedFRU'. Path: '/45'.\n     - Cannot find required key 'PopulatedFRU'. Path: '/47'.\n     - Cannot find required key 'PopulatedFRU'. Path: '/48'.\n     - Cannot find required key 'PopulatedFRU'. Path: '/50'.\n     - Cannot find required key 'PopulatedFRU'. Path: '/51'.\n     - Cannot find required key 'PopulatedFRU'. Path: '/53'.\n     - Cannot find required key 'PopulatedFRU'. Path: '/55'.\n     - Cannot find required key 'PopulatedFRU'. Path: '/56'.\n     - Cannot find required key 'PopulatedFRU'. Path: '/57'.\n     - Cannot find required key 'PopulatedFRU'. Path: '/58'.\n     - Cannot find required key 'PopulatedFRU'. Path: '/61'.\n     - Cannot find required key 'PopulatedFRU'. Path: '/63'.\n     - Cannot find required key 'PopulatedFRU'. Path: '/65'.\n     - Cannot find required key 'PopulatedFRU'. Path: '/66'.\n     - Cannot find required key 'PopulatedFRU'. Path: '/67'.\n     - Cannot find required key 'PopulatedFRU'. Path: '/68'.\n     - Cannot find required key 'PopulatedFRU'. Path: '/322'.\n     - Cannot find required key 'PopulatedFRU'. Path: '/323'.\n     - Cannot find required key 'PopulatedFRU'. Path: '/324'.\n     - Cannot find required key 'PopulatedFRU'. Path: '/332'.: Path: '/'>\n\n    The above exception was the direct cause of the following exception:\n\n    Traceback (most recent call last):\n      File \"/usr/lib/python3.9/site-packages/tavern/response/base.py\", line 152, in _maybe_run_validate_functions\n        vf(response)\n      File \"/usr/lib/python3.9/site-packages/tavern/util/extfunctions.py\", line 98, in inner\n        result = func(response, *args, **kwargs)\n      File \"/usr/lib/python3.9/site-packages/tavern/testutils/helpers.py\", line 103, in validate_pykwalify\n        verify_generic(to_verify, schema)\n      File \"/usr/lib/python3.9/site-packages/tavern/schemas/files.py\", line 109, in verify_generic\n        raise BadSchemaError() from e\n    tavern.util.exceptions.BadSchemaError","time":{"start":1710058675402,"stop":1710058677671,"duration":2269}},{"uid":"baf318d63f236b52","status":"failed","statusDetails":"tavern.util.exceptions.TestFailError: Test 'hsmAPIinventoryHardwareGET - Retrieve multiple Hardware Inventory entries using GET.' failed:\n- Error calling validate function '<function validate_pykwalify at 0x7fb7e6c88e50>':\n    Traceback (most recent call last):\n      File \"/usr/lib/python3.9/site-packages/tavern/schemas/files.py\", line 106, in verify_generic\n        verifier.validate()\n      File \"/usr/lib/python3.9/site-packages/pykwalify/core.py\", line 194, in validate\n        raise SchemaError(u\"Schema validation failed:\\n - {error_msg}.\".format(\n    pykwalify.errors.SchemaError: <SchemaError: error code 2: Schema validation failed:\n     - Cannot find required key 'PopulatedFRU'. Path: '/5'.\n     - Cannot find required key 'PopulatedFRU'. Path: '/6'.\n     - Cannot find required key 'PopulatedFRU'. Path: '/7'.\n     - Cannot find required key 'PopulatedFRU'. Path: '/9'.\n     - Cannot find required key 'PopulatedFRU'. Path: '/11'.\n     - Cannot find required key 'PopulatedFRU'. Path: '/13'.\n     - Cannot find required key 'PopulatedFRU'. Path: '/14'.\n     - Cannot find required key 'PopulatedFRU'. Path: '/16'.\n     - Cannot find required key 'PopulatedFRU'. Path: '/17'.\n     - Cannot find required key 'PopulatedFRU'. Path: '/18'.\n     - Cannot find required key 'PopulatedFRU'. Path: '/19'.\n     - Cannot find required key 'PopulatedFRU'. Path: '/20'.\n     - Cannot find required key 'PopulatedFRU'. Path: '/23'.\n     - Cannot find required key 'PopulatedFRU'. Path: '/28'.\n     - Cannot find required key 'PopulatedFRU'. Path: '/42'.\n     - Cannot find required key 'PopulatedFRU'. Path: '/44'.\n     - Cannot find required key 'PopulatedFRU'. Path: '/49'.\n     - Cannot find required key 'PopulatedFRU'. Path: '/50'.\n     - Cannot find required key 'PopulatedFRU'. Path: '/51'.\n     - Cannot find required key 'PopulatedFRU'. Path: '/52'.\n     - Cannot find required key 'PopulatedFRU'. Path: '/56'.\n     - Cannot find required key 'PopulatedFRU'. Path: '/57'.\n     - Cannot find required key 'PopulatedFRU'. Path: '/60'.\n     - Cannot find required key 'PopulatedFRU'. Path: '/61'.\n     - Cannot find required key 'PopulatedFRU'. Path: '/63'.\n     - Cannot find required key 'PopulatedFRU'. Path: '/66'.\n     - Cannot find required key 'PopulatedFRU'. Path: '/67'.\n     - Cannot find required key 'PopulatedFRU'. Path: '/70'.\n     - Cannot find required key 'PopulatedFRU'. Path: '/71'.\n     - Cannot find required key 'PopulatedFRU'. Path: '/72'.\n     - Cannot find required key 'PopulatedFRU'. Path: '/273'.\n     - Cannot find required key 'PopulatedFRU'. Path: '/279'.\n     - Cannot find required key 'PopulatedFRU'. Path: '/288'.\n     - Cannot find required key 'PopulatedFRU'. Path: '/289'.: Path: '/'>\n\n    The above exception was the direct cause of the following exception:\n\n    Traceback (most recent call last):\n      File \"/usr/lib/python3.9/site-packages/tavern/response/base.py\", line 152, in _maybe_run_validate_functions\n        vf(response)\n      File \"/usr/lib/python3.9/site-packages/tavern/util/extfunctions.py\", line 98, in inner\n        result = func(response, *args, **kwargs)\n      File \"/usr/lib/python3.9/site-packages/tavern/testutils/helpers.py\", line 103, in validate_pykwalify\n        verify_generic(to_verify, schema)\n      File \"/usr/lib/python3.9/site-packages/tavern/schemas/files.py\", line 109, in verify_generic\n        raise BadSchemaError() from e\n    tavern.util.exceptions.BadSchemaError","time":{"start":1709972249091,"stop":1709972251299,"duration":2208}},{"uid":"dc03e0d648215767","status":"failed","statusDetails":"tavern.util.exceptions.TestFailError: Test 'hsmAPIinventoryHardwareGET - Retrieve multiple Hardware Inventory entries using GET.' failed:\n- Error calling validate function '<function validate_pykwalify at 0x7f7176348e50>':\n    Traceback (most recent call last):\n      File \"/usr/lib/python3.9/site-packages/tavern/schemas/files.py\", line 106, in verify_generic\n        verifier.validate()\n      File \"/usr/lib/python3.9/site-packages/pykwalify/core.py\", line 194, in validate\n        raise SchemaError(u\"Schema validation failed:\\n - {error_msg}.\".format(\n    pykwalify.errors.SchemaError: <SchemaError: error code 2: Schema validation failed:\n     - Cannot find required key 'PopulatedFRU'. Path: '/5'.\n     - Cannot find required key 'PopulatedFRU'. Path: '/8'.\n     - Cannot find required key 'PopulatedFRU'. Path: '/9'.\n     - Cannot find required key 'PopulatedFRU'. Path: '/10'.\n     - Cannot find required key 'PopulatedFRU'. Path: '/11'.\n     - Cannot find required key 'PopulatedFRU'. Path: '/12'.\n     - Cannot find required key 'PopulatedFRU'. Path: '/13'.\n     - Cannot find required key 'PopulatedFRU'. Path: '/15'.\n     - Cannot find required key 'PopulatedFRU'. Path: '/16'.\n     - Cannot find required key 'PopulatedFRU'. Path: '/18'.\n     - Cannot find required key 'PopulatedFRU'. Path: '/19'.\n     - Cannot find required key 'PopulatedFRU'. Path: '/20'.\n     - Cannot find required key 'PopulatedFRU'. Path: '/23'.\n     - Cannot find required key 'PopulatedFRU'. Path: '/24'.\n     - Cannot find required key 'PopulatedFRU'. Path: '/43'.\n     - Cannot find required key 'PopulatedFRU'. Path: '/44'.\n     - Cannot find required key 'PopulatedFRU'. Path: '/45'.\n     - Cannot find required key 'PopulatedFRU'. Path: '/47'.\n     - Cannot find required key 'PopulatedFRU'. Path: '/48'.\n     - Cannot find required key 'PopulatedFRU'. Path: '/50'.\n     - Cannot find required key 'PopulatedFRU'. Path: '/53'.\n     - Cannot find required key 'PopulatedFRU'. Path: '/57'.\n     - Cannot find required key 'PopulatedFRU'. Path: '/60'.\n     - Cannot find required key 'PopulatedFRU'. Path: '/62'.\n     - Cannot find required key 'PopulatedFRU'. Path: '/64'.\n     - Cannot find required key 'PopulatedFRU'. Path: '/65'.\n     - Cannot find required key 'PopulatedFRU'. Path: '/66'.\n     - Cannot find required key 'PopulatedFRU'. Path: '/68'.\n     - Cannot find required key 'PopulatedFRU'. Path: '/69'.\n     - Cannot find required key 'PopulatedFRU'. Path: '/70'.\n     - Cannot find required key 'PopulatedFRU'. Path: '/490'.\n     - Cannot find required key 'PopulatedFRU'. Path: '/493'.\n     - Cannot find required key 'PopulatedFRU'. Path: '/502'.\n     - Cannot find required key 'PopulatedFRU'. Path: '/507'.: Path: '/'>\n\n    The above exception was the direct cause of the following exception:\n\n    Traceback (most recent call last):\n      File \"/usr/lib/python3.9/site-packages/tavern/response/base.py\", line 152, in _maybe_run_validate_functions\n        vf(response)\n      File \"/usr/lib/python3.9/site-packages/tavern/util/extfunctions.py\", line 98, in inner\n        result = func(response, *args, **kwargs)\n      File \"/usr/lib/python3.9/site-packages/tavern/testutils/helpers.py\", line 103, in validate_pykwalify\n        verify_generic(to_verify, schema)\n      File \"/usr/lib/python3.9/site-packages/tavern/schemas/files.py\", line 109, in verify_generic\n        raise BadSchemaError() from e\n    tavern.util.exceptions.BadSchemaError","time":{"start":1709885879644,"stop":1709885881939,"duration":2295}},{"uid":"9a299cf2749c5bf5","status":"failed","statusDetails":"tavern.util.exceptions.TestFailError: Test 'hsmAPIinventoryHardwareGET - Retrieve multiple Hardware Inventory entries using GET.' failed:\n- Error calling validate function '<function validate_pykwalify at 0x7fad60701e50>':\n    Traceback (most recent call last):\n      File \"/usr/lib/python3.9/site-packages/tavern/schemas/files.py\", line 106, in verify_generic\n        verifier.validate()\n      File \"/usr/lib/python3.9/site-packages/pykwalify/core.py\", line 194, in validate\n        raise SchemaError(u\"Schema validation failed:\\n - {error_msg}.\".format(\n    pykwalify.errors.SchemaError: <SchemaError: error code 2: Schema validation failed:\n     - Cannot find required key 'PopulatedFRU'. Path: '/5'.\n     - Cannot find required key 'PopulatedFRU'. Path: '/6'.\n     - Cannot find required key 'PopulatedFRU'. Path: '/8'.\n     - Cannot find required key 'PopulatedFRU'. Path: '/9'.\n     - Cannot find required key 'PopulatedFRU'. Path: '/10'.\n     - Cannot find required key 'PopulatedFRU'. Path: '/11'.\n     - Cannot find required key 'PopulatedFRU'. Path: '/12'.\n     - Cannot find required key 'PopulatedFRU'. Path: '/13'.\n     - Cannot find required key 'PopulatedFRU'. Path: '/15'.\n     - Cannot find required key 'PopulatedFRU'. Path: '/17'.\n     - Cannot find required key 'PopulatedFRU'. Path: '/18'.\n     - Cannot find required key 'PopulatedFRU'. Path: '/19'.\n     - Cannot find required key 'PopulatedFRU'. Path: '/25'.\n     - Cannot find required key 'PopulatedFRU'. Path: '/26'.\n     - Cannot find required key 'PopulatedFRU'. Path: '/42'.\n     - Cannot find required key 'PopulatedFRU'. Path: '/46'.\n     - Cannot find required key 'PopulatedFRU'. Path: '/47'.\n     - Cannot find required key 'PopulatedFRU'. Path: '/48'.\n     - Cannot find required key 'PopulatedFRU'. Path: '/49'.\n     - Cannot find required key 'PopulatedFRU'. Path: '/51'.\n     - Cannot find required key 'PopulatedFRU'. Path: '/53'.\n     - Cannot find required key 'PopulatedFRU'. Path: '/56'.\n     - Cannot find required key 'PopulatedFRU'. Path: '/58'.\n     - Cannot find required key 'PopulatedFRU'. Path: '/61'.\n     - Cannot find required key 'PopulatedFRU'. Path: '/62'.\n     - Cannot find required key 'PopulatedFRU'. Path: '/66'.\n     - Cannot find required key 'PopulatedFRU'. Path: '/68'.\n     - Cannot find required key 'PopulatedFRU'. Path: '/69'.\n     - Cannot find required key 'PopulatedFRU'. Path: '/71'.\n     - Cannot find required key 'PopulatedFRU'. Path: '/73'.\n     - Cannot find required key 'PopulatedFRU'. Path: '/326'.\n     - Cannot find required key 'PopulatedFRU'. Path: '/335'.\n     - Cannot find required key 'PopulatedFRU'. Path: '/336'.\n     - Cannot find required key 'PopulatedFRU'. Path: '/343'.: Path: '/'>\n\n    The above exception was the direct cause of the following exception:\n\n    Traceback (most recent call last):\n      File \"/usr/lib/python3.9/site-packages/tavern/response/base.py\", line 152, in _maybe_run_validate_functions\n        vf(response)\n      File \"/usr/lib/python3.9/site-packages/tavern/util/extfunctions.py\", line 98, in inner\n        result = func(response, *args, **kwargs)\n      File \"/usr/lib/python3.9/site-packages/tavern/testutils/helpers.py\", line 103, in validate_pykwalify\n        verify_generic(to_verify, schema)\n      File \"/usr/lib/python3.9/site-packages/tavern/schemas/files.py\", line 109, in verify_generic\n        raise BadSchemaError() from e\n    tavern.util.exceptions.BadSchemaError","time":{"start":1709799462456,"stop":1709799464736,"duration":2280}},{"uid":"ab682c6e6cf3c83c","status":"failed","statusDetails":"tavern.util.exceptions.TestFailError: Test 'hsmAPIinventoryHardwareGET - Retrieve multiple Hardware Inventory entries using GET.' failed:\n- Error calling validate function '<function validate_pykwalify at 0x7fd53be66e50>':\n    Traceback (most recent call last):\n      File \"/usr/lib/python3.9/site-packages/tavern/schemas/files.py\", line 106, in verify_generic\n        verifier.validate()\n      File \"/usr/lib/python3.9/site-packages/pykwalify/core.py\", line 194, in validate\n        raise SchemaError(u\"Schema validation failed:\\n - {error_msg}.\".format(\n    pykwalify.errors.SchemaError: <SchemaError: error code 2: Schema validation failed:\n     - Cannot find required key 'PopulatedFRU'. Path: '/5'.\n     - Cannot find required key 'PopulatedFRU'. Path: '/9'.\n     - Cannot find required key 'PopulatedFRU'. Path: '/10'.\n     - Cannot find required key 'PopulatedFRU'. Path: '/11'.\n     - Cannot find required key 'PopulatedFRU'. Path: '/12'.\n     - Cannot find required key 'PopulatedFRU'. Path: '/13'.\n     - Cannot find required key 'PopulatedFRU'. Path: '/14'.\n     - Cannot find required key 'PopulatedFRU'. Path: '/16'.\n     - Cannot find required key 'PopulatedFRU'. Path: '/17'.\n     - Cannot find required key 'PopulatedFRU'. Path: '/18'.\n     - Cannot find required key 'PopulatedFRU'. Path: '/19'.\n     - Cannot find required key 'PopulatedFRU'. Path: '/20'.\n     - Cannot find required key 'PopulatedFRU'. Path: '/26'.\n     - Cannot find required key 'PopulatedFRU'. Path: '/27'.\n     - Cannot find required key 'PopulatedFRU'. Path: '/44'.\n     - Cannot find required key 'PopulatedFRU'. Path: '/47'.\n     - Cannot find required key 'PopulatedFRU'. Path: '/48'.\n     - Cannot find required key 'PopulatedFRU'. Path: '/49'.\n     - Cannot find required key 'PopulatedFRU'. Path: '/53'.\n     - Cannot find required key 'PopulatedFRU'. Path: '/54'.\n     - Cannot find required key 'PopulatedFRU'. Path: '/57'.\n     - Cannot find required key 'PopulatedFRU'. Path: '/59'.\n     - Cannot find required key 'PopulatedFRU'. Path: '/60'.\n     - Cannot find required key 'PopulatedFRU'. Path: '/61'.\n     - Cannot find required key 'PopulatedFRU'. Path: '/65'.\n     - Cannot find required key 'PopulatedFRU'. Path: '/66'.\n     - Cannot find required key 'PopulatedFRU'. Path: '/69'.\n     - Cannot find required key 'PopulatedFRU'. Path: '/71'.\n     - Cannot find required key 'PopulatedFRU'. Path: '/72'.\n     - Cannot find required key 'PopulatedFRU'. Path: '/73'.\n     - Cannot find required key 'PopulatedFRU'. Path: '/749'.\n     - Cannot find required key 'PopulatedFRU'. Path: '/759'.\n     - Cannot find required key 'PopulatedFRU'. Path: '/762'.\n     - Cannot find required key 'PopulatedFRU'. Path: '/768'.: Path: '/'>\n\n    The above exception was the direct cause of the following exception:\n\n    Traceback (most recent call last):\n      File \"/usr/lib/python3.9/site-packages/tavern/response/base.py\", line 152, in _maybe_run_validate_functions\n        vf(response)\n      File \"/usr/lib/python3.9/site-packages/tavern/util/extfunctions.py\", line 98, in inner\n        result = func(response, *args, **kwargs)\n      File \"/usr/lib/python3.9/site-packages/tavern/testutils/helpers.py\", line 103, in validate_pykwalify\n        verify_generic(to_verify, schema)\n      File \"/usr/lib/python3.9/site-packages/tavern/schemas/files.py\", line 109, in verify_generic\n        raise BadSchemaError() from e\n    tavern.util.exceptions.BadSchemaError","time":{"start":1709712587774,"stop":1709712590052,"duration":2278}},{"uid":"31105e23934ba537","status":"failed","statusDetails":"tavern.util.exceptions.TestFailError: Test 'hsmAPIinventoryHardwareGET - Retrieve multiple Hardware Inventory entries using GET.' failed:\n- Error calling validate function '<function validate_pykwalify at 0x7f74fc0c1e50>':\n    Traceback (most recent call last):\n      File \"/usr/lib/python3.9/site-packages/tavern/schemas/files.py\", line 106, in verify_generic\n        verifier.validate()\n      File \"/usr/lib/python3.9/site-packages/pykwalify/core.py\", line 194, in validate\n        raise SchemaError(u\"Schema validation failed:\\n - {error_msg}.\".format(\n    pykwalify.errors.SchemaError: <SchemaError: error code 2: Schema validation failed:\n     - Cannot find required key 'PopulatedFRU'. Path: '/5'.\n     - Cannot find required key 'PopulatedFRU'. Path: '/6'.\n     - Cannot find required key 'PopulatedFRU'. Path: '/7'.\n     - Cannot find required key 'PopulatedFRU'. Path: '/8'.\n     - Cannot find required key 'PopulatedFRU'. Path: '/9'.\n     - Cannot find required key 'PopulatedFRU'. Path: '/10'.\n     - Cannot find required key 'PopulatedFRU'. Path: '/11'.\n     - Cannot find required key 'PopulatedFRU'. Path: '/12'.\n     - Cannot find required key 'PopulatedFRU'. Path: '/13'.\n     - Cannot find required key 'PopulatedFRU'. Path: '/14'.\n     - Cannot find required key 'PopulatedFRU'. Path: '/19'.\n     - Cannot find required key 'PopulatedFRU'. Path: '/20'.\n     - Cannot find required key 'PopulatedFRU'. Path: '/27'.\n     - Cannot find required key 'PopulatedFRU'. Path: '/28'.\n     - Cannot find required key 'PopulatedFRU'. Path: '/43'.\n     - Cannot find required key 'PopulatedFRU'. Path: '/44'.\n     - Cannot find required key 'PopulatedFRU'. Path: '/46'.\n     - Cannot find required key 'PopulatedFRU'. Path: '/48'.\n     - Cannot find required key 'PopulatedFRU'. Path: '/49'.\n     - Cannot find required key 'PopulatedFRU'. Path: '/50'.\n     - Cannot find required key 'PopulatedFRU'. Path: '/53'.\n     - Cannot find required key 'PopulatedFRU'. Path: '/58'.\n     - Cannot find required key 'PopulatedFRU'. Path: '/60'.\n     - Cannot find required key 'PopulatedFRU'. Path: '/61'.\n     - Cannot find required key 'PopulatedFRU'. Path: '/62'.\n     - Cannot find required key 'PopulatedFRU'. Path: '/64'.\n     - Cannot find required key 'PopulatedFRU'. Path: '/67'.\n     - Cannot find required key 'PopulatedFRU'. Path: '/70'.\n     - Cannot find required key 'PopulatedFRU'. Path: '/71'.\n     - Cannot find required key 'PopulatedFRU'. Path: '/73'.\n     - Cannot find required key 'PopulatedFRU'. Path: '/738'.\n     - Cannot find required key 'PopulatedFRU'. Path: '/743'.\n     - Cannot find required key 'PopulatedFRU'. Path: '/744'.\n     - Cannot find required key 'PopulatedFRU'. Path: '/752'.: Path: '/'>\n\n    The above exception was the direct cause of the following exception:\n\n    Traceback (most recent call last):\n      File \"/usr/lib/python3.9/site-packages/tavern/response/base.py\", line 152, in _maybe_run_validate_functions\n        vf(response)\n      File \"/usr/lib/python3.9/site-packages/tavern/util/extfunctions.py\", line 98, in inner\n        result = func(response, *args, **kwargs)\n      File \"/usr/lib/python3.9/site-packages/tavern/testutils/helpers.py\", line 103, in validate_pykwalify\n        verify_generic(to_verify, schema)\n      File \"/usr/lib/python3.9/site-packages/tavern/schemas/files.py\", line 109, in verify_generic\n        raise BadSchemaError() from e\n    tavern.util.exceptions.BadSchemaError","time":{"start":1709626136277,"stop":1709626138527,"duration":2250}},{"uid":"fb912fec0d5df0d7","status":"failed","statusDetails":"tavern.util.exceptions.TestFailError: Test 'hsmAPIinventoryHardwareGET - Retrieve multiple Hardware Inventory entries using GET.' failed:\n- Error calling validate function '<function validate_pykwalify at 0x7fb35c0b5e50>':\n    Traceback (most recent call last):\n      File \"/usr/lib/python3.9/site-packages/tavern/schemas/files.py\", line 106, in verify_generic\n        verifier.validate()\n      File \"/usr/lib/python3.9/site-packages/pykwalify/core.py\", line 194, in validate\n        raise SchemaError(u\"Schema validation failed:\\n - {error_msg}.\".format(\n    pykwalify.errors.SchemaError: <SchemaError: error code 2: Schema validation failed:\n     - Cannot find required key 'PopulatedFRU'. Path: '/6'.\n     - Cannot find required key 'PopulatedFRU'. Path: '/7'.\n     - Cannot find required key 'PopulatedFRU'. Path: '/8'.\n     - Cannot find required key 'PopulatedFRU'. Path: '/9'.\n     - Cannot find required key 'PopulatedFRU'. Path: '/10'.\n     - Cannot find required key 'PopulatedFRU'. Path: '/11'.\n     - Cannot find required key 'PopulatedFRU'. Path: '/12'.\n     - Cannot find required key 'PopulatedFRU'. Path: '/13'.\n     - Cannot find required key 'PopulatedFRU'. Path: '/14'.\n     - Cannot find required key 'PopulatedFRU'. Path: '/16'.\n     - Cannot find required key 'PopulatedFRU'. Path: '/18'.\n     - Cannot find required key 'PopulatedFRU'. Path: '/20'.\n     - Cannot find required key 'PopulatedFRU'. Path: '/27'.\n     - Cannot find required key 'PopulatedFRU'. Path: '/28'.\n     - Cannot find required key 'PopulatedFRU'. Path: '/43'.\n     - Cannot find required key 'PopulatedFRU'. Path: '/44'.\n     - Cannot find required key 'PopulatedFRU'. Path: '/46'.\n     - Cannot find required key 'PopulatedFRU'. Path: '/48'.\n     - Cannot find required key 'PopulatedFRU'. Path: '/55'.\n     - Cannot find required key 'PopulatedFRU'. Path: '/57'.\n     - Cannot find required key 'PopulatedFRU'. Path: '/58'.\n     - Cannot find required key 'PopulatedFRU'. Path: '/59'.\n     - Cannot find required key 'PopulatedFRU'. Path: '/61'.\n     - Cannot find required key 'PopulatedFRU'. Path: '/65'.\n     - Cannot find required key 'PopulatedFRU'. Path: '/66'.\n     - Cannot find required key 'PopulatedFRU'. Path: '/67'.\n     - Cannot find required key 'PopulatedFRU'. Path: '/69'.\n     - Cannot find required key 'PopulatedFRU'. Path: '/70'.\n     - Cannot find required key 'PopulatedFRU'. Path: '/71'.\n     - Cannot find required key 'PopulatedFRU'. Path: '/72'.\n     - Cannot find required key 'PopulatedFRU'. Path: '/484'.\n     - Cannot find required key 'PopulatedFRU'. Path: '/492'.\n     - Cannot find required key 'PopulatedFRU'. Path: '/495'.\n     - Cannot find required key 'PopulatedFRU'. Path: '/500'.: Path: '/'>\n\n    The above exception was the direct cause of the following exception:\n\n    Traceback (most recent call last):\n      File \"/usr/lib/python3.9/site-packages/tavern/response/base.py\", line 152, in _maybe_run_validate_functions\n        vf(response)\n      File \"/usr/lib/python3.9/site-packages/tavern/util/extfunctions.py\", line 98, in inner\n        result = func(response, *args, **kwargs)\n      File \"/usr/lib/python3.9/site-packages/tavern/testutils/helpers.py\", line 103, in validate_pykwalify\n        verify_generic(to_verify, schema)\n      File \"/usr/lib/python3.9/site-packages/tavern/schemas/files.py\", line 109, in verify_generic\n        raise BadSchemaError() from e\n    tavern.util.exceptions.BadSchemaError","time":{"start":1709540484956,"stop":1709540487289,"duration":2333}},{"uid":"c34c53e0a26027b","status":"failed","statusDetails":"tavern.util.exceptions.TestFailError: Test 'hsmAPIinventoryHardwareGET - Retrieve multiple Hardware Inventory entries using GET.' failed:\n- Error calling validate function '<function validate_pykwalify at 0x7f784d7e5e50>':\n    Traceback (most recent call last):\n      File \"/usr/lib/python3.9/site-packages/tavern/schemas/files.py\", line 106, in verify_generic\n        verifier.validate()\n      File \"/usr/lib/python3.9/site-packages/pykwalify/core.py\", line 194, in validate\n        raise SchemaError(u\"Schema validation failed:\\n - {error_msg}.\".format(\n    pykwalify.errors.SchemaError: <SchemaError: error code 2: Schema validation failed:\n     - Cannot find required key 'PopulatedFRU'. Path: '/5'.\n     - Cannot find required key 'PopulatedFRU'. Path: '/7'.\n     - Cannot find required key 'PopulatedFRU'. Path: '/8'.\n     - Cannot find required key 'PopulatedFRU'. Path: '/9'.\n     - Cannot find required key 'PopulatedFRU'. Path: '/10'.\n     - Cannot find required key 'PopulatedFRU'. Path: '/11'.\n     - Cannot find required key 'PopulatedFRU'. Path: '/12'.\n     - Cannot find required key 'PopulatedFRU'. Path: '/13'.\n     - Cannot find required key 'PopulatedFRU'. Path: '/17'.\n     - Cannot find required key 'PopulatedFRU'. Path: '/18'.\n     - Cannot find required key 'PopulatedFRU'. Path: '/19'.\n     - Cannot find required key 'PopulatedFRU'. Path: '/20'.\n     - Cannot find required key 'PopulatedFRU'. Path: '/25'.\n     - Cannot find required key 'PopulatedFRU'. Path: '/26'.\n     - Cannot find required key 'PopulatedFRU'. Path: '/42'.\n     - Cannot find required key 'PopulatedFRU'. Path: '/43'.\n     - Cannot find required key 'PopulatedFRU'. Path: '/44'.\n     - Cannot find required key 'PopulatedFRU'. Path: '/49'.\n     - Cannot find required key 'PopulatedFRU'. Path: '/52'.\n     - Cannot find required key 'PopulatedFRU'. Path: '/56'.\n     - Cannot find required key 'PopulatedFRU'. Path: '/59'.\n     - Cannot find required key 'PopulatedFRU'. Path: '/60'.\n     - Cannot find required key 'PopulatedFRU'. Path: '/62'.\n     - Cannot find required key 'PopulatedFRU'. Path: '/64'.\n     - Cannot find required key 'PopulatedFRU'. Path: '/65'.\n     - Cannot find required key 'PopulatedFRU'. Path: '/66'.\n     - Cannot find required key 'PopulatedFRU'. Path: '/67'.\n     - Cannot find required key 'PopulatedFRU'. Path: '/68'.\n     - Cannot find required key 'PopulatedFRU'. Path: '/69'.\n     - Cannot find required key 'PopulatedFRU'. Path: '/72'.\n     - Cannot find required key 'PopulatedFRU'. Path: '/297'.\n     - Cannot find required key 'PopulatedFRU'. Path: '/298'.\n     - Cannot find required key 'PopulatedFRU'. Path: '/306'.\n     - Cannot find required key 'PopulatedFRU'. Path: '/308'.: Path: '/'>\n\n    The above exception was the direct cause of the following exception:\n\n    Traceback (most recent call last):\n      File \"/usr/lib/python3.9/site-packages/tavern/response/base.py\", line 152, in _maybe_run_validate_functions\n        vf(response)\n      File \"/usr/lib/python3.9/site-packages/tavern/util/extfunctions.py\", line 98, in inner\n        result = func(response, *args, **kwargs)\n      File \"/usr/lib/python3.9/site-packages/tavern/testutils/helpers.py\", line 103, in validate_pykwalify\n        verify_generic(to_verify, schema)\n      File \"/usr/lib/python3.9/site-packages/tavern/schemas/files.py\", line 109, in verify_generic\n        raise BadSchemaError() from e\n    tavern.util.exceptions.BadSchemaError","time":{"start":1709453387610,"stop":1709453389952,"duration":2342}},{"uid":"87cc528b1841d6bd","status":"failed","statusDetails":"tavern.util.exceptions.TestFailError: Test 'hsmAPIinventoryHardwareGET - Retrieve multiple Hardware Inventory entries using GET.' failed:\n- Error calling validate function '<function validate_pykwalify at 0x7fddb8cf5e50>':\n    Traceback (most recent call last):\n      File \"/usr/lib/python3.9/site-packages/tavern/schemas/files.py\", line 106, in verify_generic\n        verifier.validate()\n      File \"/usr/lib/python3.9/site-packages/pykwalify/core.py\", line 194, in validate\n        raise SchemaError(u\"Schema validation failed:\\n - {error_msg}.\".format(\n    pykwalify.errors.SchemaError: <SchemaError: error code 2: Schema validation failed:\n     - Cannot find required key 'PopulatedFRU'. Path: '/5'.\n     - Cannot find required key 'PopulatedFRU'. Path: '/7'.\n     - Cannot find required key 'PopulatedFRU'. Path: '/8'.\n     - Cannot find required key 'PopulatedFRU'. Path: '/9'.\n     - Cannot find required key 'PopulatedFRU'. Path: '/10'.\n     - Cannot find required key 'PopulatedFRU'. Path: '/11'.\n     - Cannot find required key 'PopulatedFRU'. Path: '/12'.\n     - Cannot find required key 'PopulatedFRU'. Path: '/15'.\n     - Cannot find required key 'PopulatedFRU'. Path: '/16'.\n     - Cannot find required key 'PopulatedFRU'. Path: '/17'.\n     - Cannot find required key 'PopulatedFRU'. Path: '/18'.\n     - Cannot find required key 'PopulatedFRU'. Path: '/20'.\n     - Cannot find required key 'PopulatedFRU'. Path: '/24'.\n     - Cannot find required key 'PopulatedFRU'. Path: '/25'.\n     - Cannot find required key 'PopulatedFRU'. Path: '/45'.\n     - Cannot find required key 'PopulatedFRU'. Path: '/46'.\n     - Cannot find required key 'PopulatedFRU'. Path: '/47'.\n     - Cannot find required key 'PopulatedFRU'. Path: '/48'.\n     - Cannot find required key 'PopulatedFRU'. Path: '/49'.\n     - Cannot find required key 'PopulatedFRU'. Path: '/51'.\n     - Cannot find required key 'PopulatedFRU'. Path: '/52'.\n     - Cannot find required key 'PopulatedFRU'. Path: '/53'.\n     - Cannot find required key 'PopulatedFRU'. Path: '/55'.\n     - Cannot find required key 'PopulatedFRU'. Path: '/56'.\n     - Cannot find required key 'PopulatedFRU'. Path: '/60'.\n     - Cannot find required key 'PopulatedFRU'. Path: '/66'.\n     - Cannot find required key 'PopulatedFRU'. Path: '/68'.\n     - Cannot find required key 'PopulatedFRU'. Path: '/70'.\n     - Cannot find required key 'PopulatedFRU'. Path: '/71'.\n     - Cannot find required key 'PopulatedFRU'. Path: '/72'.\n     - Cannot find required key 'PopulatedFRU'. Path: '/423'.\n     - Cannot find required key 'PopulatedFRU'. Path: '/424'.\n     - Cannot find required key 'PopulatedFRU'. Path: '/426'.\n     - Cannot find required key 'PopulatedFRU'. Path: '/430'.: Path: '/'>\n\n    The above exception was the direct cause of the following exception:\n\n    Traceback (most recent call last):\n      File \"/usr/lib/python3.9/site-packages/tavern/response/base.py\", line 152, in _maybe_run_validate_functions\n        vf(response)\n      File \"/usr/lib/python3.9/site-packages/tavern/util/extfunctions.py\", line 98, in inner\n        result = func(response, *args, **kwargs)\n      File \"/usr/lib/python3.9/site-packages/tavern/testutils/helpers.py\", line 103, in validate_pykwalify\n        verify_generic(to_verify, schema)\n      File \"/usr/lib/python3.9/site-packages/tavern/schemas/files.py\", line 109, in verify_generic\n        raise BadSchemaError() from e\n    tavern.util.exceptions.BadSchemaError","time":{"start":1709366925534,"stop":1709366927897,"duration":2363}},{"uid":"808da2dfe8176e61","status":"failed","statusDetails":"tavern.util.exceptions.TestFailError: Test 'hsmAPIinventoryHardwareGET - Retrieve multiple Hardware Inventory entries using GET.' failed:\n- Error calling validate function '<function validate_pykwalify at 0x7f7eb7a17d30>':\n    Traceback (most recent call last):\n      File \"/usr/lib/python3.9/site-packages/tavern/schemas/files.py\", line 106, in verify_generic\n        verifier.validate()\n      File \"/usr/lib/python3.9/site-packages/pykwalify/core.py\", line 194, in validate\n        raise SchemaError(u\"Schema validation failed:\\n - {error_msg}.\".format(\n    pykwalify.errors.SchemaError: <SchemaError: error code 2: Schema validation failed:\n     - Cannot find required key 'PopulatedFRU'. Path: '/6'.\n     - Cannot find required key 'PopulatedFRU'. Path: '/7'.\n     - Cannot find required key 'PopulatedFRU'. Path: '/9'.\n     - Cannot find required key 'PopulatedFRU'. Path: '/10'.\n     - Cannot find required key 'PopulatedFRU'. Path: '/11'.\n     - Cannot find required key 'PopulatedFRU'. Path: '/12'.\n     - Cannot find required key 'PopulatedFRU'. Path: '/14'.\n     - Cannot find required key 'PopulatedFRU'. Path: '/16'.\n     - Cannot find required key 'PopulatedFRU'. Path: '/17'.\n     - Cannot find required key 'PopulatedFRU'. Path: '/18'.\n     - Cannot find required key 'PopulatedFRU'. Path: '/19'.\n     - Cannot find required key 'PopulatedFRU'. Path: '/20'.\n     - Cannot find required key 'PopulatedFRU'. Path: '/27'.\n     - Cannot find required key 'PopulatedFRU'. Path: '/28'.\n     - Cannot find required key 'PopulatedFRU'. Path: '/42'.\n     - Cannot find required key 'PopulatedFRU'. Path: '/45'.\n     - Cannot find required key 'PopulatedFRU'. Path: '/46'.\n     - Cannot find required key 'PopulatedFRU'. Path: '/47'.\n     - Cannot find required key 'PopulatedFRU'. Path: '/48'.\n     - Cannot find required key 'PopulatedFRU'. Path: '/52'.\n     - Cannot find required key 'PopulatedFRU'. Path: '/54'.\n     - Cannot find required key 'PopulatedFRU'. Path: '/56'.\n     - Cannot find required key 'PopulatedFRU'. Path: '/59'.\n     - Cannot find required key 'PopulatedFRU'. Path: '/60'.\n     - Cannot find required key 'PopulatedFRU'. Path: '/66'.\n     - Cannot find required key 'PopulatedFRU'. Path: '/67'.\n     - Cannot find required key 'PopulatedFRU'. Path: '/68'.\n     - Cannot find required key 'PopulatedFRU'. Path: '/71'.\n     - Cannot find required key 'PopulatedFRU'. Path: '/72'.\n     - Cannot find required key 'PopulatedFRU'. Path: '/73'.\n     - Cannot find required key 'PopulatedFRU'. Path: '/500'.\n     - Cannot find required key 'PopulatedFRU'. Path: '/757'.\n     - Cannot find required key 'PopulatedFRU'. Path: '/760'.\n     - Cannot find required key 'PopulatedFRU'. Path: '/763'.: Path: '/'>\n\n    The above exception was the direct cause of the following exception:\n\n    Traceback (most recent call last):\n      File \"/usr/lib/python3.9/site-packages/tavern/response/base.py\", line 152, in _maybe_run_validate_functions\n        vf(response)\n      File \"/usr/lib/python3.9/site-packages/tavern/util/extfunctions.py\", line 98, in inner\n        result = func(response, *args, **kwargs)\n      File \"/usr/lib/python3.9/site-packages/tavern/testutils/helpers.py\", line 103, in validate_pykwalify\n        verify_generic(to_verify, schema)\n      File \"/usr/lib/python3.9/site-packages/tavern/schemas/files.py\", line 109, in verify_generic\n        raise BadSchemaError() from e\n    tavern.util.exceptions.BadSchemaError","time":{"start":1709280527525,"stop":1709280529767,"duration":2242}},{"uid":"c470e3e71d16f547","status":"failed","statusDetails":"tavern.util.exceptions.TestFailError: Test 'hsmAPIinventoryHardwareGET - Retrieve multiple Hardware Inventory entries using GET.' failed:\n- Error calling validate function '<function validate_pykwalify at 0x7f0104ffad30>':\n    Traceback (most recent call last):\n      File \"/usr/lib/python3.9/site-packages/tavern/schemas/files.py\", line 106, in verify_generic\n        verifier.validate()\n      File \"/usr/lib/python3.9/site-packages/pykwalify/core.py\", line 194, in validate\n        raise SchemaError(u\"Schema validation failed:\\n - {error_msg}.\".format(\n    pykwalify.errors.SchemaError: <SchemaError: error code 2: Schema validation failed:\n     - Cannot find required key 'PopulatedFRU'. Path: '/6'.\n     - Cannot find required key 'PopulatedFRU'. Path: '/8'.\n     - Cannot find required key 'PopulatedFRU'. Path: '/9'.\n     - Cannot find required key 'PopulatedFRU'. Path: '/10'.\n     - Cannot find required key 'PopulatedFRU'. Path: '/11'.\n     - Cannot find required key 'PopulatedFRU'. Path: '/13'.\n     - Cannot find required key 'PopulatedFRU'. Path: '/14'.\n     - Cannot find required key 'PopulatedFRU'. Path: '/16'.\n     - Cannot find required key 'PopulatedFRU'. Path: '/17'.\n     - Cannot find required key 'PopulatedFRU'. Path: '/18'.\n     - Cannot find required key 'PopulatedFRU'. Path: '/19'.\n     - Cannot find required key 'PopulatedFRU'. Path: '/20'.\n     - Cannot find required key 'PopulatedFRU'. Path: '/23'.\n     - Cannot find required key 'PopulatedFRU'. Path: '/24'.\n     - Cannot find required key 'PopulatedFRU'. Path: '/42'.\n     - Cannot find required key 'PopulatedFRU'. Path: '/43'.\n     - Cannot find required key 'PopulatedFRU'. Path: '/44'.\n     - Cannot find required key 'PopulatedFRU'. Path: '/46'.\n     - Cannot find required key 'PopulatedFRU'. Path: '/52'.\n     - Cannot find required key 'PopulatedFRU'. Path: '/53'.\n     - Cannot find required key 'PopulatedFRU'. Path: '/56'.\n     - Cannot find required key 'PopulatedFRU'. Path: '/58'.\n     - Cannot find required key 'PopulatedFRU'. Path: '/59'.\n     - Cannot find required key 'PopulatedFRU'. Path: '/60'.\n     - Cannot find required key 'PopulatedFRU'. Path: '/61'.\n     - Cannot find required key 'PopulatedFRU'. Path: '/62'.\n     - Cannot find required key 'PopulatedFRU'. Path: '/64'.\n     - Cannot find required key 'PopulatedFRU'. Path: '/66'.\n     - Cannot find required key 'PopulatedFRU'. Path: '/69'.\n     - Cannot find required key 'PopulatedFRU'. Path: '/71'.\n     - Cannot find required key 'PopulatedFRU'. Path: '/547'.\n     - Cannot find required key 'PopulatedFRU'. Path: '/553'.\n     - Cannot find required key 'PopulatedFRU'. Path: '/555'.\n     - Cannot find required key 'PopulatedFRU'. Path: '/564'.: Path: '/'>\n\n    The above exception was the direct cause of the following exception:\n\n    Traceback (most recent call last):\n      File \"/usr/lib/python3.9/site-packages/tavern/response/base.py\", line 152, in _maybe_run_validate_functions\n        vf(response)\n      File \"/usr/lib/python3.9/site-packages/tavern/util/extfunctions.py\", line 98, in inner\n        result = func(response, *args, **kwargs)\n      File \"/usr/lib/python3.9/site-packages/tavern/testutils/helpers.py\", line 103, in validate_pykwalify\n        verify_generic(to_verify, schema)\n      File \"/usr/lib/python3.9/site-packages/tavern/schemas/files.py\", line 109, in verify_generic\n        raise BadSchemaError() from e\n    tavern.util.exceptions.BadSchemaError","time":{"start":1709194120425,"stop":1709194122662,"duration":2237}},{"uid":"47ca656f5e6e4ed8","status":"failed","statusDetails":"tavern.util.exceptions.TestFailError: Test 'hsmAPIinventoryHardwareGET - Retrieve multiple Hardware Inventory entries using GET.' failed:\n- Error calling validate function '<function validate_pykwalify at 0x7ff94403ad30>':\n    Traceback (most recent call last):\n      File \"/usr/lib/python3.9/site-packages/tavern/schemas/files.py\", line 106, in verify_generic\n        verifier.validate()\n      File \"/usr/lib/python3.9/site-packages/pykwalify/core.py\", line 194, in validate\n        raise SchemaError(u\"Schema validation failed:\\n - {error_msg}.\".format(\n    pykwalify.errors.SchemaError: <SchemaError: error code 2: Schema validation failed:\n     - Cannot find required key 'PopulatedFRU'. Path: '/6'.\n     - Cannot find required key 'PopulatedFRU'. Path: '/7'.\n     - Cannot find required key 'PopulatedFRU'. Path: '/8'.\n     - Cannot find required key 'PopulatedFRU'. Path: '/9'.\n     - Cannot find required key 'PopulatedFRU'. Path: '/10'.\n     - Cannot find required key 'PopulatedFRU'. Path: '/13'.\n     - Cannot find required key 'PopulatedFRU'. Path: '/14'.\n     - Cannot find required key 'PopulatedFRU'. Path: '/15'.\n     - Cannot find required key 'PopulatedFRU'. Path: '/16'.\n     - Cannot find required key 'PopulatedFRU'. Path: '/17'.\n     - Cannot find required key 'PopulatedFRU'. Path: '/18'.\n     - Cannot find required key 'PopulatedFRU'. Path: '/19'.\n     - Cannot find required key 'PopulatedFRU'. Path: '/23'.\n     - Cannot find required key 'PopulatedFRU'. Path: '/28'.\n     - Cannot find required key 'PopulatedFRU'. Path: '/43'.\n     - Cannot find required key 'PopulatedFRU'. Path: '/46'.\n     - Cannot find required key 'PopulatedFRU'. Path: '/47'.\n     - Cannot find required key 'PopulatedFRU'. Path: '/53'.\n     - Cannot find required key 'PopulatedFRU'. Path: '/56'.\n     - Cannot find required key 'PopulatedFRU'. Path: '/57'.\n     - Cannot find required key 'PopulatedFRU'. Path: '/61'.\n     - Cannot find required key 'PopulatedFRU'. Path: '/62'.\n     - Cannot find required key 'PopulatedFRU'. Path: '/63'.\n     - Cannot find required key 'PopulatedFRU'. Path: '/64'.\n     - Cannot find required key 'PopulatedFRU'. Path: '/65'.\n     - Cannot find required key 'PopulatedFRU'. Path: '/67'.\n     - Cannot find required key 'PopulatedFRU'. Path: '/69'.\n     - Cannot find required key 'PopulatedFRU'. Path: '/70'.\n     - Cannot find required key 'PopulatedFRU'. Path: '/72'.\n     - Cannot find required key 'PopulatedFRU'. Path: '/73'.\n     - Cannot find required key 'PopulatedFRU'. Path: '/570'.\n     - Cannot find required key 'PopulatedFRU'. Path: '/571'.\n     - Cannot find required key 'PopulatedFRU'. Path: '/575'.\n     - Cannot find required key 'PopulatedFRU'. Path: '/579'.: Path: '/'>\n\n    The above exception was the direct cause of the following exception:\n\n    Traceback (most recent call last):\n      File \"/usr/lib/python3.9/site-packages/tavern/response/base.py\", line 152, in _maybe_run_validate_functions\n        vf(response)\n      File \"/usr/lib/python3.9/site-packages/tavern/util/extfunctions.py\", line 98, in inner\n        result = func(response, *args, **kwargs)\n      File \"/usr/lib/python3.9/site-packages/tavern/testutils/helpers.py\", line 103, in validate_pykwalify\n        verify_generic(to_verify, schema)\n      File \"/usr/lib/python3.9/site-packages/tavern/schemas/files.py\", line 109, in verify_generic\n        raise BadSchemaError() from e\n    tavern.util.exceptions.BadSchemaError","time":{"start":1709107734548,"stop":1709107736827,"duration":2279}},{"uid":"e41703ef7c16d98b","status":"failed","statusDetails":"tavern.util.exceptions.TestFailError: Test 'hsmAPIinventoryHardwareGET - Retrieve multiple Hardware Inventory entries using GET.' failed:\n- Error calling validate function '<function validate_pykwalify at 0x7f335f312d30>':\n    Traceback (most recent call last):\n      File \"/usr/lib/python3.9/site-packages/tavern/schemas/files.py\", line 106, in verify_generic\n        verifier.validate()\n      File \"/usr/lib/python3.9/site-packages/pykwalify/core.py\", line 194, in validate\n        raise SchemaError(u\"Schema validation failed:\\n - {error_msg}.\".format(\n    pykwalify.errors.SchemaError: <SchemaError: error code 2: Schema validation failed:\n     - Cannot find required key 'PopulatedFRU'. Path: '/6'.\n     - Cannot find required key 'PopulatedFRU'. Path: '/7'.\n     - Cannot find required key 'PopulatedFRU'. Path: '/9'.\n     - Cannot find required key 'PopulatedFRU'. Path: '/10'.\n     - Cannot find required key 'PopulatedFRU'. Path: '/11'.\n     - Cannot find required key 'PopulatedFRU'. Path: '/13'.\n     - Cannot find required key 'PopulatedFRU'. Path: '/14'.\n     - Cannot find required key 'PopulatedFRU'. Path: '/15'.\n     - Cannot find required key 'PopulatedFRU'. Path: '/16'.\n     - Cannot find required key 'PopulatedFRU'. Path: '/17'.\n     - Cannot find required key 'PopulatedFRU'. Path: '/18'.\n     - Cannot find required key 'PopulatedFRU'. Path: '/19'.\n     - Cannot find required key 'PopulatedFRU'. Path: '/23'.\n     - Cannot find required key 'PopulatedFRU'. Path: '/28'.\n     - Cannot find required key 'PopulatedFRU'. Path: '/45'.\n     - Cannot find required key 'PopulatedFRU'. Path: '/48'.\n     - Cannot find required key 'PopulatedFRU'. Path: '/49'.\n     - Cannot find required key 'PopulatedFRU'. Path: '/50'.\n     - Cannot find required key 'PopulatedFRU'. Path: '/52'.\n     - Cannot find required key 'PopulatedFRU'. Path: '/53'.\n     - Cannot find required key 'PopulatedFRU'. Path: '/54'.\n     - Cannot find required key 'PopulatedFRU'. Path: '/55'.\n     - Cannot find required key 'PopulatedFRU'. Path: '/56'.\n     - Cannot find required key 'PopulatedFRU'. Path: '/58'.\n     - Cannot find required key 'PopulatedFRU'. Path: '/60'.\n     - Cannot find required key 'PopulatedFRU'. Path: '/64'.\n     - Cannot find required key 'PopulatedFRU'. Path: '/65'.\n     - Cannot find required key 'PopulatedFRU'. Path: '/66'.\n     - Cannot find required key 'PopulatedFRU'. Path: '/70'.\n     - Cannot find required key 'PopulatedFRU'. Path: '/73'.\n     - Cannot find required key 'PopulatedFRU'. Path: '/118'.\n     - Cannot find required key 'PopulatedFRU'. Path: '/122'.\n     - Cannot find required key 'PopulatedFRU'. Path: '/124'.\n     - Cannot find required key 'PopulatedFRU'. Path: '/127'.: Path: '/'>\n\n    The above exception was the direct cause of the following exception:\n\n    Traceback (most recent call last):\n      File \"/usr/lib/python3.9/site-packages/tavern/response/base.py\", line 152, in _maybe_run_validate_functions\n        vf(response)\n      File \"/usr/lib/python3.9/site-packages/tavern/util/extfunctions.py\", line 98, in inner\n        result = func(response, *args, **kwargs)\n      File \"/usr/lib/python3.9/site-packages/tavern/testutils/helpers.py\", line 103, in validate_pykwalify\n        verify_generic(to_verify, schema)\n      File \"/usr/lib/python3.9/site-packages/tavern/schemas/files.py\", line 109, in verify_generic\n        raise BadSchemaError() from e\n    tavern.util.exceptions.BadSchemaError","time":{"start":1709021335545,"stop":1709021337826,"duration":2281}}]},"tags":[]},"source":"72df651a5bbbfc29.json","parameterValues":[]}