{"uid":"4b4757e66a1912dae1a509f688f20b0f","children":[{"name":"Product defects","children":[{"name":"tavern.util.exceptions.TestFailError: Test 'hsmAPIinventoryHardwareGET - Retrieve multiple Hardware Inventory entries using GET.' failed:\n- Error calling validate function '<function validate_pykwalify at 0x7f11f298a5e0>':\n    Traceback (most recent call last):\n      File \"/usr/lib/python3.9/site-packages/tavern/schemas/files.py\", line 106, in verify_generic\n        verifier.validate()\n      File \"/usr/lib/python3.9/site-packages/pykwalify/core.py\", line 194, in validate\n        raise SchemaError(u\"Schema validation failed:\\n - {error_msg}.\".format(\n    pykwalify.errors.SchemaError: <SchemaError: error code 2: Schema validation failed:\n     - Cannot find required key 'PopulatedFRU'. Path: '/5'.\n     - Cannot find required key 'PopulatedFRU'. Path: '/6'.\n     - Cannot find required key 'PopulatedFRU'. Path: '/9'.\n     - Cannot find required key 'PopulatedFRU'. Path: '/10'.\n     - Cannot find required key 'PopulatedFRU'. Path: '/11'.\n     - Cannot find required key 'PopulatedFRU'. Path: '/14'.\n     - Cannot find required key 'PopulatedFRU'. Path: '/15'.\n     - Cannot find required key 'PopulatedFRU'. Path: '/16'.\n     - Cannot find required key 'PopulatedFRU'. Path: '/17'.\n     - Cannot find required key 'PopulatedFRU'. Path: '/18'.\n     - Cannot find required key 'PopulatedFRU'. Path: '/19'.\n     - Cannot find required key 'PopulatedFRU'. Path: '/20'.\n     - Cannot find required key 'PopulatedFRU'. Path: '/23'.\n     - Cannot find required key 'PopulatedFRU'. Path: '/28'.\n     - Cannot find required key 'PopulatedFRU'. Path: '/42'.\n     - Cannot find required key 'PopulatedFRU'. Path: '/43'.\n     - Cannot find required key 'PopulatedFRU'. Path: '/45'.\n     - Cannot find required key 'PopulatedFRU'. Path: '/46'.\n     - Cannot find required key 'PopulatedFRU'. Path: '/48'.\n     - Cannot find required key 'PopulatedFRU'. Path: '/49'.\n     - Cannot find required key 'PopulatedFRU'. Path: '/53'.\n     - Cannot find required key 'PopulatedFRU'. Path: '/54'.\n     - Cannot find required key 'PopulatedFRU'. Path: '/55'.\n     - Cannot find required key 'PopulatedFRU'. Path: '/58'.\n     - Cannot find required key 'PopulatedFRU'. Path: '/60'.\n     - Cannot find required key 'PopulatedFRU'. Path: '/65'.\n     - Cannot find required key 'PopulatedFRU'. Path: '/66'.\n     - Cannot find required key 'PopulatedFRU'. Path: '/67'.\n     - Cannot find required key 'PopulatedFRU'. Path: '/72'.\n     - Cannot find required key 'PopulatedFRU'. Path: '/73'.\n     - Cannot find required key 'PopulatedFRU'. Path: '/603'.\n     - Cannot find required key 'PopulatedFRU'. Path: '/605'.\n     - Cannot find required key 'PopulatedFRU'. Path: '/613'.\n     - Cannot find required key 'PopulatedFRU'. Path: '/617'.: Path: '/'>\n\n    The above exception was the direct cause of the following exception:\n\n    Traceback (most recent call last):\n      File \"/usr/lib/python3.9/site-packages/tavern/response/base.py\", line 152, in _maybe_run_validate_functions\n        vf(response)\n      File \"/usr/lib/python3.9/site-packages/tavern/util/extfunctions.py\", line 98, in inner\n        result = func(response, *args, **kwargs)\n      File \"/usr/lib/python3.9/site-packages/tavern/testutils/helpers.py\", line 103, in validate_pykwalify\n        verify_generic(to_verify, schema)\n      File \"/usr/lib/python3.9/site-packages/tavern/schemas/files.py\", line 109, in verify_generic\n        raise BadSchemaError() from e\n    tavern.util.exceptions.BadSchemaError","children":[{"name":"hsmAPIinventoryHardwareDisruptive","uid":"ec8638fc54b35eb7","parentUid":"29c987737d2e7d76a24eab81a1eeb0a2","status":"failed","time":{"start":1678217520187,"stop":1678217523055,"duration":2868},"flaky":false,"newFailed":false,"newPassed":false,"newBroken":false,"retriesCount":0,"retriesStatusChange":false,"parameters":[],"tags":[]}],"uid":"29c987737d2e7d76a24eab81a1eeb0a2"},{"name":"tavern.util.exceptions.TestFailError: Test 'hsmAPIinventoryHardwareQueryXnameGETnonExistentNode - Attempt to query for Node Hardware Inventory entries with an xname that doesn't exist using GET.' failed:\n- Error calling validate function '<function validate_pykwalify at 0x7f11f298a5e0>':\n    Traceback (most recent call last):\n      File \"/usr/lib/python3.9/site-packages/tavern/schemas/files.py\", line 106, in verify_generic\n        verifier.validate()\n      File \"/usr/lib/python3.9/site-packages/pykwalify/core.py\", line 194, in validate\n        raise SchemaError(u\"Schema validation failed:\\n - {error_msg}.\".format(\n    pykwalify.errors.SchemaError: <SchemaError: error code 2: Schema validation failed:\n     - Key 'Nodes' was not defined. Path: ''.: Path: '/'>\n\n    The above exception was the direct cause of the following exception:\n\n    Traceback (most recent call last):\n      File \"/usr/lib/python3.9/site-packages/tavern/response/base.py\", line 152, in _maybe_run_validate_functions\n        vf(response)\n      File \"/usr/lib/python3.9/site-packages/tavern/util/extfunctions.py\", line 98, in inner\n        result = func(response, *args, **kwargs)\n      File \"/usr/lib/python3.9/site-packages/tavern/testutils/helpers.py\", line 103, in validate_pykwalify\n        verify_generic(to_verify, schema)\n      File \"/usr/lib/python3.9/site-packages/tavern/schemas/files.py\", line 109, in verify_generic\n        raise BadSchemaError() from e\n    tavern.util.exceptions.BadSchemaError","children":[{"name":"hsmAPIinventoryHardwareNegative","uid":"590fc837165a07","parentUid":"6723c0b40b9a6d1720dd9c8190a57cfa","status":"failed","time":{"start":1678217523129,"stop":1678217523246,"duration":117},"flaky":false,"newFailed":false,"newPassed":false,"newBroken":false,"retriesCount":0,"retriesStatusChange":false,"parameters":[],"tags":[]}],"uid":"6723c0b40b9a6d1720dd9c8190a57cfa"},{"name":"tavern.util.exceptions.TestFailError: Test 'capmcAPISetPowerCap - test2 - set_power_cap for two ready nodes' failed:\n- Error calling validate function '<function validate_pykwalify at 0x7f6e4f9f9d30>':\n    Traceback (most recent call last):\n      File \"/usr/lib/python3.9/site-packages/tavern/schemas/files.py\", line 106, in verify_generic\n        verifier.validate()\n      File \"/usr/lib/python3.9/site-packages/pykwalify/core.py\", line 194, in validate\n        raise SchemaError(u\"Schema validation failed:\\n - {error_msg}.\".format(\n    pykwalify.errors.SchemaError: <SchemaError: error code 2: Schema validation failed:\n     - Enum '22' does not exist. Path: '/e' Enum: [0].\n     - Value '[{'nid': 20, 'e': 22, 'err_msg': 'No NID supported controls specified'}, {'nid': 1025, 'e': 22, 'err_msg': 'Control (Node Power Limit) value (5036) is greater than maximum (925)'}]' is not of type 'none'. Path: '/nids'.: Path: '/'>\n\n    The above exception was the direct cause of the following exception:\n\n    Traceback (most recent call last):\n      File \"/usr/lib/python3.9/site-packages/tavern/response/base.py\", line 152, in _maybe_run_validate_functions\n        vf(response)\n      File \"/usr/lib/python3.9/site-packages/tavern/util/extfunctions.py\", line 98, in inner\n        result = func(response, *args, **kwargs)\n      File \"/usr/lib/python3.9/site-packages/tavern/testutils/helpers.py\", line 103, in validate_pykwalify\n        verify_generic(to_verify, schema)\n      File \"/usr/lib/python3.9/site-packages/tavern/schemas/files.py\", line 109, in verify_generic\n        raise BadSchemaError() from e\n    tavern.util.exceptions.BadSchemaError","children":[{"name":"capmcAPISetPowerCap","uid":"afcbd81c8821732","parentUid":"800d1408c0a65c7351bbeddb737e7855","status":"failed","time":{"start":1678218763764,"stop":1678218763951,"duration":187},"flaky":true,"newFailed":true,"newPassed":false,"newBroken":false,"retriesCount":0,"retriesStatusChange":false,"parameters":[],"tags":[]}],"uid":"800d1408c0a65c7351bbeddb737e7855"},{"name":"tavern.util.exceptions.TestFailError: Test 'Query bootscript by xname' failed:\n- Error calling validate function '<function better_validate_regex at 0x7f6f47521310>':\n    Traceback (most recent call last):\n      File \"/usr/lib/python3.9/site-packages/tavern/response/base.py\", line 152, in _maybe_run_validate_functions\n        vf(response)\n      File \"/usr/lib/python3.9/site-packages/tavern/util/extfunctions.py\", line 98, in inner\n        result = func(response, *args, **kwargs)\n      File \"/src/libs/bss_test_utils.py\", line 65, in better_validate_regex\n        raise exceptions.RegexAccessError(f\"No match for regex '{expression}' in response:\\n{response.text}\")\n    tavern.util.exceptions.RegexAccessError: No match for regex 'kernel http[s]?:\\/\\/.+/boot-images/00000000-0000-0000-0000-000000000000\\/kernel' in response:\n    #!ipxe\n    sleep 10\n    chain https://api-gw-service-nmn.local/apis/bss/boot/v1/bootscript?mac=00:40:a6:11:39:6b&retry=1\n\n\n\n- Error calling validate function '<function better_validate_regex at 0x7f6f47521310>':\n    Traceback (most recent call last):\n      File \"/usr/lib/python3.9/site-packages/tavern/response/base.py\", line 152, in _maybe_run_validate_functions\n        vf(response)\n      File \"/usr/lib/python3.9/site-packages/tavern/util/extfunctions.py\", line 98, in inner\n        result = func(response, *args, **kwargs)\n      File \"/src/libs/bss_test_utils.py\", line 65, in better_validate_regex\n        raise exceptions.RegexAccessError(f\"No match for regex '{expression}' in response:\\n{response.text}\")\n    tavern.util.exceptions.RegexAccessError: No match for regex 'initrd http[s]?:\\/\\/.+/boot-images/00000000-0000-0000-0000-000000000000\\/initrd' in response:\n    #!ipxe\n    sleep 10\n    chain https://api-gw-service-nmn.local/apis/bss/boot/v1/bootscript?mac=00:40:a6:11:39:6b&retry=1\n\n\n\n- Error calling validate function '<function better_validate_regex at 0x7f6f47521310>':\n    Traceback (most recent call last):\n      File \"/usr/lib/python3.9/site-packages/tavern/response/base.py\", line 152, in _maybe_run_validate_functions\n        vf(response)\n      File \"/usr/lib/python3.9/site-packages/tavern/util/extfunctions.py\", line 98, in inner\n        result = func(response, *args, **kwargs)\n      File \"/src/libs/bss_test_utils.py\", line 65, in better_validate_regex\n        raise exceptions.RegexAccessError(f\"No match for regex '{expression}' in response:\\n{response.text}\")\n    tavern.util.exceptions.RegexAccessError: No match for regex 'kernel --name .+console.tty0' in response:\n    #!ipxe\n    sleep 10\n    chain https://api-gw-service-nmn.local/apis/bss/boot/v1/bootscript?mac=00:40:a6:11:39:6b&retry=1\n\n\n\n- Error calling validate function '<function better_validate_regex at 0x7f6f47521310>':\n    Traceback (most recent call last):\n      File \"/usr/lib/python3.9/site-packages/tavern/response/base.py\", line 152, in _maybe_run_validate_functions\n        vf(response)\n      File \"/usr/lib/python3.9/site-packages/tavern/util/extfunctions.py\", line 98, in inner\n        result = func(response, *args, **kwargs)\n      File \"/src/libs/bss_test_utils.py\", line 65, in better_validate_regex\n        raise exceptions.RegexAccessError(f\"No match for regex '{expression}' in response:\\n{response.text}\")\n    tavern.util.exceptions.RegexAccessError: No match for regex 'kernel --name .+xname=x1000c0s7b0n0' in response:\n    #!ipxe\n    sleep 10\n    chain https://api-gw-service-nmn.local/apis/bss/boot/v1/bootscript?mac=00:40:a6:11:39:6b&retry=1\n\n\n\n- Error calling validate function '<function better_validate_regex at 0x7f6f47521310>':\n    Traceback (most recent call last):\n      File \"/usr/lib/python3.9/site-packages/tavern/response/base.py\", line 152, in _maybe_run_validate_functions\n        vf(response)\n      File \"/usr/lib/python3.9/site-packages/tavern/util/extfunctions.py\", line 98, in inner\n        result = func(response, *args, **kwargs)\n      File \"/src/libs/bss_test_utils.py\", line 65, in better_validate_regex\n        raise exceptions.RegexAccessError(f\"No match for regex '{expression}' in response:\\n{response.text}\")\n    tavern.util.exceptions.RegexAccessError: No match for regex 'kernel --name .+nid=1028' in response:\n    #!ipxe\n    sleep 10\n    chain https://api-gw-service-nmn.local/apis/bss/boot/v1/bootscript?mac=00:40:a6:11:39:6b&retry=1\n\n\n\n- Error calling validate function '<function better_validate_regex at 0x7f6f47521310>':\n    Traceback (most recent call last):\n      File \"/usr/lib/python3.9/site-packages/tavern/response/base.py\", line 152, in _maybe_run_validate_functions\n        vf(response)\n      File \"/usr/lib/python3.9/site-packages/tavern/util/extfunctions.py\", line 98, in inner\n        result = func(response, *args, **kwargs)\n      File \"/src/libs/bss_test_utils.py\", line 65, in better_validate_regex\n        raise exceptions.RegexAccessError(f\"No match for regex '{expression}' in response:\\n{response.text}\")\n    tavern.util.exceptions.RegexAccessError: No match for regex 'kernel --name .+bss_referral_token=' in response:\n    #!ipxe\n    sleep 10\n    chain https://api-gw-service-nmn.local/apis/bss/boot/v1/bootscript?mac=00:40:a6:11:39:6b&retry=1","children":[{"name":"bssAPIbootscript","uid":"6344d4820e8837e4","parentUid":"9247b48fdb5a2a6c693e5ba65b97af76","status":"failed","time":{"start":1678219175147,"stop":1678219175233,"duration":86},"flaky":false,"newFailed":false,"newPassed":false,"newBroken":false,"retriesCount":0,"retriesStatusChange":false,"parameters":[],"tags":[]}],"uid":"9247b48fdb5a2a6c693e5ba65b97af76"}],"uid":"8fb3a91ba5aaf9de24cc8a92edc82b5d"}],"name":"categories"}