{"uid":"2b7f4332aebc00d4","name":"hsmAPIinventoryHardwareDisruptive","fullName":"api.2-disruptive.test_hardware.tavern#hsmAPIinventoryHardwareDisruptive","historyId":"835ff18518ce742b155f9cf4039900b3","time":{"start":1711354774124,"stop":1711354776397,"duration":2273},"status":"failed","statusMessage":"tavern.util.exceptions.TestFailError: Test 'hsmAPIinventoryHardwareGET - Retrieve multiple Hardware Inventory entries using GET.' failed:\n- Error calling validate function '<function validate_pykwalify at 0x7fb0e218ce50>':\n    Traceback (most recent call last):\n      File \"/usr/lib/python3.9/site-packages/tavern/schemas/files.py\", line 106, in verify_generic\n        verifier.validate()\n      File \"/usr/lib/python3.9/site-packages/pykwalify/core.py\", line 194, in validate\n        raise SchemaError(u\"Schema validation failed:\\n - {error_msg}.\".format(\n    pykwalify.errors.SchemaError: <SchemaError: error code 2: Schema validation failed:\n     - Cannot find required key 'PopulatedFRU'. Path: '/6'.\n     - Cannot find required key 'PopulatedFRU'. Path: '/8'.\n     - Cannot find required key 'PopulatedFRU'. Path: '/9'.\n     - Cannot find required key 'PopulatedFRU'. Path: '/10'.\n     - Cannot find required key 'PopulatedFRU'. Path: '/11'.\n     - Cannot find required key 'PopulatedFRU'. Path: '/12'.\n     - Cannot find required key 'PopulatedFRU'. Path: '/14'.\n     - Cannot find required key 'PopulatedFRU'. Path: '/15'.\n     - Cannot find required key 'PopulatedFRU'. Path: '/16'.\n     - Cannot find required key 'PopulatedFRU'. Path: '/17'.\n     - Cannot find required key 'PopulatedFRU'. Path: '/18'.\n     - Cannot find required key 'PopulatedFRU'. Path: '/19'.\n     - Cannot find required key 'PopulatedFRU'. Path: '/23'.\n     - Cannot find required key 'PopulatedFRU'. Path: '/28'.\n     - Cannot find required key 'PopulatedFRU'. Path: '/42'.\n     - Cannot find required key 'PopulatedFRU'. Path: '/45'.\n     - Cannot find required key 'PopulatedFRU'. Path: '/47'.\n     - Cannot find required key 'PopulatedFRU'. Path: '/50'.\n     - Cannot find required key 'PopulatedFRU'. Path: '/52'.\n     - Cannot find required key 'PopulatedFRU'. Path: '/55'.\n     - Cannot find required key 'PopulatedFRU'. Path: '/56'.\n     - Cannot find required key 'PopulatedFRU'. Path: '/57'.\n     - Cannot find required key 'PopulatedFRU'. Path: '/59'.\n     - Cannot find required key 'PopulatedFRU'. Path: '/60'.\n     - Cannot find required key 'PopulatedFRU'. Path: '/61'.\n     - Cannot find required key 'PopulatedFRU'. Path: '/63'.\n     - Cannot find required key 'PopulatedFRU'. Path: '/69'.\n     - Cannot find required key 'PopulatedFRU'. Path: '/70'.\n     - Cannot find required key 'PopulatedFRU'. Path: '/72'.\n     - Cannot find required key 'PopulatedFRU'. Path: '/73'.\n     - Cannot find required key 'PopulatedFRU'. Path: '/607'.\n     - Cannot find required key 'PopulatedFRU'. Path: '/609'.\n     - Cannot find required key 'PopulatedFRU'. Path: '/613'.\n     - Cannot find required key 'PopulatedFRU'. Path: '/614'.: Path: '/'>\n\n    The above exception was the direct cause of the following exception:\n\n    Traceback (most recent call last):\n      File \"/usr/lib/python3.9/site-packages/tavern/response/base.py\", line 152, in _maybe_run_validate_functions\n        vf(response)\n      File \"/usr/lib/python3.9/site-packages/tavern/util/extfunctions.py\", line 98, in inner\n        result = func(response, *args, **kwargs)\n      File \"/usr/lib/python3.9/site-packages/tavern/testutils/helpers.py\", line 103, in validate_pykwalify\n        verify_generic(to_verify, schema)\n      File \"/usr/lib/python3.9/site-packages/tavern/schemas/files.py\", line 109, in verify_generic\n        raise BadSchemaError() from e\n    tavern.util.exceptions.BadSchemaError","statusTrace":"Format variables:\n  hsm_base_url = 'http://cray-smd:27779'\n  verify = 'False'\n\nSource test stage (line 2205):\n  - name: hsmAPIinventoryHardwareGET - Retrieve multiple Hardware Inventory entries using GET.\n    request:\n      url: \"{hsm_base_url}/hsm/v2/Inventory/Hardware\"\n      method: GET\n      verify: !bool \"{verify}\"\n    response:\n      status_code: 200\n      verify_response_with:\n        function: tavern.testutils.helpers:validate_pykwalify\n        extra_kwargs:\n          schema:\n            type: seq\n            required: True\n            matching: all\n            sequence:\n              - type: map\n                required: True\n\n                allowempty: True\n                mapping:\n                  ID:\n                    type: str\n                    required: True\n                  Type:\n                    type: str\n                    required: True\n                  Ordinal:\n                    type: int\n                    required: True\n                  Status:\n                    type: str\n                    required: True\n                  HWInventoryByLocationType:\n                    type: str\n                    required: True\n                  PopulatedFRU:\n                    type: map\n                    required: True\n\n                    allowempty: True\n                    mapping:\n                      FRUID:\n                        type: str\n                        required: True\n                      Type:\n                        type: str\n                        required: True\n                      Subtype:\n                        type: str\n                        required: True\n\n\n\n\nFormatted stage:\n  name: hsmAPIinventoryHardwareGET - Retrieve multiple Hardware Inventory entries using\n    GET.\n  request:\n    method: GET\n    url: 'http://cray-smd:27779/hsm/v2/Inventory/Hardware'\n    verify: !bool 'False'\n  response:\n    status_code: 200\n    verify_response_with:\n      extra_kwargs:\n        schema:\n          matching: all\n          required: true\n          sequence:\n          - allowempty: true\n            mapping:\n              HWInventoryByLocationType:\n                required: true\n                type: str\n              ID:\n                required: true\n                type: str\n              Ordinal:\n                required: true\n                type: int\n              PopulatedFRU:\n                allowempty: true\n                mapping:\n                  FRUID:\n                    required: true\n                    type: str\n                  Subtype:\n                    required: true\n                    type: str\n                  Type:\n                    required: true\n                    type: str\n                required: true\n                type: map\n              Status:\n                required: true\n                type: str\n              Type:\n                required: true\n                type: str\n            required: true\n            type: map\n          type: seq\n      function: tavern.testutils.helpers:validate_pykwalify\n\nErrors:\nE   tavern.util.exceptions.TestFailError: Test 'hsmAPIinventoryHardwareGET - Retrieve multiple Hardware Inventory entries using GET.' failed:\n    - Error calling validate function '<function validate_pykwalify at 0x7fb0e218ce50>':\n        Traceback (most recent call last):\n          File \"/usr/lib/python3.9/site-packages/tavern/schemas/files.py\", line 106, in verify_generic\n            verifier.validate()\n          File \"/usr/lib/python3.9/site-packages/pykwalify/core.py\", line 194, in validate\n            raise SchemaError(u\"Schema validation failed:\\n - {error_msg}.\".format(\n        pykwalify.errors.SchemaError: <SchemaError: error code 2: Schema validation failed:\n         - Cannot find required key 'PopulatedFRU'. Path: '/6'.\n         - Cannot find required key 'PopulatedFRU'. Path: '/8'.\n         - Cannot find required key 'PopulatedFRU'. Path: '/9'.\n         - Cannot find required key 'PopulatedFRU'. Path: '/10'.\n         - Cannot find required key 'PopulatedFRU'. Path: '/11'.\n         - Cannot find required key 'PopulatedFRU'. Path: '/12'.\n         - Cannot find required key 'PopulatedFRU'. Path: '/14'.\n         - Cannot find required key 'PopulatedFRU'. Path: '/15'.\n         - Cannot find required key 'PopulatedFRU'. Path: '/16'.\n         - Cannot find required key 'PopulatedFRU'. Path: '/17'.\n         - Cannot find required key 'PopulatedFRU'. Path: '/18'.\n         - Cannot find required key 'PopulatedFRU'. Path: '/19'.\n         - Cannot find required key 'PopulatedFRU'. Path: '/23'.\n         - Cannot find required key 'PopulatedFRU'. Path: '/28'.\n         - Cannot find required key 'PopulatedFRU'. Path: '/42'.\n         - Cannot find required key 'PopulatedFRU'. Path: '/45'.\n         - Cannot find required key 'PopulatedFRU'. Path: '/47'.\n         - Cannot find required key 'PopulatedFRU'. Path: '/50'.\n         - Cannot find required key 'PopulatedFRU'. Path: '/52'.\n         - Cannot find required key 'PopulatedFRU'. Path: '/55'.\n         - Cannot find required key 'PopulatedFRU'. Path: '/56'.\n         - Cannot find required key 'PopulatedFRU'. Path: '/57'.\n         - Cannot find required key 'PopulatedFRU'. Path: '/59'.\n         - Cannot find required key 'PopulatedFRU'. Path: '/60'.\n         - Cannot find required key 'PopulatedFRU'. Path: '/61'.\n         - Cannot find required key 'PopulatedFRU'. Path: '/63'.\n         - Cannot find required key 'PopulatedFRU'. Path: '/69'.\n         - Cannot find required key 'PopulatedFRU'. Path: '/70'.\n         - Cannot find required key 'PopulatedFRU'. Path: '/72'.\n         - Cannot find required key 'PopulatedFRU'. Path: '/73'.\n         - Cannot find required key 'PopulatedFRU'. Path: '/607'.\n         - Cannot find required key 'PopulatedFRU'. Path: '/609'.\n         - Cannot find required key 'PopulatedFRU'. Path: '/613'.\n         - Cannot find required key 'PopulatedFRU'. Path: '/614'.: Path: '/'>\n    \n        The above exception was the direct cause of the following exception:\n    \n        Traceback (most recent call last):\n          File \"/usr/lib/python3.9/site-packages/tavern/response/base.py\", line 152, in _maybe_run_validate_functions\n            vf(response)\n          File \"/usr/lib/python3.9/site-packages/tavern/util/extfunctions.py\", line 98, in inner\n            result = func(response, *args, **kwargs)\n          File \"/usr/lib/python3.9/site-packages/tavern/testutils/helpers.py\", line 103, in validate_pykwalify\n            verify_generic(to_verify, schema)\n          File \"/usr/lib/python3.9/site-packages/tavern/schemas/files.py\", line 109, in verify_generic\n            raise BadSchemaError() from e\n        tavern.util.exceptions.BadSchemaError","flaky":false,"newFailed":false,"newBroken":false,"newPassed":false,"retriesCount":0,"retriesStatusChange":false,"beforeStages":[],"testStage":{"status":"failed","statusMessage":"tavern.util.exceptions.TestFailError: Test 'hsmAPIinventoryHardwareGET - Retrieve multiple Hardware Inventory entries using GET.' failed:\n- Error calling validate function '<function validate_pykwalify at 0x7fb0e218ce50>':\n    Traceback (most recent call last):\n      File \"/usr/lib/python3.9/site-packages/tavern/schemas/files.py\", line 106, in verify_generic\n        verifier.validate()\n      File \"/usr/lib/python3.9/site-packages/pykwalify/core.py\", line 194, in validate\n        raise SchemaError(u\"Schema validation failed:\\n - {error_msg}.\".format(\n    pykwalify.errors.SchemaError: <SchemaError: error code 2: Schema validation failed:\n     - Cannot find required key 'PopulatedFRU'. Path: '/6'.\n     - Cannot find required key 'PopulatedFRU'. Path: '/8'.\n     - Cannot find required key 'PopulatedFRU'. Path: '/9'.\n     - Cannot find required key 'PopulatedFRU'. Path: '/10'.\n     - Cannot find required key 'PopulatedFRU'. Path: '/11'.\n     - Cannot find required key 'PopulatedFRU'. Path: '/12'.\n     - Cannot find required key 'PopulatedFRU'. Path: '/14'.\n     - Cannot find required key 'PopulatedFRU'. Path: '/15'.\n     - Cannot find required key 'PopulatedFRU'. Path: '/16'.\n     - Cannot find required key 'PopulatedFRU'. Path: '/17'.\n     - Cannot find required key 'PopulatedFRU'. Path: '/18'.\n     - Cannot find required key 'PopulatedFRU'. Path: '/19'.\n     - Cannot find required key 'PopulatedFRU'. Path: '/23'.\n     - Cannot find required key 'PopulatedFRU'. Path: '/28'.\n     - Cannot find required key 'PopulatedFRU'. Path: '/42'.\n     - Cannot find required key 'PopulatedFRU'. Path: '/45'.\n     - Cannot find required key 'PopulatedFRU'. Path: '/47'.\n     - Cannot find required key 'PopulatedFRU'. Path: '/50'.\n     - Cannot find required key 'PopulatedFRU'. Path: '/52'.\n     - Cannot find required key 'PopulatedFRU'. Path: '/55'.\n     - Cannot find required key 'PopulatedFRU'. Path: '/56'.\n     - Cannot find required key 'PopulatedFRU'. Path: '/57'.\n     - Cannot find required key 'PopulatedFRU'. Path: '/59'.\n     - Cannot find required key 'PopulatedFRU'. Path: '/60'.\n     - Cannot find required key 'PopulatedFRU'. Path: '/61'.\n     - Cannot find required key 'PopulatedFRU'. Path: '/63'.\n     - Cannot find required key 'PopulatedFRU'. Path: '/69'.\n     - Cannot find required key 'PopulatedFRU'. Path: '/70'.\n     - Cannot find required key 'PopulatedFRU'. Path: '/72'.\n     - Cannot find required key 'PopulatedFRU'. Path: '/73'.\n     - Cannot find required key 'PopulatedFRU'. Path: '/607'.\n     - Cannot find required key 'PopulatedFRU'. Path: '/609'.\n     - Cannot find required key 'PopulatedFRU'. Path: '/613'.\n     - Cannot find required key 'PopulatedFRU'. Path: '/614'.: Path: '/'>\n\n    The above exception was the direct cause of the following exception:\n\n    Traceback (most recent call last):\n      File \"/usr/lib/python3.9/site-packages/tavern/response/base.py\", line 152, in _maybe_run_validate_functions\n        vf(response)\n      File \"/usr/lib/python3.9/site-packages/tavern/util/extfunctions.py\", line 98, in inner\n        result = func(response, *args, **kwargs)\n      File \"/usr/lib/python3.9/site-packages/tavern/testutils/helpers.py\", line 103, in validate_pykwalify\n        verify_generic(to_verify, schema)\n      File \"/usr/lib/python3.9/site-packages/tavern/schemas/files.py\", line 109, in verify_generic\n        raise BadSchemaError() from e\n    tavern.util.exceptions.BadSchemaError","statusTrace":"Format variables:\n  hsm_base_url = 'http://cray-smd:27779'\n  verify = 'False'\n\nSource test stage (line 2205):\n  - name: hsmAPIinventoryHardwareGET - Retrieve multiple Hardware Inventory entries using GET.\n    request:\n      url: \"{hsm_base_url}/hsm/v2/Inventory/Hardware\"\n      method: GET\n      verify: !bool \"{verify}\"\n    response:\n      status_code: 200\n      verify_response_with:\n        function: tavern.testutils.helpers:validate_pykwalify\n        extra_kwargs:\n          schema:\n            type: seq\n            required: True\n            matching: all\n            sequence:\n              - type: map\n                required: True\n\n                allowempty: True\n                mapping:\n                  ID:\n                    type: str\n                    required: True\n                  Type:\n                    type: str\n                    required: True\n                  Ordinal:\n                    type: int\n                    required: True\n                  Status:\n                    type: str\n                    required: True\n                  HWInventoryByLocationType:\n                    type: str\n                    required: True\n                  PopulatedFRU:\n                    type: map\n                    required: True\n\n                    allowempty: True\n                    mapping:\n                      FRUID:\n                        type: str\n                        required: True\n                      Type:\n                        type: str\n                        required: True\n                      Subtype:\n                        type: str\n                        required: True\n\n\n\n\nFormatted stage:\n  name: hsmAPIinventoryHardwareGET - Retrieve multiple Hardware Inventory entries using\n    GET.\n  request:\n    method: GET\n    url: 'http://cray-smd:27779/hsm/v2/Inventory/Hardware'\n    verify: !bool 'False'\n  response:\n    status_code: 200\n    verify_response_with:\n      extra_kwargs:\n        schema:\n          matching: all\n          required: true\n          sequence:\n          - allowempty: true\n            mapping:\n              HWInventoryByLocationType:\n                required: true\n                type: str\n              ID:\n                required: true\n                type: str\n              Ordinal:\n                required: true\n                type: int\n              PopulatedFRU:\n                allowempty: true\n                mapping:\n                  FRUID:\n                    required: true\n                    type: str\n                  Subtype:\n                    required: true\n                    type: str\n                  Type:\n                    required: true\n                    type: str\n                required: true\n                type: map\n              Status:\n                required: true\n                type: str\n              Type:\n                required: true\n                type: str\n            required: true\n            type: map\n          type: seq\n      function: tavern.testutils.helpers:validate_pykwalify\n\nErrors:\nE   tavern.util.exceptions.TestFailError: Test 'hsmAPIinventoryHardwareGET - Retrieve multiple Hardware Inventory entries using GET.' failed:\n    - Error calling validate function '<function validate_pykwalify at 0x7fb0e218ce50>':\n        Traceback (most recent call last):\n          File \"/usr/lib/python3.9/site-packages/tavern/schemas/files.py\", line 106, in verify_generic\n            verifier.validate()\n          File \"/usr/lib/python3.9/site-packages/pykwalify/core.py\", line 194, in validate\n            raise SchemaError(u\"Schema validation failed:\\n - {error_msg}.\".format(\n        pykwalify.errors.SchemaError: <SchemaError: error code 2: Schema validation failed:\n         - Cannot find required key 'PopulatedFRU'. Path: '/6'.\n         - Cannot find required key 'PopulatedFRU'. Path: '/8'.\n         - Cannot find required key 'PopulatedFRU'. Path: '/9'.\n         - Cannot find required key 'PopulatedFRU'. Path: '/10'.\n         - Cannot find required key 'PopulatedFRU'. Path: '/11'.\n         - Cannot find required key 'PopulatedFRU'. Path: '/12'.\n         - Cannot find required key 'PopulatedFRU'. Path: '/14'.\n         - Cannot find required key 'PopulatedFRU'. Path: '/15'.\n         - Cannot find required key 'PopulatedFRU'. Path: '/16'.\n         - Cannot find required key 'PopulatedFRU'. Path: '/17'.\n         - Cannot find required key 'PopulatedFRU'. Path: '/18'.\n         - Cannot find required key 'PopulatedFRU'. Path: '/19'.\n         - Cannot find required key 'PopulatedFRU'. Path: '/23'.\n         - Cannot find required key 'PopulatedFRU'. Path: '/28'.\n         - Cannot find required key 'PopulatedFRU'. Path: '/42'.\n         - Cannot find required key 'PopulatedFRU'. Path: '/45'.\n         - Cannot find required key 'PopulatedFRU'. Path: '/47'.\n         - Cannot find required key 'PopulatedFRU'. Path: '/50'.\n         - Cannot find required key 'PopulatedFRU'. Path: '/52'.\n         - Cannot find required key 'PopulatedFRU'. Path: '/55'.\n         - Cannot find required key 'PopulatedFRU'. Path: '/56'.\n         - Cannot find required key 'PopulatedFRU'. Path: '/57'.\n         - Cannot find required key 'PopulatedFRU'. Path: '/59'.\n         - Cannot find required key 'PopulatedFRU'. Path: '/60'.\n         - Cannot find required key 'PopulatedFRU'. Path: '/61'.\n         - Cannot find required key 'PopulatedFRU'. Path: '/63'.\n         - Cannot find required key 'PopulatedFRU'. Path: '/69'.\n         - Cannot find required key 'PopulatedFRU'. Path: '/70'.\n         - Cannot find required key 'PopulatedFRU'. Path: '/72'.\n         - Cannot find required key 'PopulatedFRU'. Path: '/73'.\n         - Cannot find required key 'PopulatedFRU'. Path: '/607'.\n         - Cannot find required key 'PopulatedFRU'. Path: '/609'.\n         - Cannot find required key 'PopulatedFRU'. Path: '/613'.\n         - Cannot find required key 'PopulatedFRU'. Path: '/614'.: Path: '/'>\n    \n        The above exception was the direct cause of the following exception:\n    \n        Traceback (most recent call last):\n          File \"/usr/lib/python3.9/site-packages/tavern/response/base.py\", line 152, in _maybe_run_validate_functions\n            vf(response)\n          File \"/usr/lib/python3.9/site-packages/tavern/util/extfunctions.py\", line 98, in inner\n            result = func(response, *args, **kwargs)\n          File \"/usr/lib/python3.9/site-packages/tavern/testutils/helpers.py\", line 103, in validate_pykwalify\n            verify_generic(to_verify, schema)\n          File \"/usr/lib/python3.9/site-packages/tavern/schemas/files.py\", line 109, in verify_generic\n            raise BadSchemaError() from e\n        tavern.util.exceptions.BadSchemaError","steps":[{"name":"Stage 0: hsmAPIinventoryHardwarePOSTcmmRectifier - Create a CMMRectifier Hardware Inventory entry using POST.","time":{"start":1711354774147,"stop":1711354774164,"duration":17},"status":"passed","steps":[],"attachments":[{"uid":"bc9ed61a468be858","name":"stage_yaml","source":"bc9ed61a468be858.yaml","type":"application/yaml","size":1257},{"uid":"5228486f4a9188b8","name":"rest_request","source":"5228486f4a9188b8.yaml","type":"application/yaml","size":779},{"uid":"250f04f211564f3a","name":"rest_response","source":"250f04f211564f3a.yaml","type":"application/yaml","size":191}],"parameters":[],"stepsCount":0,"attachmentsCount":3,"shouldDisplayMessage":false,"hasContent":true},{"name":"Stage 1: hsmAPIinventoryHardwareXnameGETcmmRectifier - Retrieve a CMMRectifier Hardware Inventory entry by xname using GET.","time":{"start":1711354774165,"stop":1711354774178,"duration":13},"status":"passed","steps":[],"attachments":[{"uid":"5242a6507421916d","name":"stage_yaml","source":"5242a6507421916d.yaml","type":"application/yaml","size":3659},{"uid":"38ce3402adde6f02","name":"rest_request","source":"38ce3402adde6f02.yaml","type":"application/yaml","size":138},{"uid":"5c7c50d7fcce22df","name":"rest_response","source":"5c7c50d7fcce22df.yaml","type":"application/yaml","size":741}],"parameters":[],"stepsCount":0,"attachmentsCount":3,"shouldDisplayMessage":false,"hasContent":true},{"name":"Stage 2: hsmAPIinventoryHardwarePOSTchassis - Create a Chassis Hardware Inventory entry using POST.","time":{"start":1711354774178,"stop":1711354774192,"duration":14},"status":"passed","steps":[],"attachments":[{"uid":"7c32f2deb7efeecc","name":"stage_yaml","source":"7c32f2deb7efeecc.yaml","type":"application/yaml","size":1204},{"uid":"bd355628eaa0f4b7","name":"rest_request","source":"bd355628eaa0f4b7.yaml","type":"application/yaml","size":731},{"uid":"a871f089848e7146","name":"rest_response","source":"a871f089848e7146.yaml","type":"application/yaml","size":191}],"parameters":[],"stepsCount":0,"attachmentsCount":3,"shouldDisplayMessage":false,"hasContent":true},{"name":"Stage 3: hsmAPIinventoryHardwareXnameGETchassis - Retrieve a Chassis Hardware Inventory entry by xname using GET.","time":{"start":1711354774192,"stop":1711354774205,"duration":13},"status":"passed","steps":[],"attachments":[{"uid":"c0d6cc32f6d2f242","name":"stage_yaml","source":"c0d6cc32f6d2f242.yaml","type":"application/yaml","size":3706},{"uid":"b815e60e9a7184a9","name":"rest_request","source":"b815e60e9a7184a9.yaml","type":"application/yaml","size":136},{"uid":"e84cd2eeb19400ce","name":"rest_response","source":"e84cd2eeb19400ce.yaml","type":"application/yaml","size":691}],"parameters":[],"stepsCount":0,"attachmentsCount":3,"shouldDisplayMessage":false,"hasContent":true},{"name":"Stage 4: hsmAPIinventoryHardwarePOSTcomputeModule - Create a ComputeModule Hardware Inventory entry using POST.","time":{"start":1711354774205,"stop":1711354774219,"duration":14},"status":"passed","steps":[],"attachments":[{"uid":"b618c013c7c3da50","name":"stage_yaml","source":"b618c013c7c3da50.yaml","type":"application/yaml","size":1201},{"uid":"6c1d4bb82fe423ad","name":"rest_request","source":"6c1d4bb82fe423ad.yaml","type":"application/yaml","size":722},{"uid":"8443b0cf4b53ddb7","name":"rest_response","source":"8443b0cf4b53ddb7.yaml","type":"application/yaml","size":191}],"parameters":[],"stepsCount":0,"attachmentsCount":3,"shouldDisplayMessage":false,"hasContent":true},{"name":"Stage 5: hsmAPIinventoryHardwareXnameGETcomputeModule - Retrieve a ComputeModule Hardware Inventory entry by xname using GET.","time":{"start":1711354774219,"stop":1711354774232,"duration":13},"status":"passed","steps":[],"attachments":[{"uid":"f0bf9100847323fa","name":"stage_yaml","source":"f0bf9100847323fa.yaml","type":"application/yaml","size":3705},{"uid":"c9a6c113e9dfc54d","name":"rest_request","source":"c9a6c113e9dfc54d.yaml","type":"application/yaml","size":138},{"uid":"425a5b53be61cc43","name":"rest_response","source":"425a5b53be61cc43.yaml","type":"application/yaml","size":682}],"parameters":[],"stepsCount":0,"attachmentsCount":3,"shouldDisplayMessage":false,"hasContent":true},{"name":"Stage 6: hsmAPIinventoryHardwarePOSThsnBoard - Create an HSNBoard Hardware Inventory entry using POST.","time":{"start":1711354774232,"stop":1711354774246,"duration":14},"status":"passed","steps":[],"attachments":[{"uid":"95e0c015216f255","name":"stage_yaml","source":"95e0c015216f255.yaml","type":"application/yaml","size":1268},{"uid":"8feb384817ca5abc","name":"rest_request","source":"8feb384817ca5abc.yaml","type":"application/yaml","size":792},{"uid":"93fe71c2c9faf64d","name":"rest_response","source":"93fe71c2c9faf64d.yaml","type":"application/yaml","size":191}],"parameters":[],"stepsCount":0,"attachmentsCount":3,"shouldDisplayMessage":false,"hasContent":true},{"name":"Stage 7: hsmAPIinventoryHardwareXnameGEThsnBoard - Retrieve an HSNBoard Hardware Inventory entry by xname using GET.","time":{"start":1711354774246,"stop":1711354774259,"duration":13},"status":"passed","steps":[],"attachments":[{"uid":"5bb8aaf9188045d","name":"stage_yaml","source":"5bb8aaf9188045d.yaml","type":"application/yaml","size":3774},{"uid":"d3ca1f4d4c186112","name":"rest_request","source":"d3ca1f4d4c186112.yaml","type":"application/yaml","size":140},{"uid":"31c24ad78ef62923","name":"rest_response","source":"31c24ad78ef62923.yaml","type":"application/yaml","size":752}],"parameters":[],"stepsCount":0,"attachmentsCount":3,"shouldDisplayMessage":false,"hasContent":true},{"name":"Stage 8: hsmAPIinventoryHardwarePOSTmemory - Create a Memory Hardware Inventory entry using POST.","time":{"start":1711354774260,"stop":1711354774274,"duration":14},"status":"passed","steps":[],"attachments":[{"uid":"ca428329f2804e04","name":"stage_yaml","source":"ca428329f2804e04.yaml","type":"application/yaml","size":1405},{"uid":"f5e4c369928eba95","name":"rest_request","source":"f5e4c369928eba95.yaml","type":"application/yaml","size":993},{"uid":"abf9c3dfe2b4f3db","name":"rest_response","source":"abf9c3dfe2b4f3db.yaml","type":"application/yaml","size":191}],"parameters":[],"stepsCount":0,"attachmentsCount":3,"shouldDisplayMessage":false,"hasContent":true},{"name":"Stage 9: hsmAPIinventoryHardwareXnameGETmemory - Retrieve a Memory Hardware Inventory entry by xname using GET.","time":{"start":1711354774275,"stop":1711354774289,"duration":14},"status":"passed","steps":[],"attachments":[{"uid":"977466c719fa7cdd","name":"stage_yaml","source":"977466c719fa7cdd.yaml","type":"application/yaml","size":5172},{"uid":"a842d69041e2b9f1","name":"rest_request","source":"a842d69041e2b9f1.yaml","type":"application/yaml","size":144},{"uid":"ae84bfb4cf3fa08f","name":"rest_response","source":"ae84bfb4cf3fa08f.yaml","type":"application/yaml","size":935}],"parameters":[],"stepsCount":0,"attachmentsCount":3,"shouldDisplayMessage":false,"hasContent":true},{"name":"Stage 10: hsmAPIinventoryHardwarePOSTnodeBMC - Create a NodeBMC Hardware Inventory entry using POST.","time":{"start":1711354774290,"stop":1711354774303,"duration":13},"status":"passed","steps":[],"attachments":[{"uid":"c834df29235d7d3f","name":"stage_yaml","source":"c834df29235d7d3f.yaml","type":"application/yaml","size":1220},{"uid":"26ca5922ffae93e4","name":"rest_request","source":"26ca5922ffae93e4.yaml","type":"application/yaml","size":749},{"uid":"668d0a4f930faa7c","name":"rest_response","source":"668d0a4f930faa7c.yaml","type":"application/yaml","size":191}],"parameters":[],"stepsCount":0,"attachmentsCount":3,"shouldDisplayMessage":false,"hasContent":true},{"name":"Stage 11: hsmAPIinventoryHardwareXnameGETnodeBMC - Retrieve a NodeBMC Hardware Inventory entry by xname using GET.","time":{"start":1711354774304,"stop":1711354774317,"duration":13},"status":"passed","steps":[],"attachments":[{"uid":"f1e31e35b69e1978","name":"stage_yaml","source":"f1e31e35b69e1978.yaml","type":"application/yaml","size":3686},{"uid":"e342ad42f3cf3d12","name":"rest_request","source":"e342ad42f3cf3d12.yaml","type":"application/yaml","size":140},{"uid":"5ad4dd3227ccf77b","name":"rest_response","source":"5ad4dd3227ccf77b.yaml","type":"application/yaml","size":709}],"parameters":[],"stepsCount":0,"attachmentsCount":3,"shouldDisplayMessage":false,"hasContent":true},{"name":"Stage 12: hsmAPIinventoryHardwarePOSTnodeEnclosure - Create a NodeEnclosure Hardware Inventory entry using POST.","time":{"start":1711354774317,"stop":1711354774331,"duration":14},"status":"passed","steps":[],"attachments":[{"uid":"b5175eeaffdf1039","name":"stage_yaml","source":"b5175eeaffdf1039.yaml","type":"application/yaml","size":1262},{"uid":"8156903e3ef53727","name":"rest_request","source":"8156903e3ef53727.yaml","type":"application/yaml","size":777},{"uid":"4a2a5bb93dba0134","name":"rest_response","source":"4a2a5bb93dba0134.yaml","type":"application/yaml","size":191}],"parameters":[],"stepsCount":0,"attachmentsCount":3,"shouldDisplayMessage":false,"hasContent":true},{"name":"Stage 13: hsmAPIinventoryHardwareXnameGETnodeEnclosure - Retrieve a NodeEnclosure Hardware Inventory entry by xname using GET.","time":{"start":1711354774331,"stop":1711354774344,"duration":13},"status":"passed","steps":[],"attachments":[{"uid":"4e1c6b8d17458e14","name":"stage_yaml","source":"4e1c6b8d17458e14.yaml","type":"application/yaml","size":3768},{"uid":"7c15afd5ab863ed","name":"rest_request","source":"7c15afd5ab863ed.yaml","type":"application/yaml","size":140},{"uid":"fb756bee9a544032","name":"rest_response","source":"fb756bee9a544032.yaml","type":"application/yaml","size":737}],"parameters":[],"stepsCount":0,"attachmentsCount":3,"shouldDisplayMessage":false,"hasContent":true},{"name":"Stage 14: hsmAPIinventoryHardwarePOSTnodeHsnNic - Create a NodeHsnNic Hardware Inventory entry using POST.","time":{"start":1711354774344,"stop":1711354774357,"duration":13},"status":"passed","steps":[],"attachments":[{"uid":"7c6c216e52e62e33","name":"stage_yaml","source":"7c6c216e52e62e33.yaml","type":"application/yaml","size":1198},{"uid":"a4cd9893630e4e54","name":"rest_request","source":"a4cd9893630e4e54.yaml","type":"application/yaml","size":697},{"uid":"7c76784b551f7c0f","name":"rest_response","source":"7c76784b551f7c0f.yaml","type":"application/yaml","size":191}],"parameters":[],"stepsCount":0,"attachmentsCount":3,"shouldDisplayMessage":false,"hasContent":true},{"name":"Stage 15: hsmAPIinventoryHardwareXnameGETnodeHsnNic - Retrieve a NodeHsnNic Hardware Inventory entry by xname using GET.","time":{"start":1711354774358,"stop":1711354774370,"duration":12},"status":"passed","steps":[],"attachments":[{"uid":"910f37158d44d0ec","name":"stage_yaml","source":"910f37158d44d0ec.yaml","type":"application/yaml","size":3160},{"uid":"80e77870c6f324d9","name":"rest_request","source":"80e77870c6f324d9.yaml","type":"application/yaml","size":144},{"uid":"a5d075fef873e6a1","name":"rest_response","source":"a5d075fef873e6a1.yaml","type":"application/yaml","size":665}],"parameters":[],"stepsCount":0,"attachmentsCount":3,"shouldDisplayMessage":false,"hasContent":true},{"name":"Stage 16: hsmAPIinventoryHardwarePOSTnodeCreate - Create a Node Hardware Inventory entry using POST.","time":{"start":1711354774370,"stop":1711354774384,"duration":14},"status":"passed","steps":[],"attachments":[{"uid":"acc45501cf7122f3","name":"stage_yaml","source":"acc45501cf7122f3.yaml","type":"application/yaml","size":1354},{"uid":"e52432501c6e7668","name":"rest_request","source":"e52432501c6e7668.yaml","type":"application/yaml","size":918},{"uid":"5e6961df568f8664","name":"rest_response","source":"5e6961df568f8664.yaml","type":"application/yaml","size":191}],"parameters":[],"stepsCount":0,"attachmentsCount":3,"shouldDisplayMessage":false,"hasContent":true},{"name":"Stage 17: hsmAPIinventoryHardwareXnameGETnodeCreate - Retrieve a Node Hardware Inventory entry by xname using GET.","time":{"start":1711354774384,"stop":1711354774399,"duration":15},"status":"passed","steps":[],"attachments":[{"uid":"d41c8b7aec5adb8b","name":"stage_yaml","source":"d41c8b7aec5adb8b.yaml","type":"application/yaml","size":4772},{"uid":"8c4d71b8019bea8a","name":"rest_request","source":"8c4d71b8019bea8a.yaml","type":"application/yaml","size":142},{"uid":"65e480d465def48","name":"rest_response","source":"65e480d465def48.yaml","type":"application/yaml","size":862}],"parameters":[],"stepsCount":0,"attachmentsCount":3,"shouldDisplayMessage":false,"hasContent":true},{"name":"Stage 18: hsmAPIinventoryHardwarePOSTnodeUpdate - Update a Node Hardware Inventory entry using POST.","time":{"start":1711354774399,"stop":1711354774412,"duration":13},"status":"passed","steps":[],"attachments":[{"uid":"94cd509a3752592f","name":"stage_yaml","source":"94cd509a3752592f.yaml","type":"application/yaml","size":1393},{"uid":"a17d5c49181d24ca","name":"rest_request","source":"a17d5c49181d24ca.yaml","type":"application/yaml","size":953},{"uid":"cb34891f26f894af","name":"rest_response","source":"cb34891f26f894af.yaml","type":"application/yaml","size":191}],"parameters":[],"stepsCount":0,"attachmentsCount":3,"shouldDisplayMessage":false,"hasContent":true},{"name":"Stage 19: hsmAPIinventoryHardwareXnameGETnodeUpdate - Retrieve an updated Node Hardware Inventory entry by xname using GET.","time":{"start":1711354774413,"stop":1711354774427,"duration":14},"status":"passed","steps":[],"attachments":[{"uid":"c5740adc48026cf4","name":"stage_yaml","source":"c5740adc48026cf4.yaml","type":"application/yaml","size":4820},{"uid":"d7f820d2c8ab113c","name":"rest_request","source":"d7f820d2c8ab113c.yaml","type":"application/yaml","size":142},{"uid":"1bc432b1ef851edb","name":"rest_response","source":"1bc432b1ef851edb.yaml","type":"application/yaml","size":897}],"parameters":[],"stepsCount":0,"attachmentsCount":3,"shouldDisplayMessage":false,"hasContent":true},{"name":"Stage 20: hsmAPIinventoryHardwarePOSTprocessor - Create a Processor Hardware Inventory entry using POST.","time":{"start":1711354774427,"stop":1711354774442,"duration":15},"status":"passed","steps":[],"attachments":[{"uid":"1a3bacc13e152b5b","name":"stage_yaml","source":"1a3bacc13e152b5b.yaml","type":"application/yaml","size":1505},{"uid":"9e9ca78f9fbb114f","name":"rest_request","source":"9e9ca78f9fbb114f.yaml","type":"application/yaml","size":1115},{"uid":"defb409970e3dcd3","name":"rest_response","source":"defb409970e3dcd3.yaml","type":"application/yaml","size":191}],"parameters":[],"stepsCount":0,"attachmentsCount":3,"shouldDisplayMessage":false,"hasContent":true},{"name":"Stage 21: hsmAPIinventoryHardwareXnameGETprocessor - Retrieve a Processor Hardware Inventory entry by xname using GET.","time":{"start":1711354774443,"stop":1711354774458,"duration":15},"status":"passed","steps":[],"attachments":[{"uid":"cd2fcdaf6b4decde","name":"stage_yaml","source":"cd2fcdaf6b4decde.yaml","type":"application/yaml","size":5555},{"uid":"c5b485a46cec8444","name":"rest_request","source":"c5b485a46cec8444.yaml","type":"application/yaml","size":144},{"uid":"7e07f068b352e97a","name":"rest_response","source":"7e07f068b352e97a.yaml","type":"application/yaml","size":1053}],"parameters":[],"stepsCount":0,"attachmentsCount":3,"shouldDisplayMessage":false,"hasContent":true},{"name":"Stage 22: hsmAPIinventoryHardwarePOSTrouterBMC - Create a RouterBMC Hardware Inventory entry using POST.","time":{"start":1711354774458,"stop":1711354774472,"duration":14},"status":"passed","steps":[],"attachments":[{"uid":"888c342439170e1f","name":"stage_yaml","source":"888c342439170e1f.yaml","type":"application/yaml","size":1226},{"uid":"88c2592e85cb904b","name":"rest_request","source":"88c2592e85cb904b.yaml","type":"application/yaml","size":753},{"uid":"3542e576831e076c","name":"rest_response","source":"3542e576831e076c.yaml","type":"application/yaml","size":191}],"parameters":[],"stepsCount":0,"attachmentsCount":3,"shouldDisplayMessage":false,"hasContent":true},{"name":"Stage 23: hsmAPIinventoryHardwareXnameGETrouterBMC - Retrieve a RouterBMC Hardware Inventory entry by xname using GET.","time":{"start":1711354774472,"stop":1711354774481,"duration":9},"status":"passed","steps":[],"attachments":[{"uid":"f4122890b8070bd9","name":"stage_yaml","source":"f4122890b8070bd9.yaml","type":"application/yaml","size":272},{"uid":"c208dfd80f53719a","name":"rest_request","source":"c208dfd80f53719a.yaml","type":"application/yaml","size":140},{"uid":"18e42c69638befb5","name":"rest_response","source":"18e42c69638befb5.yaml","type":"application/yaml","size":713}],"parameters":[],"stepsCount":0,"attachmentsCount":3,"shouldDisplayMessage":false,"hasContent":true},{"name":"Stage 24: hsmAPIinventoryHardwarePOSTrouterModule - Create a RouterModule Hardware Inventory entry using POST.","time":{"start":1711354774481,"stop":1711354774495,"duration":14},"status":"passed","steps":[],"attachments":[{"uid":"eefdf49d0af8656b","name":"stage_yaml","source":"eefdf49d0af8656b.yaml","type":"application/yaml","size":1193},{"uid":"a58a9f9807fc7683","name":"rest_request","source":"a58a9f9807fc7683.yaml","type":"application/yaml","size":716},{"uid":"524daf4e0e48e008","name":"rest_response","source":"524daf4e0e48e008.yaml","type":"application/yaml","size":191}],"parameters":[],"stepsCount":0,"attachmentsCount":3,"shouldDisplayMessage":false,"hasContent":true},{"name":"Stage 25: hsmAPIinventoryHardwareXnameGETrouterModule - Retrieve a RouterModule Hardware Inventory entry by xname using GET.","time":{"start":1711354774495,"stop":1711354774508,"duration":13},"status":"passed","steps":[],"attachments":[{"uid":"635035fda320915d","name":"stage_yaml","source":"635035fda320915d.yaml","type":"application/yaml","size":3697},{"uid":"126d122054524d75","name":"rest_request","source":"126d122054524d75.yaml","type":"application/yaml","size":138},{"uid":"4f55bd59c613cddb","name":"rest_response","source":"4f55bd59c613cddb.yaml","type":"application/yaml","size":676}],"parameters":[],"stepsCount":0,"attachmentsCount":3,"shouldDisplayMessage":false,"hasContent":true},{"name":"Stage 26: hsmAPIinventoryHardwareGET - Retrieve multiple Hardware Inventory entries using GET.","time":{"start":1711354774508,"stop":1711354776397,"duration":1889},"status":"failed","statusMessage":"tavern.util.exceptions.TestFailError: Test 'hsmAPIinventoryHardwareGET - Retrieve multiple Hardware Inventory entries using GET.' failed:\n- Error calling validate function '<function validate_pykwalify at 0x7fb0e218ce50>':\n    Traceback (most recent call last):\n      File \"/usr/lib/python3.9/site-packages/tavern/schemas/files.py\", line 106, in verify_generic\n        verifier.validate()\n      File \"/usr/lib/python3.9/site-packages/pykwalify/core.py\", line 194, in validate\n        raise SchemaError(u\"Schema validation failed:\\n - {error_msg}.\".format(\n    pykwalify.errors.SchemaError: <SchemaError: error code 2: Schema validation failed:\n     - Cannot find required key 'PopulatedFRU'. Path: '/6'.\n     - Cannot find required key 'PopulatedFRU'. Path: '/8'.\n     - Cannot find required key 'PopulatedFRU'. Path: '/9'.\n     - Cannot find required key 'PopulatedFRU'. Path: '/10'.\n     - Cannot find required key 'PopulatedFRU'. Path: '/11'.\n     - Cannot find required key 'PopulatedFRU'. Path: '/12'.\n     - Cannot find required key 'PopulatedFRU'. Path: '/14'.\n     - Cannot find required key 'PopulatedFRU'. Path: '/15'.\n     - Cannot find required key 'PopulatedFRU'. Path: '/16'.\n     - Cannot find required key 'PopulatedFRU'. Path: '/17'.\n     - Cannot find required key 'PopulatedFRU'. Path: '/18'.\n     - Cannot find required key 'PopulatedFRU'. Path: '/19'.\n     - Cannot find required key 'PopulatedFRU'. Path: '/23'.\n     - Cannot find required key 'PopulatedFRU'. Path: '/28'.\n     - Cannot find required key 'PopulatedFRU'. Path: '/42'.\n     - Cannot find required key 'PopulatedFRU'. Path: '/45'.\n     - Cannot find required key 'PopulatedFRU'. Path: '/47'.\n     - Cannot find required key 'PopulatedFRU'. Path: '/50'.\n     - Cannot find required key 'PopulatedFRU'. Path: '/52'.\n     - Cannot find required key 'PopulatedFRU'. Path: '/55'.\n     - Cannot find required key 'PopulatedFRU'. Path: '/56'.\n     - Cannot find required key 'PopulatedFRU'. Path: '/57'.\n     - Cannot find required key 'PopulatedFRU'. Path: '/59'.\n     - Cannot find required key 'PopulatedFRU'. Path: '/60'.\n     - Cannot find required key 'PopulatedFRU'. Path: '/61'.\n     - Cannot find required key 'PopulatedFRU'. Path: '/63'.\n     - Cannot find required key 'PopulatedFRU'. Path: '/69'.\n     - Cannot find required key 'PopulatedFRU'. Path: '/70'.\n     - Cannot find required key 'PopulatedFRU'. Path: '/72'.\n     - Cannot find required key 'PopulatedFRU'. Path: '/73'.\n     - Cannot find required key 'PopulatedFRU'. Path: '/607'.\n     - Cannot find required key 'PopulatedFRU'. Path: '/609'.\n     - Cannot find required key 'PopulatedFRU'. Path: '/613'.\n     - Cannot find required key 'PopulatedFRU'. Path: '/614'.: Path: '/'>\n\n    The above exception was the direct cause of the following exception:\n\n    Traceback (most recent call last):\n      File \"/usr/lib/python3.9/site-packages/tavern/response/base.py\", line 152, in _maybe_run_validate_functions\n        vf(response)\n      File \"/usr/lib/python3.9/site-packages/tavern/util/extfunctions.py\", line 98, in inner\n        result = func(response, *args, **kwargs)\n      File \"/usr/lib/python3.9/site-packages/tavern/testutils/helpers.py\", line 103, in validate_pykwalify\n        verify_generic(to_verify, schema)\n      File \"/usr/lib/python3.9/site-packages/tavern/schemas/files.py\", line 109, in verify_generic\n        raise BadSchemaError() from e\n    tavern.util.exceptions.BadSchemaError\n\n","statusTrace":"  File \"/usr/lib/python3.9/site-packages/allure_commons/_allure.py\", line 192, in impl\n    return func(*a, **kw)\n  File \"/usr/lib/python3.9/site-packages/tavern/util/retry.py\", line 31, in wrapped\n    res = fn(*args, **kwargs)\n  File \"/usr/lib/python3.9/site-packages/tavern/core.py\", line 270, in run_stage\n    saved = v.verify(response)\n  File \"/usr/lib/python3.9/site-packages/tavern/_plugins/rest/response.py\", line 201, in verify\n    raise exceptions.TestFailError(\n","steps":[],"attachments":[{"uid":"3f7b5cb74f4eff46","name":"stage_yaml","source":"3f7b5cb74f4eff46.yaml","type":"application/yaml","size":1437},{"uid":"5f9d9455444f8820","name":"rest_request","source":"5f9d9455444f8820.yaml","type":"application/yaml","size":128},{"uid":"d176c0a682632cab","name":"rest_response","source":"d176c0a682632cab.yaml","type":"application/yaml","size":579275}],"parameters":[],"stepsCount":0,"attachmentsCount":3,"shouldDisplayMessage":true,"hasContent":true}],"attachments":[{"uid":"558e26ec817d26a2","name":"error_output","source":"558e26ec817d26a2.attach","type":"text/plain","size":6715},{"uid":"944bd62f949c1304","name":"log","source":"944bd62f949c1304.txt","type":"text/plain","size":582667}],"parameters":[],"stepsCount":27,"attachmentsCount":83,"shouldDisplayMessage":true,"hasContent":true},"afterStages":[],"labels":[{"name":"parentSuite","value":"cray-smd-hmth-test"},{"name":"suite","value":"disruptive"},{"name":"host","value":"e3695d72327d"},{"name":"thread","value":"8-MainThread"},{"name":"framework","value":"pytest"},{"name":"language","value":"cpython3"},{"name":"package","value":"api.2-disruptive.test_hardware.tavern"},{"name":"resultFormat","value":"allure2"}],"parameters":[],"links":[],"hidden":false,"retry":false,"extra":{"severity":"normal","retries":[],"categories":[{"name":"Product defects","matchedStatuses":[],"flaky":false}],"history":{"statistic":{"failed":367,"broken":0,"skipped":0,"passed":0,"unknown":0,"total":367},"items":[{"uid":"58047db1d99bc6d4","status":"failed","statusDetails":"tavern.util.exceptions.TestFailError: Test 'hsmAPIinventoryHardwareGET - Retrieve multiple Hardware Inventory entries using GET.' failed:\n- Error calling validate function '<function validate_pykwalify at 0x7f797b309e50>':\n    Traceback (most recent call last):\n      File \"/usr/lib/python3.9/site-packages/tavern/schemas/files.py\", line 106, in verify_generic\n        verifier.validate()\n      File \"/usr/lib/python3.9/site-packages/pykwalify/core.py\", line 194, in validate\n        raise SchemaError(u\"Schema validation failed:\\n - {error_msg}.\".format(\n    pykwalify.errors.SchemaError: <SchemaError: error code 2: Schema validation failed:\n     - Cannot find required key 'PopulatedFRU'. Path: '/6'.\n     - Cannot find required key 'PopulatedFRU'. Path: '/7'.\n     - Cannot find required key 'PopulatedFRU'. Path: '/8'.\n     - Cannot find required key 'PopulatedFRU'. Path: '/9'.\n     - Cannot find required key 'PopulatedFRU'. Path: '/11'.\n     - Cannot find required key 'PopulatedFRU'. Path: '/13'.\n     - Cannot find required key 'PopulatedFRU'. Path: '/14'.\n     - Cannot find required key 'PopulatedFRU'. Path: '/15'.\n     - Cannot find required key 'PopulatedFRU'. Path: '/16'.\n     - Cannot find required key 'PopulatedFRU'. Path: '/18'.\n     - Cannot find required key 'PopulatedFRU'. Path: '/19'.\n     - Cannot find required key 'PopulatedFRU'. Path: '/20'.\n     - Cannot find required key 'PopulatedFRU'. Path: '/25'.\n     - Cannot find required key 'PopulatedFRU'. Path: '/26'.\n     - Cannot find required key 'PopulatedFRU'. Path: '/42'.\n     - Cannot find required key 'PopulatedFRU'. Path: '/44'.\n     - Cannot find required key 'PopulatedFRU'. Path: '/46'.\n     - Cannot find required key 'PopulatedFRU'. Path: '/48'.\n     - Cannot find required key 'PopulatedFRU'. Path: '/50'.\n     - Cannot find required key 'PopulatedFRU'. Path: '/55'.\n     - Cannot find required key 'PopulatedFRU'. Path: '/56'.\n     - Cannot find required key 'PopulatedFRU'. Path: '/57'.\n     - Cannot find required key 'PopulatedFRU'. Path: '/58'.\n     - Cannot find required key 'PopulatedFRU'. Path: '/59'.\n     - Cannot find required key 'PopulatedFRU'. Path: '/61'.\n     - Cannot find required key 'PopulatedFRU'. Path: '/62'.\n     - Cannot find required key 'PopulatedFRU'. Path: '/68'.\n     - Cannot find required key 'PopulatedFRU'. Path: '/69'.\n     - Cannot find required key 'PopulatedFRU'. Path: '/71'.\n     - Cannot find required key 'PopulatedFRU'. Path: '/73'.\n     - Cannot find required key 'PopulatedFRU'. Path: '/107'.\n     - Cannot find required key 'PopulatedFRU'. Path: '/111'.\n     - Cannot find required key 'PopulatedFRU'. Path: '/113'.\n     - Cannot find required key 'PopulatedFRU'. Path: '/114'.: Path: '/'>\n\n    The above exception was the direct cause of the following exception:\n\n    Traceback (most recent call last):\n      File \"/usr/lib/python3.9/site-packages/tavern/response/base.py\", line 152, in _maybe_run_validate_functions\n        vf(response)\n      File \"/usr/lib/python3.9/site-packages/tavern/util/extfunctions.py\", line 98, in inner\n        result = func(response, *args, **kwargs)\n      File \"/usr/lib/python3.9/site-packages/tavern/testutils/helpers.py\", line 103, in validate_pykwalify\n        verify_generic(to_verify, schema)\n      File \"/usr/lib/python3.9/site-packages/tavern/schemas/files.py\", line 109, in verify_generic\n        raise BadSchemaError() from e\n    tavern.util.exceptions.BadSchemaError","time":{"start":1711268292428,"stop":1711268294692,"duration":2264}},{"uid":"1ba2db537b5310a0","status":"failed","statusDetails":"tavern.util.exceptions.TestFailError: Test 'hsmAPIinventoryHardwareGET - Retrieve multiple Hardware Inventory entries using GET.' failed:\n- Error calling validate function '<function validate_pykwalify at 0x7f5891d19e50>':\n    Traceback (most recent call last):\n      File \"/usr/lib/python3.9/site-packages/tavern/schemas/files.py\", line 106, in verify_generic\n        verifier.validate()\n      File \"/usr/lib/python3.9/site-packages/pykwalify/core.py\", line 194, in validate\n        raise SchemaError(u\"Schema validation failed:\\n - {error_msg}.\".format(\n    pykwalify.errors.SchemaError: <SchemaError: error code 2: Schema validation failed:\n     - Cannot find required key 'PopulatedFRU'. Path: '/6'.\n     - Cannot find required key 'PopulatedFRU'. Path: '/9'.\n     - Cannot find required key 'PopulatedFRU'. Path: '/10'.\n     - Cannot find required key 'PopulatedFRU'. Path: '/11'.\n     - Cannot find required key 'PopulatedFRU'. Path: '/12'.\n     - Cannot find required key 'PopulatedFRU'. Path: '/14'.\n     - Cannot find required key 'PopulatedFRU'. Path: '/15'.\n     - Cannot find required key 'PopulatedFRU'. Path: '/16'.\n     - Cannot find required key 'PopulatedFRU'. Path: '/17'.\n     - Cannot find required key 'PopulatedFRU'. Path: '/18'.\n     - Cannot find required key 'PopulatedFRU'. Path: '/19'.\n     - Cannot find required key 'PopulatedFRU'. Path: '/20'.\n     - Cannot find required key 'PopulatedFRU'. Path: '/23'.\n     - Cannot find required key 'PopulatedFRU'. Path: '/28'.\n     - Cannot find required key 'PopulatedFRU'. Path: '/45'.\n     - Cannot find required key 'PopulatedFRU'. Path: '/46'.\n     - Cannot find required key 'PopulatedFRU'. Path: '/47'.\n     - Cannot find required key 'PopulatedFRU'. Path: '/48'.\n     - Cannot find required key 'PopulatedFRU'. Path: '/49'.\n     - Cannot find required key 'PopulatedFRU'. Path: '/52'.\n     - Cannot find required key 'PopulatedFRU'. Path: '/53'.\n     - Cannot find required key 'PopulatedFRU'. Path: '/57'.\n     - Cannot find required key 'PopulatedFRU'. Path: '/59'.\n     - Cannot find required key 'PopulatedFRU'. Path: '/63'.\n     - Cannot find required key 'PopulatedFRU'. Path: '/67'.\n     - Cannot find required key 'PopulatedFRU'. Path: '/70'.\n     - Cannot find required key 'PopulatedFRU'. Path: '/71'.\n     - Cannot find required key 'PopulatedFRU'. Path: '/72'.\n     - Cannot find required key 'PopulatedFRU'. Path: '/73'.\n     - Cannot find required key 'PopulatedFRU'. Path: '/74'.\n     - Cannot find required key 'PopulatedFRU'. Path: '/396'.\n     - Cannot find required key 'PopulatedFRU'. Path: '/399'.\n     - Cannot find required key 'PopulatedFRU'. Path: '/400'.\n     - Cannot find required key 'PopulatedFRU'. Path: '/405'.: Path: '/'>\n\n    The above exception was the direct cause of the following exception:\n\n    Traceback (most recent call last):\n      File \"/usr/lib/python3.9/site-packages/tavern/response/base.py\", line 152, in _maybe_run_validate_functions\n        vf(response)\n      File \"/usr/lib/python3.9/site-packages/tavern/util/extfunctions.py\", line 98, in inner\n        result = func(response, *args, **kwargs)\n      File \"/usr/lib/python3.9/site-packages/tavern/testutils/helpers.py\", line 103, in validate_pykwalify\n        verify_generic(to_verify, schema)\n      File \"/usr/lib/python3.9/site-packages/tavern/schemas/files.py\", line 109, in verify_generic\n        raise BadSchemaError() from e\n    tavern.util.exceptions.BadSchemaError","time":{"start":1711181921335,"stop":1711181923616,"duration":2281}},{"uid":"4e171e34e025803e","status":"failed","statusDetails":"tavern.util.exceptions.TestFailError: Test 'hsmAPIinventoryHardwareGET - Retrieve multiple Hardware Inventory entries using GET.' failed:\n- Error calling validate function '<function validate_pykwalify at 0x7f66510c1e50>':\n    Traceback (most recent call last):\n      File \"/usr/lib/python3.9/site-packages/tavern/schemas/files.py\", line 106, in verify_generic\n        verifier.validate()\n      File \"/usr/lib/python3.9/site-packages/pykwalify/core.py\", line 194, in validate\n        raise SchemaError(u\"Schema validation failed:\\n - {error_msg}.\".format(\n    pykwalify.errors.SchemaError: <SchemaError: error code 2: Schema validation failed:\n     - Cannot find required key 'PopulatedFRU'. Path: '/6'.\n     - Cannot find required key 'PopulatedFRU'. Path: '/7'.\n     - Cannot find required key 'PopulatedFRU'. Path: '/8'.\n     - Cannot find required key 'PopulatedFRU'. Path: '/9'.\n     - Cannot find required key 'PopulatedFRU'. Path: '/10'.\n     - Cannot find required key 'PopulatedFRU'. Path: '/11'.\n     - Cannot find required key 'PopulatedFRU'. Path: '/13'.\n     - Cannot find required key 'PopulatedFRU'. Path: '/15'.\n     - Cannot find required key 'PopulatedFRU'. Path: '/17'.\n     - Cannot find required key 'PopulatedFRU'. Path: '/18'.\n     - Cannot find required key 'PopulatedFRU'. Path: '/19'.\n     - Cannot find required key 'PopulatedFRU'. Path: '/20'.\n     - Cannot find required key 'PopulatedFRU'. Path: '/25'.\n     - Cannot find required key 'PopulatedFRU'. Path: '/26'.\n     - Cannot find required key 'PopulatedFRU'. Path: '/42'.\n     - Cannot find required key 'PopulatedFRU'. Path: '/43'.\n     - Cannot find required key 'PopulatedFRU'. Path: '/47'.\n     - Cannot find required key 'PopulatedFRU'. Path: '/50'.\n     - Cannot find required key 'PopulatedFRU'. Path: '/53'.\n     - Cannot find required key 'PopulatedFRU'. Path: '/54'.\n     - Cannot find required key 'PopulatedFRU'. Path: '/55'.\n     - Cannot find required key 'PopulatedFRU'. Path: '/57'.\n     - Cannot find required key 'PopulatedFRU'. Path: '/61'.\n     - Cannot find required key 'PopulatedFRU'. Path: '/65'.\n     - Cannot find required key 'PopulatedFRU'. Path: '/66'.\n     - Cannot find required key 'PopulatedFRU'. Path: '/67'.\n     - Cannot find required key 'PopulatedFRU'. Path: '/68'.\n     - Cannot find required key 'PopulatedFRU'. Path: '/69'.\n     - Cannot find required key 'PopulatedFRU'. Path: '/70'.\n     - Cannot find required key 'PopulatedFRU'. Path: '/73'.\n     - Cannot find required key 'PopulatedFRU'. Path: '/283'.\n     - Cannot find required key 'PopulatedFRU'. Path: '/284'.\n     - Cannot find required key 'PopulatedFRU'. Path: '/285'.\n     - Cannot find required key 'PopulatedFRU'. Path: '/287'.: Path: '/'>\n\n    The above exception was the direct cause of the following exception:\n\n    Traceback (most recent call last):\n      File \"/usr/lib/python3.9/site-packages/tavern/response/base.py\", line 152, in _maybe_run_validate_functions\n        vf(response)\n      File \"/usr/lib/python3.9/site-packages/tavern/util/extfunctions.py\", line 98, in inner\n        result = func(response, *args, **kwargs)\n      File \"/usr/lib/python3.9/site-packages/tavern/testutils/helpers.py\", line 103, in validate_pykwalify\n        verify_generic(to_verify, schema)\n      File \"/usr/lib/python3.9/site-packages/tavern/schemas/files.py\", line 109, in verify_generic\n        raise BadSchemaError() from e\n    tavern.util.exceptions.BadSchemaError","time":{"start":1711095553571,"stop":1711095555863,"duration":2292}},{"uid":"aea76afdb65a9b5b","status":"failed","statusDetails":"tavern.util.exceptions.TestFailError: Test 'hsmAPIinventoryHardwareGET - Retrieve multiple Hardware Inventory entries using GET.' failed:\n- Error calling validate function '<function validate_pykwalify at 0x7fa35b2ade50>':\n    Traceback (most recent call last):\n      File \"/usr/lib/python3.9/site-packages/tavern/schemas/files.py\", line 106, in verify_generic\n        verifier.validate()\n      File \"/usr/lib/python3.9/site-packages/pykwalify/core.py\", line 194, in validate\n        raise SchemaError(u\"Schema validation failed:\\n - {error_msg}.\".format(\n    pykwalify.errors.SchemaError: <SchemaError: error code 2: Schema validation failed:\n     - Cannot find required key 'PopulatedFRU'. Path: '/5'.\n     - Cannot find required key 'PopulatedFRU'. Path: '/7'.\n     - Cannot find required key 'PopulatedFRU'. Path: '/8'.\n     - Cannot find required key 'PopulatedFRU'. Path: '/12'.\n     - Cannot find required key 'PopulatedFRU'. Path: '/13'.\n     - Cannot find required key 'PopulatedFRU'. Path: '/14'.\n     - Cannot find required key 'PopulatedFRU'. Path: '/15'.\n     - Cannot find required key 'PopulatedFRU'. Path: '/16'.\n     - Cannot find required key 'PopulatedFRU'. Path: '/17'.\n     - Cannot find required key 'PopulatedFRU'. Path: '/18'.\n     - Cannot find required key 'PopulatedFRU'. Path: '/19'.\n     - Cannot find required key 'PopulatedFRU'. Path: '/20'.\n     - Cannot find required key 'PopulatedFRU'. Path: '/23'.\n     - Cannot find required key 'PopulatedFRU'. Path: '/28'.\n     - Cannot find required key 'PopulatedFRU'. Path: '/42'.\n     - Cannot find required key 'PopulatedFRU'. Path: '/43'.\n     - Cannot find required key 'PopulatedFRU'. Path: '/47'.\n     - Cannot find required key 'PopulatedFRU'. Path: '/49'.\n     - Cannot find required key 'PopulatedFRU'. Path: '/50'.\n     - Cannot find required key 'PopulatedFRU'. Path: '/51'.\n     - Cannot find required key 'PopulatedFRU'. Path: '/53'.\n     - Cannot find required key 'PopulatedFRU'. Path: '/54'.\n     - Cannot find required key 'PopulatedFRU'. Path: '/56'.\n     - Cannot find required key 'PopulatedFRU'. Path: '/59'.\n     - Cannot find required key 'PopulatedFRU'. Path: '/60'.\n     - Cannot find required key 'PopulatedFRU'. Path: '/63'.\n     - Cannot find required key 'PopulatedFRU'. Path: '/67'.\n     - Cannot find required key 'PopulatedFRU'. Path: '/68'.\n     - Cannot find required key 'PopulatedFRU'. Path: '/69'.\n     - Cannot find required key 'PopulatedFRU'. Path: '/72'.\n     - Cannot find required key 'PopulatedFRU'. Path: '/484'.\n     - Cannot find required key 'PopulatedFRU'. Path: '/486'.\n     - Cannot find required key 'PopulatedFRU'. Path: '/492'.\n     - Cannot find required key 'PopulatedFRU'. Path: '/500'.: Path: '/'>\n\n    The above exception was the direct cause of the following exception:\n\n    Traceback (most recent call last):\n      File \"/usr/lib/python3.9/site-packages/tavern/response/base.py\", line 152, in _maybe_run_validate_functions\n        vf(response)\n      File \"/usr/lib/python3.9/site-packages/tavern/util/extfunctions.py\", line 98, in inner\n        result = func(response, *args, **kwargs)\n      File \"/usr/lib/python3.9/site-packages/tavern/testutils/helpers.py\", line 103, in validate_pykwalify\n        verify_generic(to_verify, schema)\n      File \"/usr/lib/python3.9/site-packages/tavern/schemas/files.py\", line 109, in verify_generic\n        raise BadSchemaError() from e\n    tavern.util.exceptions.BadSchemaError","time":{"start":1711009136329,"stop":1711009138597,"duration":2268}},{"uid":"60ca966767f710ac","status":"failed","statusDetails":"tavern.util.exceptions.TestFailError: Test 'hsmAPIinventoryHardwareGET - Retrieve multiple Hardware Inventory entries using GET.' failed:\n- Error calling validate function '<function validate_pykwalify at 0x7f959a05be50>':\n    Traceback (most recent call last):\n      File \"/usr/lib/python3.9/site-packages/tavern/schemas/files.py\", line 106, in verify_generic\n        verifier.validate()\n      File \"/usr/lib/python3.9/site-packages/pykwalify/core.py\", line 194, in validate\n        raise SchemaError(u\"Schema validation failed:\\n - {error_msg}.\".format(\n    pykwalify.errors.SchemaError: <SchemaError: error code 2: Schema validation failed:\n     - Cannot find required key 'PopulatedFRU'. Path: '/5'.\n     - Cannot find required key 'PopulatedFRU'. Path: '/6'.\n     - Cannot find required key 'PopulatedFRU'. Path: '/9'.\n     - Cannot find required key 'PopulatedFRU'. Path: '/10'.\n     - Cannot find required key 'PopulatedFRU'. Path: '/11'.\n     - Cannot find required key 'PopulatedFRU'. Path: '/14'.\n     - Cannot find required key 'PopulatedFRU'. Path: '/15'.\n     - Cannot find required key 'PopulatedFRU'. Path: '/16'.\n     - Cannot find required key 'PopulatedFRU'. Path: '/17'.\n     - Cannot find required key 'PopulatedFRU'. Path: '/18'.\n     - Cannot find required key 'PopulatedFRU'. Path: '/19'.\n     - Cannot find required key 'PopulatedFRU'. Path: '/20'.\n     - Cannot find required key 'PopulatedFRU'. Path: '/26'.\n     - Cannot find required key 'PopulatedFRU'. Path: '/27'.\n     - Cannot find required key 'PopulatedFRU'. Path: '/42'.\n     - Cannot find required key 'PopulatedFRU'. Path: '/45'.\n     - Cannot find required key 'PopulatedFRU'. Path: '/47'.\n     - Cannot find required key 'PopulatedFRU'. Path: '/53'.\n     - Cannot find required key 'PopulatedFRU'. Path: '/57'.\n     - Cannot find required key 'PopulatedFRU'. Path: '/58'.\n     - Cannot find required key 'PopulatedFRU'. Path: '/59'.\n     - Cannot find required key 'PopulatedFRU'. Path: '/60'.\n     - Cannot find required key 'PopulatedFRU'. Path: '/61'.\n     - Cannot find required key 'PopulatedFRU'. Path: '/65'.\n     - Cannot find required key 'PopulatedFRU'. Path: '/66'.\n     - Cannot find required key 'PopulatedFRU'. Path: '/67'.\n     - Cannot find required key 'PopulatedFRU'. Path: '/69'.\n     - Cannot find required key 'PopulatedFRU'. Path: '/70'.\n     - Cannot find required key 'PopulatedFRU'. Path: '/72'.\n     - Cannot find required key 'PopulatedFRU'. Path: '/73'.\n     - Cannot find required key 'PopulatedFRU'. Path: '/406'.\n     - Cannot find required key 'PopulatedFRU'. Path: '/417'.\n     - Cannot find required key 'PopulatedFRU'. Path: '/421'.\n     - Cannot find required key 'PopulatedFRU'. Path: '/422'.: Path: '/'>\n\n    The above exception was the direct cause of the following exception:\n\n    Traceback (most recent call last):\n      File \"/usr/lib/python3.9/site-packages/tavern/response/base.py\", line 152, in _maybe_run_validate_functions\n        vf(response)\n      File \"/usr/lib/python3.9/site-packages/tavern/util/extfunctions.py\", line 98, in inner\n        result = func(response, *args, **kwargs)\n      File \"/usr/lib/python3.9/site-packages/tavern/testutils/helpers.py\", line 103, in validate_pykwalify\n        verify_generic(to_verify, schema)\n      File \"/usr/lib/python3.9/site-packages/tavern/schemas/files.py\", line 109, in verify_generic\n        raise BadSchemaError() from e\n    tavern.util.exceptions.BadSchemaError","time":{"start":1710922762532,"stop":1710922764798,"duration":2266}},{"uid":"6353e25add376159","status":"failed","statusDetails":"tavern.util.exceptions.TestFailError: Test 'hsmAPIinventoryHardwareGET - Retrieve multiple Hardware Inventory entries using GET.' failed:\n- Error calling validate function '<function validate_pykwalify at 0x7e8f30a53e50>':\n    Traceback (most recent call last):\n      File \"/usr/lib/python3.9/site-packages/tavern/schemas/files.py\", line 106, in verify_generic\n        verifier.validate()\n      File \"/usr/lib/python3.9/site-packages/pykwalify/core.py\", line 194, in validate\n        raise SchemaError(u\"Schema validation failed:\\n - {error_msg}.\".format(\n    pykwalify.errors.SchemaError: <SchemaError: error code 2: Schema validation failed:\n     - Cannot find required key 'PopulatedFRU'. Path: '/6'.\n     - Cannot find required key 'PopulatedFRU'. Path: '/7'.\n     - Cannot find required key 'PopulatedFRU'. Path: '/8'.\n     - Cannot find required key 'PopulatedFRU'. Path: '/9'.\n     - Cannot find required key 'PopulatedFRU'. Path: '/11'.\n     - Cannot find required key 'PopulatedFRU'. Path: '/13'.\n     - Cannot find required key 'PopulatedFRU'. Path: '/14'.\n     - Cannot find required key 'PopulatedFRU'. Path: '/15'.\n     - Cannot find required key 'PopulatedFRU'. Path: '/16'.\n     - Cannot find required key 'PopulatedFRU'. Path: '/17'.\n     - Cannot find required key 'PopulatedFRU'. Path: '/18'.\n     - Cannot find required key 'PopulatedFRU'. Path: '/19'.\n     - Cannot find required key 'PopulatedFRU'. Path: '/23'.\n     - Cannot find required key 'PopulatedFRU'. Path: '/28'.\n     - Cannot find required key 'PopulatedFRU'. Path: '/43'.\n     - Cannot find required key 'PopulatedFRU'. Path: '/48'.\n     - Cannot find required key 'PopulatedFRU'. Path: '/50'.\n     - Cannot find required key 'PopulatedFRU'. Path: '/52'.\n     - Cannot find required key 'PopulatedFRU'. Path: '/53'.\n     - Cannot find required key 'PopulatedFRU'. Path: '/54'.\n     - Cannot find required key 'PopulatedFRU'. Path: '/56'.\n     - Cannot find required key 'PopulatedFRU'. Path: '/58'.\n     - Cannot find required key 'PopulatedFRU'. Path: '/59'.\n     - Cannot find required key 'PopulatedFRU'. Path: '/61'.\n     - Cannot find required key 'PopulatedFRU'. Path: '/62'.\n     - Cannot find required key 'PopulatedFRU'. Path: '/63'.\n     - Cannot find required key 'PopulatedFRU'. Path: '/64'.\n     - Cannot find required key 'PopulatedFRU'. Path: '/69'.\n     - Cannot find required key 'PopulatedFRU'. Path: '/72'.\n     - Cannot find required key 'PopulatedFRU'. Path: '/73'.\n     - Cannot find required key 'PopulatedFRU'. Path: '/418'.\n     - Cannot find required key 'PopulatedFRU'. Path: '/422'.\n     - Cannot find required key 'PopulatedFRU'. Path: '/434'.\n     - Cannot find required key 'PopulatedFRU'. Path: '/435'.: Path: '/'>\n\n    The above exception was the direct cause of the following exception:\n\n    Traceback (most recent call last):\n      File \"/usr/lib/python3.9/site-packages/tavern/response/base.py\", line 152, in _maybe_run_validate_functions\n        vf(response)\n      File \"/usr/lib/python3.9/site-packages/tavern/util/extfunctions.py\", line 98, in inner\n        result = func(response, *args, **kwargs)\n      File \"/usr/lib/python3.9/site-packages/tavern/testutils/helpers.py\", line 103, in validate_pykwalify\n        verify_generic(to_verify, schema)\n      File \"/usr/lib/python3.9/site-packages/tavern/schemas/files.py\", line 109, in verify_generic\n        raise BadSchemaError() from e\n    tavern.util.exceptions.BadSchemaError","time":{"start":1710836940893,"stop":1710836943142,"duration":2249}},{"uid":"72df651a5bbbfc29","status":"failed","statusDetails":"tavern.util.exceptions.TestFailError: Test 'hsmAPIinventoryHardwareGET - Retrieve multiple Hardware Inventory entries using GET.' failed:\n- Error calling validate function '<function validate_pykwalify at 0x7f0a58a6ae50>':\n    Traceback (most recent call last):\n      File \"/usr/lib/python3.9/site-packages/tavern/schemas/files.py\", line 106, in verify_generic\n        verifier.validate()\n      File \"/usr/lib/python3.9/site-packages/pykwalify/core.py\", line 194, in validate\n        raise SchemaError(u\"Schema validation failed:\\n - {error_msg}.\".format(\n    pykwalify.errors.SchemaError: <SchemaError: error code 2: Schema validation failed:\n     - Cannot find required key 'PopulatedFRU'. Path: '/5'.\n     - Cannot find required key 'PopulatedFRU'. Path: '/6'.\n     - Cannot find required key 'PopulatedFRU'. Path: '/7'.\n     - Cannot find required key 'PopulatedFRU'. Path: '/8'.\n     - Cannot find required key 'PopulatedFRU'. Path: '/10'.\n     - Cannot find required key 'PopulatedFRU'. Path: '/11'.\n     - Cannot find required key 'PopulatedFRU'. Path: '/12'.\n     - Cannot find required key 'PopulatedFRU'. Path: '/14'.\n     - Cannot find required key 'PopulatedFRU'. Path: '/15'.\n     - Cannot find required key 'PopulatedFRU'. Path: '/16'.\n     - Cannot find required key 'PopulatedFRU'. Path: '/19'.\n     - Cannot find required key 'PopulatedFRU'. Path: '/20'.\n     - Cannot find required key 'PopulatedFRU'. Path: '/23'.\n     - Cannot find required key 'PopulatedFRU'. Path: '/28'.\n     - Cannot find required key 'PopulatedFRU'. Path: '/45'.\n     - Cannot find required key 'PopulatedFRU'. Path: '/46'.\n     - Cannot find required key 'PopulatedFRU'. Path: '/49'.\n     - Cannot find required key 'PopulatedFRU'. Path: '/51'.\n     - Cannot find required key 'PopulatedFRU'. Path: '/55'.\n     - Cannot find required key 'PopulatedFRU'. Path: '/57'.\n     - Cannot find required key 'PopulatedFRU'. Path: '/58'.\n     - Cannot find required key 'PopulatedFRU'. Path: '/60'.\n     - Cannot find required key 'PopulatedFRU'. Path: '/61'.\n     - Cannot find required key 'PopulatedFRU'. Path: '/62'.\n     - Cannot find required key 'PopulatedFRU'. Path: '/64'.\n     - Cannot find required key 'PopulatedFRU'. Path: '/66'.\n     - Cannot find required key 'PopulatedFRU'. Path: '/69'.\n     - Cannot find required key 'PopulatedFRU'. Path: '/71'.\n     - Cannot find required key 'PopulatedFRU'. Path: '/72'.\n     - Cannot find required key 'PopulatedFRU'. Path: '/73'.\n     - Cannot find required key 'PopulatedFRU'. Path: '/503'.\n     - Cannot find required key 'PopulatedFRU'. Path: '/507'.\n     - Cannot find required key 'PopulatedFRU'. Path: '/508'.\n     - Cannot find required key 'PopulatedFRU'. Path: '/509'.: Path: '/'>\n\n    The above exception was the direct cause of the following exception:\n\n    Traceback (most recent call last):\n      File \"/usr/lib/python3.9/site-packages/tavern/response/base.py\", line 152, in _maybe_run_validate_functions\n        vf(response)\n      File \"/usr/lib/python3.9/site-packages/tavern/util/extfunctions.py\", line 98, in inner\n        result = func(response, *args, **kwargs)\n      File \"/usr/lib/python3.9/site-packages/tavern/testutils/helpers.py\", line 103, in validate_pykwalify\n        verify_generic(to_verify, schema)\n      File \"/usr/lib/python3.9/site-packages/tavern/schemas/files.py\", line 109, in verify_generic\n        raise BadSchemaError() from e\n    tavern.util.exceptions.BadSchemaError","time":{"start":1710750611175,"stop":1710750613498,"duration":2323}},{"uid":"2d482e730c6a9da8","status":"failed","statusDetails":"tavern.util.exceptions.TestFailError: Test 'hsmAPIinventoryHardwareGET - Retrieve multiple Hardware Inventory entries using GET.' failed:\n- Error calling validate function '<function validate_pykwalify at 0x7602a8840e50>':\n    Traceback (most recent call last):\n      File \"/usr/lib/python3.9/site-packages/tavern/schemas/files.py\", line 106, in verify_generic\n        verifier.validate()\n      File \"/usr/lib/python3.9/site-packages/pykwalify/core.py\", line 194, in validate\n        raise SchemaError(u\"Schema validation failed:\\n - {error_msg}.\".format(\n    pykwalify.errors.SchemaError: <SchemaError: error code 2: Schema validation failed:\n     - Cannot find required key 'PopulatedFRU'. Path: '/5'.\n     - Cannot find required key 'PopulatedFRU'. Path: '/6'.\n     - Cannot find required key 'PopulatedFRU'. Path: '/9'.\n     - Cannot find required key 'PopulatedFRU'. Path: '/10'.\n     - Cannot find required key 'PopulatedFRU'. Path: '/12'.\n     - Cannot find required key 'PopulatedFRU'. Path: '/13'.\n     - Cannot find required key 'PopulatedFRU'. Path: '/15'.\n     - Cannot find required key 'PopulatedFRU'. Path: '/16'.\n     - Cannot find required key 'PopulatedFRU'. Path: '/17'.\n     - Cannot find required key 'PopulatedFRU'. Path: '/18'.\n     - Cannot find required key 'PopulatedFRU'. Path: '/19'.\n     - Cannot find required key 'PopulatedFRU'. Path: '/20'.\n     - Cannot find required key 'PopulatedFRU'. Path: '/23'.\n     - Cannot find required key 'PopulatedFRU'. Path: '/24'.\n     - Cannot find required key 'PopulatedFRU'. Path: '/48'.\n     - Cannot find required key 'PopulatedFRU'. Path: '/49'.\n     - Cannot find required key 'PopulatedFRU'. Path: '/50'.\n     - Cannot find required key 'PopulatedFRU'. Path: '/51'.\n     - Cannot find required key 'PopulatedFRU'. Path: '/52'.\n     - Cannot find required key 'PopulatedFRU'. Path: '/54'.\n     - Cannot find required key 'PopulatedFRU'. Path: '/56'.\n     - Cannot find required key 'PopulatedFRU'. Path: '/57'.\n     - Cannot find required key 'PopulatedFRU'. Path: '/58'.\n     - Cannot find required key 'PopulatedFRU'. Path: '/59'.\n     - Cannot find required key 'PopulatedFRU'. Path: '/61'.\n     - Cannot find required key 'PopulatedFRU'. Path: '/62'.\n     - Cannot find required key 'PopulatedFRU'. Path: '/64'.\n     - Cannot find required key 'PopulatedFRU'. Path: '/65'.\n     - Cannot find required key 'PopulatedFRU'. Path: '/66'.\n     - Cannot find required key 'PopulatedFRU'. Path: '/72'.\n     - Cannot find required key 'PopulatedFRU'. Path: '/541'.\n     - Cannot find required key 'PopulatedFRU'. Path: '/550'.\n     - Cannot find required key 'PopulatedFRU'. Path: '/553'.\n     - Cannot find required key 'PopulatedFRU'. Path: '/554'.: Path: '/'>\n\n    The above exception was the direct cause of the following exception:\n\n    Traceback (most recent call last):\n      File \"/usr/lib/python3.9/site-packages/tavern/response/base.py\", line 152, in _maybe_run_validate_functions\n        vf(response)\n      File \"/usr/lib/python3.9/site-packages/tavern/util/extfunctions.py\", line 98, in inner\n        result = func(response, *args, **kwargs)\n      File \"/usr/lib/python3.9/site-packages/tavern/testutils/helpers.py\", line 103, in validate_pykwalify\n        verify_generic(to_verify, schema)\n      File \"/usr/lib/python3.9/site-packages/tavern/schemas/files.py\", line 109, in verify_generic\n        raise BadSchemaError() from e\n    tavern.util.exceptions.BadSchemaError","time":{"start":1710663994951,"stop":1710663997261,"duration":2310}},{"uid":"bca98c85d95a1c73","status":"failed","statusDetails":"tavern.util.exceptions.TestFailError: Test 'hsmAPIinventoryHardwareGET - Retrieve multiple Hardware Inventory entries using GET.' failed:\n- Error calling validate function '<function validate_pykwalify at 0x79047850ee50>':\n    Traceback (most recent call last):\n      File \"/usr/lib/python3.9/site-packages/tavern/schemas/files.py\", line 106, in verify_generic\n        verifier.validate()\n      File \"/usr/lib/python3.9/site-packages/pykwalify/core.py\", line 194, in validate\n        raise SchemaError(u\"Schema validation failed:\\n - {error_msg}.\".format(\n    pykwalify.errors.SchemaError: <SchemaError: error code 2: Schema validation failed:\n     - Cannot find required key 'PopulatedFRU'. Path: '/5'.\n     - Cannot find required key 'PopulatedFRU'. Path: '/7'.\n     - Cannot find required key 'PopulatedFRU'. Path: '/9'.\n     - Cannot find required key 'PopulatedFRU'. Path: '/10'.\n     - Cannot find required key 'PopulatedFRU'. Path: '/11'.\n     - Cannot find required key 'PopulatedFRU'. Path: '/12'.\n     - Cannot find required key 'PopulatedFRU'. Path: '/13'.\n     - Cannot find required key 'PopulatedFRU'. Path: '/14'.\n     - Cannot find required key 'PopulatedFRU'. Path: '/16'.\n     - Cannot find required key 'PopulatedFRU'. Path: '/18'.\n     - Cannot find required key 'PopulatedFRU'. Path: '/19'.\n     - Cannot find required key 'PopulatedFRU'. Path: '/20'.\n     - Cannot find required key 'PopulatedFRU'. Path: '/24'.\n     - Cannot find required key 'PopulatedFRU'. Path: '/25'.\n     - Cannot find required key 'PopulatedFRU'. Path: '/45'.\n     - Cannot find required key 'PopulatedFRU'. Path: '/47'.\n     - Cannot find required key 'PopulatedFRU'. Path: '/50'.\n     - Cannot find required key 'PopulatedFRU'. Path: '/51'.\n     - Cannot find required key 'PopulatedFRU'. Path: '/53'.\n     - Cannot find required key 'PopulatedFRU'. Path: '/54'.\n     - Cannot find required key 'PopulatedFRU'. Path: '/55'.\n     - Cannot find required key 'PopulatedFRU'. Path: '/57'.\n     - Cannot find required key 'PopulatedFRU'. Path: '/59'.\n     - Cannot find required key 'PopulatedFRU'. Path: '/61'.\n     - Cannot find required key 'PopulatedFRU'. Path: '/62'.\n     - Cannot find required key 'PopulatedFRU'. Path: '/63'.\n     - Cannot find required key 'PopulatedFRU'. Path: '/65'.\n     - Cannot find required key 'PopulatedFRU'. Path: '/66'.\n     - Cannot find required key 'PopulatedFRU'. Path: '/67'.\n     - Cannot find required key 'PopulatedFRU'. Path: '/74'.\n     - Cannot find required key 'PopulatedFRU'. Path: '/418'.\n     - Cannot find required key 'PopulatedFRU'. Path: '/422'.\n     - Cannot find required key 'PopulatedFRU'. Path: '/427'.\n     - Cannot find required key 'PopulatedFRU'. Path: '/436'.: Path: '/'>\n\n    The above exception was the direct cause of the following exception:\n\n    Traceback (most recent call last):\n      File \"/usr/lib/python3.9/site-packages/tavern/response/base.py\", line 152, in _maybe_run_validate_functions\n        vf(response)\n      File \"/usr/lib/python3.9/site-packages/tavern/util/extfunctions.py\", line 98, in inner\n        result = func(response, *args, **kwargs)\n      File \"/usr/lib/python3.9/site-packages/tavern/testutils/helpers.py\", line 103, in validate_pykwalify\n        verify_generic(to_verify, schema)\n      File \"/usr/lib/python3.9/site-packages/tavern/schemas/files.py\", line 109, in verify_generic\n        raise BadSchemaError() from e\n    tavern.util.exceptions.BadSchemaError","time":{"start":1710577735814,"stop":1710577738051,"duration":2237}},{"uid":"a442734c7a45be32","status":"failed","statusDetails":"tavern.util.exceptions.TestFailError: Test 'hsmAPIinventoryHardwareGET - Retrieve multiple Hardware Inventory entries using GET.' failed:\n- Error calling validate function '<function validate_pykwalify at 0x7580d6a91e50>':\n    Traceback (most recent call last):\n      File \"/usr/lib/python3.9/site-packages/tavern/schemas/files.py\", line 106, in verify_generic\n        verifier.validate()\n      File \"/usr/lib/python3.9/site-packages/pykwalify/core.py\", line 194, in validate\n        raise SchemaError(u\"Schema validation failed:\\n - {error_msg}.\".format(\n    pykwalify.errors.SchemaError: <SchemaError: error code 2: Schema validation failed:\n     - Cannot find required key 'PopulatedFRU'. Path: '/6'.\n     - Cannot find required key 'PopulatedFRU'. Path: '/7'.\n     - Cannot find required key 'PopulatedFRU'. Path: '/10'.\n     - Cannot find required key 'PopulatedFRU'. Path: '/11'.\n     - Cannot find required key 'PopulatedFRU'. Path: '/12'.\n     - Cannot find required key 'PopulatedFRU'. Path: '/14'.\n     - Cannot find required key 'PopulatedFRU'. Path: '/15'.\n     - Cannot find required key 'PopulatedFRU'. Path: '/16'.\n     - Cannot find required key 'PopulatedFRU'. Path: '/17'.\n     - Cannot find required key 'PopulatedFRU'. Path: '/18'.\n     - Cannot find required key 'PopulatedFRU'. Path: '/19'.\n     - Cannot find required key 'PopulatedFRU'. Path: '/20'.\n     - Cannot find required key 'PopulatedFRU'. Path: '/23'.\n     - Cannot find required key 'PopulatedFRU'. Path: '/28'.\n     - Cannot find required key 'PopulatedFRU'. Path: '/44'.\n     - Cannot find required key 'PopulatedFRU'. Path: '/47'.\n     - Cannot find required key 'PopulatedFRU'. Path: '/48'.\n     - Cannot find required key 'PopulatedFRU'. Path: '/51'.\n     - Cannot find required key 'PopulatedFRU'. Path: '/54'.\n     - Cannot find required key 'PopulatedFRU'. Path: '/56'.\n     - Cannot find required key 'PopulatedFRU'. Path: '/58'.\n     - Cannot find required key 'PopulatedFRU'. Path: '/59'.\n     - Cannot find required key 'PopulatedFRU'. Path: '/60'.\n     - Cannot find required key 'PopulatedFRU'. Path: '/61'.\n     - Cannot find required key 'PopulatedFRU'. Path: '/62'.\n     - Cannot find required key 'PopulatedFRU'. Path: '/63'.\n     - Cannot find required key 'PopulatedFRU'. Path: '/64'.\n     - Cannot find required key 'PopulatedFRU'. Path: '/65'.\n     - Cannot find required key 'PopulatedFRU'. Path: '/67'.\n     - Cannot find required key 'PopulatedFRU'. Path: '/68'.\n     - Cannot find required key 'PopulatedFRU'. Path: '/72'.\n     - Cannot find required key 'PopulatedFRU'. Path: '/307'.\n     - Cannot find required key 'PopulatedFRU'. Path: '/575'.\n     - Cannot find required key 'PopulatedFRU'. Path: '/577'.: Path: '/'>\n\n    The above exception was the direct cause of the following exception:\n\n    Traceback (most recent call last):\n      File \"/usr/lib/python3.9/site-packages/tavern/response/base.py\", line 152, in _maybe_run_validate_functions\n        vf(response)\n      File \"/usr/lib/python3.9/site-packages/tavern/util/extfunctions.py\", line 98, in inner\n        result = func(response, *args, **kwargs)\n      File \"/usr/lib/python3.9/site-packages/tavern/testutils/helpers.py\", line 103, in validate_pykwalify\n        verify_generic(to_verify, schema)\n      File \"/usr/lib/python3.9/site-packages/tavern/schemas/files.py\", line 109, in verify_generic\n        raise BadSchemaError() from e\n    tavern.util.exceptions.BadSchemaError","time":{"start":1710491331165,"stop":1710491333439,"duration":2274}},{"uid":"1d325bb6c5e9d7ab","status":"failed","statusDetails":"tavern.util.exceptions.TestFailError: Test 'hsmAPIinventoryHardwareGET - Retrieve multiple Hardware Inventory entries using GET.' failed:\n- Error calling validate function '<function validate_pykwalify at 0x7e206888be50>':\n    Traceback (most recent call last):\n      File \"/usr/lib/python3.9/site-packages/tavern/schemas/files.py\", line 106, in verify_generic\n        verifier.validate()\n      File \"/usr/lib/python3.9/site-packages/pykwalify/core.py\", line 194, in validate\n        raise SchemaError(u\"Schema validation failed:\\n - {error_msg}.\".format(\n    pykwalify.errors.SchemaError: <SchemaError: error code 2: Schema validation failed:\n     - Cannot find required key 'PopulatedFRU'. Path: '/5'.\n     - Cannot find required key 'PopulatedFRU'. Path: '/6'.\n     - Cannot find required key 'PopulatedFRU'. Path: '/7'.\n     - Cannot find required key 'PopulatedFRU'. Path: '/10'.\n     - Cannot find required key 'PopulatedFRU'. Path: '/11'.\n     - Cannot find required key 'PopulatedFRU'. Path: '/12'.\n     - Cannot find required key 'PopulatedFRU'. Path: '/13'.\n     - Cannot find required key 'PopulatedFRU'. Path: '/14'.\n     - Cannot find required key 'PopulatedFRU'. Path: '/15'.\n     - Cannot find required key 'PopulatedFRU'. Path: '/16'.\n     - Cannot find required key 'PopulatedFRU'. Path: '/18'.\n     - Cannot find required key 'PopulatedFRU'. Path: '/19'.\n     - Cannot find required key 'PopulatedFRU'. Path: '/23'.\n     - Cannot find required key 'PopulatedFRU'. Path: '/28'.\n     - Cannot find required key 'PopulatedFRU'. Path: '/44'.\n     - Cannot find required key 'PopulatedFRU'. Path: '/46'.\n     - Cannot find required key 'PopulatedFRU'. Path: '/47'.\n     - Cannot find required key 'PopulatedFRU'. Path: '/48'.\n     - Cannot find required key 'PopulatedFRU'. Path: '/52'.\n     - Cannot find required key 'PopulatedFRU'. Path: '/53'.\n     - Cannot find required key 'PopulatedFRU'. Path: '/55'.\n     - Cannot find required key 'PopulatedFRU'. Path: '/56'.\n     - Cannot find required key 'PopulatedFRU'. Path: '/57'.\n     - Cannot find required key 'PopulatedFRU'. Path: '/60'.\n     - Cannot find required key 'PopulatedFRU'. Path: '/61'.\n     - Cannot find required key 'PopulatedFRU'. Path: '/67'.\n     - Cannot find required key 'PopulatedFRU'. Path: '/68'.\n     - Cannot find required key 'PopulatedFRU'. Path: '/70'.\n     - Cannot find required key 'PopulatedFRU'. Path: '/72'.\n     - Cannot find required key 'PopulatedFRU'. Path: '/73'.\n     - Cannot find required key 'PopulatedFRU'. Path: '/613'.\n     - Cannot find required key 'PopulatedFRU'. Path: '/617'.\n     - Cannot find required key 'PopulatedFRU'. Path: '/620'.\n     - Cannot find required key 'PopulatedFRU'. Path: '/622'.: Path: '/'>\n\n    The above exception was the direct cause of the following exception:\n\n    Traceback (most recent call last):\n      File \"/usr/lib/python3.9/site-packages/tavern/response/base.py\", line 152, in _maybe_run_validate_functions\n        vf(response)\n      File \"/usr/lib/python3.9/site-packages/tavern/util/extfunctions.py\", line 98, in inner\n        result = func(response, *args, **kwargs)\n      File \"/usr/lib/python3.9/site-packages/tavern/testutils/helpers.py\", line 103, in validate_pykwalify\n        verify_generic(to_verify, schema)\n      File \"/usr/lib/python3.9/site-packages/tavern/schemas/files.py\", line 109, in verify_generic\n        raise BadSchemaError() from e\n    tavern.util.exceptions.BadSchemaError","time":{"start":1710404849994,"stop":1710404852278,"duration":2284}},{"uid":"88f94afcde03191f","status":"failed","statusDetails":"tavern.util.exceptions.TestFailError: Test 'hsmAPIinventoryHardwareGET - Retrieve multiple Hardware Inventory entries using GET.' failed:\n- Error calling validate function '<function validate_pykwalify at 0x784e6140ae50>':\n    Traceback (most recent call last):\n      File \"/usr/lib/python3.9/site-packages/tavern/schemas/files.py\", line 106, in verify_generic\n        verifier.validate()\n      File \"/usr/lib/python3.9/site-packages/pykwalify/core.py\", line 194, in validate\n        raise SchemaError(u\"Schema validation failed:\\n - {error_msg}.\".format(\n    pykwalify.errors.SchemaError: <SchemaError: error code 2: Schema validation failed:\n     - Cannot find required key 'PopulatedFRU'. Path: '/5'.\n     - Cannot find required key 'PopulatedFRU'. Path: '/6'.\n     - Cannot find required key 'PopulatedFRU'. Path: '/7'.\n     - Cannot find required key 'PopulatedFRU'. Path: '/9'.\n     - Cannot find required key 'PopulatedFRU'. Path: '/10'.\n     - Cannot find required key 'PopulatedFRU'. Path: '/11'.\n     - Cannot find required key 'PopulatedFRU'. Path: '/13'.\n     - Cannot find required key 'PopulatedFRU'. Path: '/14'.\n     - Cannot find required key 'PopulatedFRU'. Path: '/15'.\n     - Cannot find required key 'PopulatedFRU'. Path: '/16'.\n     - Cannot find required key 'PopulatedFRU'. Path: '/19'.\n     - Cannot find required key 'PopulatedFRU'. Path: '/20'.\n     - Cannot find required key 'PopulatedFRU'. Path: '/27'.\n     - Cannot find required key 'PopulatedFRU'. Path: '/28'.\n     - Cannot find required key 'PopulatedFRU'. Path: '/42'.\n     - Cannot find required key 'PopulatedFRU'. Path: '/43'.\n     - Cannot find required key 'PopulatedFRU'. Path: '/50'.\n     - Cannot find required key 'PopulatedFRU'. Path: '/51'.\n     - Cannot find required key 'PopulatedFRU'. Path: '/55'.\n     - Cannot find required key 'PopulatedFRU'. Path: '/58'.\n     - Cannot find required key 'PopulatedFRU'. Path: '/60'.\n     - Cannot find required key 'PopulatedFRU'. Path: '/62'.\n     - Cannot find required key 'PopulatedFRU'. Path: '/63'.\n     - Cannot find required key 'PopulatedFRU'. Path: '/64'.\n     - Cannot find required key 'PopulatedFRU'. Path: '/65'.\n     - Cannot find required key 'PopulatedFRU'. Path: '/66'.\n     - Cannot find required key 'PopulatedFRU'. Path: '/68'.\n     - Cannot find required key 'PopulatedFRU'. Path: '/69'.\n     - Cannot find required key 'PopulatedFRU'. Path: '/72'.\n     - Cannot find required key 'PopulatedFRU'. Path: '/73'.\n     - Cannot find required key 'PopulatedFRU'. Path: '/434'.\n     - Cannot find required key 'PopulatedFRU'. Path: '/444'.\n     - Cannot find required key 'PopulatedFRU'. Path: '/469'.\n     - Cannot find required key 'PopulatedFRU'. Path: '/471'.: Path: '/'>\n\n    The above exception was the direct cause of the following exception:\n\n    Traceback (most recent call last):\n      File \"/usr/lib/python3.9/site-packages/tavern/response/base.py\", line 152, in _maybe_run_validate_functions\n        vf(response)\n      File \"/usr/lib/python3.9/site-packages/tavern/util/extfunctions.py\", line 98, in inner\n        result = func(response, *args, **kwargs)\n      File \"/usr/lib/python3.9/site-packages/tavern/testutils/helpers.py\", line 103, in validate_pykwalify\n        verify_generic(to_verify, schema)\n      File \"/usr/lib/python3.9/site-packages/tavern/schemas/files.py\", line 109, in verify_generic\n        raise BadSchemaError() from e\n    tavern.util.exceptions.BadSchemaError","time":{"start":1710317884587,"stop":1710317886830,"duration":2243}},{"uid":"827bc393397cd88a","status":"failed","statusDetails":"tavern.util.exceptions.TestFailError: Test 'hsmAPIinventoryHardwareGET - Retrieve multiple Hardware Inventory entries using GET.' failed:\n- Error calling validate function '<function validate_pykwalify at 0x7f2fed262e50>':\n    Traceback (most recent call last):\n      File \"/usr/lib/python3.9/site-packages/tavern/schemas/files.py\", line 106, in verify_generic\n        verifier.validate()\n      File \"/usr/lib/python3.9/site-packages/pykwalify/core.py\", line 194, in validate\n        raise SchemaError(u\"Schema validation failed:\\n - {error_msg}.\".format(\n    pykwalify.errors.SchemaError: <SchemaError: error code 2: Schema validation failed:\n     - Cannot find required key 'PopulatedFRU'. Path: '/5'.\n     - Cannot find required key 'PopulatedFRU'. Path: '/6'.\n     - Cannot find required key 'PopulatedFRU'. Path: '/7'.\n     - Cannot find required key 'PopulatedFRU'. Path: '/8'.\n     - Cannot find required key 'PopulatedFRU'. Path: '/11'.\n     - Cannot find required key 'PopulatedFRU'. Path: '/12'.\n     - Cannot find required key 'PopulatedFRU'. Path: '/13'.\n     - Cannot find required key 'PopulatedFRU'. Path: '/16'.\n     - Cannot find required key 'PopulatedFRU'. Path: '/17'.\n     - Cannot find required key 'PopulatedFRU'. Path: '/18'.\n     - Cannot find required key 'PopulatedFRU'. Path: '/19'.\n     - Cannot find required key 'PopulatedFRU'. Path: '/20'.\n     - Cannot find required key 'PopulatedFRU'. Path: '/23'.\n     - Cannot find required key 'PopulatedFRU'. Path: '/24'.\n     - Cannot find required key 'PopulatedFRU'. Path: '/43'.\n     - Cannot find required key 'PopulatedFRU'. Path: '/47'.\n     - Cannot find required key 'PopulatedFRU'. Path: '/51'.\n     - Cannot find required key 'PopulatedFRU'. Path: '/52'.\n     - Cannot find required key 'PopulatedFRU'. Path: '/55'.\n     - Cannot find required key 'PopulatedFRU'. Path: '/56'.\n     - Cannot find required key 'PopulatedFRU'. Path: '/57'.\n     - Cannot find required key 'PopulatedFRU'. Path: '/58'.\n     - Cannot find required key 'PopulatedFRU'. Path: '/59'.\n     - Cannot find required key 'PopulatedFRU'. Path: '/62'.\n     - Cannot find required key 'PopulatedFRU'. Path: '/63'.\n     - Cannot find required key 'PopulatedFRU'. Path: '/66'.\n     - Cannot find required key 'PopulatedFRU'. Path: '/67'.\n     - Cannot find required key 'PopulatedFRU'. Path: '/69'.\n     - Cannot find required key 'PopulatedFRU'. Path: '/72'.\n     - Cannot find required key 'PopulatedFRU'. Path: '/73'.\n     - Cannot find required key 'PopulatedFRU'. Path: '/77'.\n     - Cannot find required key 'PopulatedFRU'. Path: '/78'.\n     - Cannot find required key 'PopulatedFRU'. Path: '/81'.\n     - Cannot find required key 'PopulatedFRU'. Path: '/86'.: Path: '/'>\n\n    The above exception was the direct cause of the following exception:\n\n    Traceback (most recent call last):\n      File \"/usr/lib/python3.9/site-packages/tavern/response/base.py\", line 152, in _maybe_run_validate_functions\n        vf(response)\n      File \"/usr/lib/python3.9/site-packages/tavern/util/extfunctions.py\", line 98, in inner\n        result = func(response, *args, **kwargs)\n      File \"/usr/lib/python3.9/site-packages/tavern/testutils/helpers.py\", line 103, in validate_pykwalify\n        verify_generic(to_verify, schema)\n      File \"/usr/lib/python3.9/site-packages/tavern/schemas/files.py\", line 109, in verify_generic\n        raise BadSchemaError() from e\n    tavern.util.exceptions.BadSchemaError","time":{"start":1710231473794,"stop":1710231476166,"duration":2372}},{"uid":"853244bb0dc182cc","status":"failed","statusDetails":"tavern.util.exceptions.TestFailError: Test 'hsmAPIinventoryHardwareGET - Retrieve multiple Hardware Inventory entries using GET.' failed:\n- Error calling validate function '<function validate_pykwalify at 0x7fb5fc177e50>':\n    Traceback (most recent call last):\n      File \"/usr/lib/python3.9/site-packages/tavern/schemas/files.py\", line 106, in verify_generic\n        verifier.validate()\n      File \"/usr/lib/python3.9/site-packages/pykwalify/core.py\", line 194, in validate\n        raise SchemaError(u\"Schema validation failed:\\n - {error_msg}.\".format(\n    pykwalify.errors.SchemaError: <SchemaError: error code 2: Schema validation failed:\n     - Cannot find required key 'PopulatedFRU'. Path: '/5'.\n     - Cannot find required key 'PopulatedFRU'. Path: '/6'.\n     - Cannot find required key 'PopulatedFRU'. Path: '/7'.\n     - Cannot find required key 'PopulatedFRU'. Path: '/8'.\n     - Cannot find required key 'PopulatedFRU'. Path: '/10'.\n     - Cannot find required key 'PopulatedFRU'. Path: '/11'.\n     - Cannot find required key 'PopulatedFRU'. Path: '/13'.\n     - Cannot find required key 'PopulatedFRU'. Path: '/15'.\n     - Cannot find required key 'PopulatedFRU'. Path: '/16'.\n     - Cannot find required key 'PopulatedFRU'. Path: '/17'.\n     - Cannot find required key 'PopulatedFRU'. Path: '/18'.\n     - Cannot find required key 'PopulatedFRU'. Path: '/19'.\n     - Cannot find required key 'PopulatedFRU'. Path: '/23'.\n     - Cannot find required key 'PopulatedFRU'. Path: '/28'.\n     - Cannot find required key 'PopulatedFRU'. Path: '/45'.\n     - Cannot find required key 'PopulatedFRU'. Path: '/47'.\n     - Cannot find required key 'PopulatedFRU'. Path: '/48'.\n     - Cannot find required key 'PopulatedFRU'. Path: '/49'.\n     - Cannot find required key 'PopulatedFRU'. Path: '/50'.\n     - Cannot find required key 'PopulatedFRU'. Path: '/55'.\n     - Cannot find required key 'PopulatedFRU'. Path: '/57'.\n     - Cannot find required key 'PopulatedFRU'. Path: '/58'.\n     - Cannot find required key 'PopulatedFRU'. Path: '/61'.\n     - Cannot find required key 'PopulatedFRU'. Path: '/64'.\n     - Cannot find required key 'PopulatedFRU'. Path: '/65'.\n     - Cannot find required key 'PopulatedFRU'. Path: '/66'.\n     - Cannot find required key 'PopulatedFRU'. Path: '/68'.\n     - Cannot find required key 'PopulatedFRU'. Path: '/69'.\n     - Cannot find required key 'PopulatedFRU'. Path: '/71'.\n     - Cannot find required key 'PopulatedFRU'. Path: '/73'.\n     - Cannot find required key 'PopulatedFRU'. Path: '/256'.\n     - Cannot find required key 'PopulatedFRU'. Path: '/302'.\n     - Cannot find required key 'PopulatedFRU'. Path: '/628'.\n     - Cannot find required key 'PopulatedFRU'. Path: '/633'.: Path: '/'>\n\n    The above exception was the direct cause of the following exception:\n\n    Traceback (most recent call last):\n      File \"/usr/lib/python3.9/site-packages/tavern/response/base.py\", line 152, in _maybe_run_validate_functions\n        vf(response)\n      File \"/usr/lib/python3.9/site-packages/tavern/util/extfunctions.py\", line 98, in inner\n        result = func(response, *args, **kwargs)\n      File \"/usr/lib/python3.9/site-packages/tavern/testutils/helpers.py\", line 103, in validate_pykwalify\n        verify_generic(to_verify, schema)\n      File \"/usr/lib/python3.9/site-packages/tavern/schemas/files.py\", line 109, in verify_generic\n        raise BadSchemaError() from e\n    tavern.util.exceptions.BadSchemaError","time":{"start":1710145097716,"stop":1710145099933,"duration":2217}},{"uid":"11de06d26ac4caca","status":"failed","statusDetails":"tavern.util.exceptions.TestFailError: Test 'hsmAPIinventoryHardwareGET - Retrieve multiple Hardware Inventory entries using GET.' failed:\n- Error calling validate function '<function validate_pykwalify at 0x7f6b0855ae50>':\n    Traceback (most recent call last):\n      File \"/usr/lib/python3.9/site-packages/tavern/schemas/files.py\", line 106, in verify_generic\n        verifier.validate()\n      File \"/usr/lib/python3.9/site-packages/pykwalify/core.py\", line 194, in validate\n        raise SchemaError(u\"Schema validation failed:\\n - {error_msg}.\".format(\n    pykwalify.errors.SchemaError: <SchemaError: error code 2: Schema validation failed:\n     - Cannot find required key 'PopulatedFRU'. Path: '/5'.\n     - Cannot find required key 'PopulatedFRU'. Path: '/6'.\n     - Cannot find required key 'PopulatedFRU'. Path: '/7'.\n     - Cannot find required key 'PopulatedFRU'. Path: '/8'.\n     - Cannot find required key 'PopulatedFRU'. Path: '/11'.\n     - Cannot find required key 'PopulatedFRU'. Path: '/12'.\n     - Cannot find required key 'PopulatedFRU'. Path: '/13'.\n     - Cannot find required key 'PopulatedFRU'. Path: '/14'.\n     - Cannot find required key 'PopulatedFRU'. Path: '/15'.\n     - Cannot find required key 'PopulatedFRU'. Path: '/17'.\n     - Cannot find required key 'PopulatedFRU'. Path: '/18'.\n     - Cannot find required key 'PopulatedFRU'. Path: '/19'.\n     - Cannot find required key 'PopulatedFRU'. Path: '/25'.\n     - Cannot find required key 'PopulatedFRU'. Path: '/26'.\n     - Cannot find required key 'PopulatedFRU'. Path: '/45'.\n     - Cannot find required key 'PopulatedFRU'. Path: '/47'.\n     - Cannot find required key 'PopulatedFRU'. Path: '/48'.\n     - Cannot find required key 'PopulatedFRU'. Path: '/50'.\n     - Cannot find required key 'PopulatedFRU'. Path: '/51'.\n     - Cannot find required key 'PopulatedFRU'. Path: '/53'.\n     - Cannot find required key 'PopulatedFRU'. Path: '/55'.\n     - Cannot find required key 'PopulatedFRU'. Path: '/56'.\n     - Cannot find required key 'PopulatedFRU'. Path: '/57'.\n     - Cannot find required key 'PopulatedFRU'. Path: '/58'.\n     - Cannot find required key 'PopulatedFRU'. Path: '/61'.\n     - Cannot find required key 'PopulatedFRU'. Path: '/63'.\n     - Cannot find required key 'PopulatedFRU'. Path: '/65'.\n     - Cannot find required key 'PopulatedFRU'. Path: '/66'.\n     - Cannot find required key 'PopulatedFRU'. Path: '/67'.\n     - Cannot find required key 'PopulatedFRU'. Path: '/68'.\n     - Cannot find required key 'PopulatedFRU'. Path: '/322'.\n     - Cannot find required key 'PopulatedFRU'. Path: '/323'.\n     - Cannot find required key 'PopulatedFRU'. Path: '/324'.\n     - Cannot find required key 'PopulatedFRU'. Path: '/332'.: Path: '/'>\n\n    The above exception was the direct cause of the following exception:\n\n    Traceback (most recent call last):\n      File \"/usr/lib/python3.9/site-packages/tavern/response/base.py\", line 152, in _maybe_run_validate_functions\n        vf(response)\n      File \"/usr/lib/python3.9/site-packages/tavern/util/extfunctions.py\", line 98, in inner\n        result = func(response, *args, **kwargs)\n      File \"/usr/lib/python3.9/site-packages/tavern/testutils/helpers.py\", line 103, in validate_pykwalify\n        verify_generic(to_verify, schema)\n      File \"/usr/lib/python3.9/site-packages/tavern/schemas/files.py\", line 109, in verify_generic\n        raise BadSchemaError() from e\n    tavern.util.exceptions.BadSchemaError","time":{"start":1710058675402,"stop":1710058677671,"duration":2269}},{"uid":"baf318d63f236b52","status":"failed","statusDetails":"tavern.util.exceptions.TestFailError: Test 'hsmAPIinventoryHardwareGET - Retrieve multiple Hardware Inventory entries using GET.' failed:\n- Error calling validate function '<function validate_pykwalify at 0x7fb7e6c88e50>':\n    Traceback (most recent call last):\n      File \"/usr/lib/python3.9/site-packages/tavern/schemas/files.py\", line 106, in verify_generic\n        verifier.validate()\n      File \"/usr/lib/python3.9/site-packages/pykwalify/core.py\", line 194, in validate\n        raise SchemaError(u\"Schema validation failed:\\n - {error_msg}.\".format(\n    pykwalify.errors.SchemaError: <SchemaError: error code 2: Schema validation failed:\n     - Cannot find required key 'PopulatedFRU'. Path: '/5'.\n     - Cannot find required key 'PopulatedFRU'. Path: '/6'.\n     - Cannot find required key 'PopulatedFRU'. Path: '/7'.\n     - Cannot find required key 'PopulatedFRU'. Path: '/9'.\n     - Cannot find required key 'PopulatedFRU'. Path: '/11'.\n     - Cannot find required key 'PopulatedFRU'. Path: '/13'.\n     - Cannot find required key 'PopulatedFRU'. Path: '/14'.\n     - Cannot find required key 'PopulatedFRU'. Path: '/16'.\n     - Cannot find required key 'PopulatedFRU'. Path: '/17'.\n     - Cannot find required key 'PopulatedFRU'. Path: '/18'.\n     - Cannot find required key 'PopulatedFRU'. Path: '/19'.\n     - Cannot find required key 'PopulatedFRU'. Path: '/20'.\n     - Cannot find required key 'PopulatedFRU'. Path: '/23'.\n     - Cannot find required key 'PopulatedFRU'. Path: '/28'.\n     - Cannot find required key 'PopulatedFRU'. Path: '/42'.\n     - Cannot find required key 'PopulatedFRU'. Path: '/44'.\n     - Cannot find required key 'PopulatedFRU'. Path: '/49'.\n     - Cannot find required key 'PopulatedFRU'. Path: '/50'.\n     - Cannot find required key 'PopulatedFRU'. Path: '/51'.\n     - Cannot find required key 'PopulatedFRU'. Path: '/52'.\n     - Cannot find required key 'PopulatedFRU'. Path: '/56'.\n     - Cannot find required key 'PopulatedFRU'. Path: '/57'.\n     - Cannot find required key 'PopulatedFRU'. Path: '/60'.\n     - Cannot find required key 'PopulatedFRU'. Path: '/61'.\n     - Cannot find required key 'PopulatedFRU'. Path: '/63'.\n     - Cannot find required key 'PopulatedFRU'. Path: '/66'.\n     - Cannot find required key 'PopulatedFRU'. Path: '/67'.\n     - Cannot find required key 'PopulatedFRU'. Path: '/70'.\n     - Cannot find required key 'PopulatedFRU'. Path: '/71'.\n     - Cannot find required key 'PopulatedFRU'. Path: '/72'.\n     - Cannot find required key 'PopulatedFRU'. Path: '/273'.\n     - Cannot find required key 'PopulatedFRU'. Path: '/279'.\n     - Cannot find required key 'PopulatedFRU'. Path: '/288'.\n     - Cannot find required key 'PopulatedFRU'. Path: '/289'.: Path: '/'>\n\n    The above exception was the direct cause of the following exception:\n\n    Traceback (most recent call last):\n      File \"/usr/lib/python3.9/site-packages/tavern/response/base.py\", line 152, in _maybe_run_validate_functions\n        vf(response)\n      File \"/usr/lib/python3.9/site-packages/tavern/util/extfunctions.py\", line 98, in inner\n        result = func(response, *args, **kwargs)\n      File \"/usr/lib/python3.9/site-packages/tavern/testutils/helpers.py\", line 103, in validate_pykwalify\n        verify_generic(to_verify, schema)\n      File \"/usr/lib/python3.9/site-packages/tavern/schemas/files.py\", line 109, in verify_generic\n        raise BadSchemaError() from e\n    tavern.util.exceptions.BadSchemaError","time":{"start":1709972249091,"stop":1709972251299,"duration":2208}},{"uid":"dc03e0d648215767","status":"failed","statusDetails":"tavern.util.exceptions.TestFailError: Test 'hsmAPIinventoryHardwareGET - Retrieve multiple Hardware Inventory entries using GET.' failed:\n- Error calling validate function '<function validate_pykwalify at 0x7f7176348e50>':\n    Traceback (most recent call last):\n      File \"/usr/lib/python3.9/site-packages/tavern/schemas/files.py\", line 106, in verify_generic\n        verifier.validate()\n      File \"/usr/lib/python3.9/site-packages/pykwalify/core.py\", line 194, in validate\n        raise SchemaError(u\"Schema validation failed:\\n - {error_msg}.\".format(\n    pykwalify.errors.SchemaError: <SchemaError: error code 2: Schema validation failed:\n     - Cannot find required key 'PopulatedFRU'. Path: '/5'.\n     - Cannot find required key 'PopulatedFRU'. Path: '/8'.\n     - Cannot find required key 'PopulatedFRU'. Path: '/9'.\n     - Cannot find required key 'PopulatedFRU'. Path: '/10'.\n     - Cannot find required key 'PopulatedFRU'. Path: '/11'.\n     - Cannot find required key 'PopulatedFRU'. Path: '/12'.\n     - Cannot find required key 'PopulatedFRU'. Path: '/13'.\n     - Cannot find required key 'PopulatedFRU'. Path: '/15'.\n     - Cannot find required key 'PopulatedFRU'. Path: '/16'.\n     - Cannot find required key 'PopulatedFRU'. Path: '/18'.\n     - Cannot find required key 'PopulatedFRU'. Path: '/19'.\n     - Cannot find required key 'PopulatedFRU'. Path: '/20'.\n     - Cannot find required key 'PopulatedFRU'. Path: '/23'.\n     - Cannot find required key 'PopulatedFRU'. Path: '/24'.\n     - Cannot find required key 'PopulatedFRU'. Path: '/43'.\n     - Cannot find required key 'PopulatedFRU'. Path: '/44'.\n     - Cannot find required key 'PopulatedFRU'. Path: '/45'.\n     - Cannot find required key 'PopulatedFRU'. Path: '/47'.\n     - Cannot find required key 'PopulatedFRU'. Path: '/48'.\n     - Cannot find required key 'PopulatedFRU'. Path: '/50'.\n     - Cannot find required key 'PopulatedFRU'. Path: '/53'.\n     - Cannot find required key 'PopulatedFRU'. Path: '/57'.\n     - Cannot find required key 'PopulatedFRU'. Path: '/60'.\n     - Cannot find required key 'PopulatedFRU'. Path: '/62'.\n     - Cannot find required key 'PopulatedFRU'. Path: '/64'.\n     - Cannot find required key 'PopulatedFRU'. Path: '/65'.\n     - Cannot find required key 'PopulatedFRU'. Path: '/66'.\n     - Cannot find required key 'PopulatedFRU'. Path: '/68'.\n     - Cannot find required key 'PopulatedFRU'. Path: '/69'.\n     - Cannot find required key 'PopulatedFRU'. Path: '/70'.\n     - Cannot find required key 'PopulatedFRU'. Path: '/490'.\n     - Cannot find required key 'PopulatedFRU'. Path: '/493'.\n     - Cannot find required key 'PopulatedFRU'. Path: '/502'.\n     - Cannot find required key 'PopulatedFRU'. Path: '/507'.: Path: '/'>\n\n    The above exception was the direct cause of the following exception:\n\n    Traceback (most recent call last):\n      File \"/usr/lib/python3.9/site-packages/tavern/response/base.py\", line 152, in _maybe_run_validate_functions\n        vf(response)\n      File \"/usr/lib/python3.9/site-packages/tavern/util/extfunctions.py\", line 98, in inner\n        result = func(response, *args, **kwargs)\n      File \"/usr/lib/python3.9/site-packages/tavern/testutils/helpers.py\", line 103, in validate_pykwalify\n        verify_generic(to_verify, schema)\n      File \"/usr/lib/python3.9/site-packages/tavern/schemas/files.py\", line 109, in verify_generic\n        raise BadSchemaError() from e\n    tavern.util.exceptions.BadSchemaError","time":{"start":1709885879644,"stop":1709885881939,"duration":2295}},{"uid":"9a299cf2749c5bf5","status":"failed","statusDetails":"tavern.util.exceptions.TestFailError: Test 'hsmAPIinventoryHardwareGET - Retrieve multiple Hardware Inventory entries using GET.' failed:\n- Error calling validate function '<function validate_pykwalify at 0x7fad60701e50>':\n    Traceback (most recent call last):\n      File \"/usr/lib/python3.9/site-packages/tavern/schemas/files.py\", line 106, in verify_generic\n        verifier.validate()\n      File \"/usr/lib/python3.9/site-packages/pykwalify/core.py\", line 194, in validate\n        raise SchemaError(u\"Schema validation failed:\\n - {error_msg}.\".format(\n    pykwalify.errors.SchemaError: <SchemaError: error code 2: Schema validation failed:\n     - Cannot find required key 'PopulatedFRU'. Path: '/5'.\n     - Cannot find required key 'PopulatedFRU'. Path: '/6'.\n     - Cannot find required key 'PopulatedFRU'. Path: '/8'.\n     - Cannot find required key 'PopulatedFRU'. Path: '/9'.\n     - Cannot find required key 'PopulatedFRU'. Path: '/10'.\n     - Cannot find required key 'PopulatedFRU'. Path: '/11'.\n     - Cannot find required key 'PopulatedFRU'. Path: '/12'.\n     - Cannot find required key 'PopulatedFRU'. Path: '/13'.\n     - Cannot find required key 'PopulatedFRU'. Path: '/15'.\n     - Cannot find required key 'PopulatedFRU'. Path: '/17'.\n     - Cannot find required key 'PopulatedFRU'. Path: '/18'.\n     - Cannot find required key 'PopulatedFRU'. Path: '/19'.\n     - Cannot find required key 'PopulatedFRU'. Path: '/25'.\n     - Cannot find required key 'PopulatedFRU'. Path: '/26'.\n     - Cannot find required key 'PopulatedFRU'. Path: '/42'.\n     - Cannot find required key 'PopulatedFRU'. Path: '/46'.\n     - Cannot find required key 'PopulatedFRU'. Path: '/47'.\n     - Cannot find required key 'PopulatedFRU'. Path: '/48'.\n     - Cannot find required key 'PopulatedFRU'. Path: '/49'.\n     - Cannot find required key 'PopulatedFRU'. Path: '/51'.\n     - Cannot find required key 'PopulatedFRU'. Path: '/53'.\n     - Cannot find required key 'PopulatedFRU'. Path: '/56'.\n     - Cannot find required key 'PopulatedFRU'. Path: '/58'.\n     - Cannot find required key 'PopulatedFRU'. Path: '/61'.\n     - Cannot find required key 'PopulatedFRU'. Path: '/62'.\n     - Cannot find required key 'PopulatedFRU'. Path: '/66'.\n     - Cannot find required key 'PopulatedFRU'. Path: '/68'.\n     - Cannot find required key 'PopulatedFRU'. Path: '/69'.\n     - Cannot find required key 'PopulatedFRU'. Path: '/71'.\n     - Cannot find required key 'PopulatedFRU'. Path: '/73'.\n     - Cannot find required key 'PopulatedFRU'. Path: '/326'.\n     - Cannot find required key 'PopulatedFRU'. Path: '/335'.\n     - Cannot find required key 'PopulatedFRU'. Path: '/336'.\n     - Cannot find required key 'PopulatedFRU'. Path: '/343'.: Path: '/'>\n\n    The above exception was the direct cause of the following exception:\n\n    Traceback (most recent call last):\n      File \"/usr/lib/python3.9/site-packages/tavern/response/base.py\", line 152, in _maybe_run_validate_functions\n        vf(response)\n      File \"/usr/lib/python3.9/site-packages/tavern/util/extfunctions.py\", line 98, in inner\n        result = func(response, *args, **kwargs)\n      File \"/usr/lib/python3.9/site-packages/tavern/testutils/helpers.py\", line 103, in validate_pykwalify\n        verify_generic(to_verify, schema)\n      File \"/usr/lib/python3.9/site-packages/tavern/schemas/files.py\", line 109, in verify_generic\n        raise BadSchemaError() from e\n    tavern.util.exceptions.BadSchemaError","time":{"start":1709799462456,"stop":1709799464736,"duration":2280}},{"uid":"ab682c6e6cf3c83c","status":"failed","statusDetails":"tavern.util.exceptions.TestFailError: Test 'hsmAPIinventoryHardwareGET - Retrieve multiple Hardware Inventory entries using GET.' failed:\n- Error calling validate function '<function validate_pykwalify at 0x7fd53be66e50>':\n    Traceback (most recent call last):\n      File \"/usr/lib/python3.9/site-packages/tavern/schemas/files.py\", line 106, in verify_generic\n        verifier.validate()\n      File \"/usr/lib/python3.9/site-packages/pykwalify/core.py\", line 194, in validate\n        raise SchemaError(u\"Schema validation failed:\\n - {error_msg}.\".format(\n    pykwalify.errors.SchemaError: <SchemaError: error code 2: Schema validation failed:\n     - Cannot find required key 'PopulatedFRU'. Path: '/5'.\n     - Cannot find required key 'PopulatedFRU'. Path: '/9'.\n     - Cannot find required key 'PopulatedFRU'. Path: '/10'.\n     - Cannot find required key 'PopulatedFRU'. Path: '/11'.\n     - Cannot find required key 'PopulatedFRU'. Path: '/12'.\n     - Cannot find required key 'PopulatedFRU'. Path: '/13'.\n     - Cannot find required key 'PopulatedFRU'. Path: '/14'.\n     - Cannot find required key 'PopulatedFRU'. Path: '/16'.\n     - Cannot find required key 'PopulatedFRU'. Path: '/17'.\n     - Cannot find required key 'PopulatedFRU'. Path: '/18'.\n     - Cannot find required key 'PopulatedFRU'. Path: '/19'.\n     - Cannot find required key 'PopulatedFRU'. Path: '/20'.\n     - Cannot find required key 'PopulatedFRU'. Path: '/26'.\n     - Cannot find required key 'PopulatedFRU'. Path: '/27'.\n     - Cannot find required key 'PopulatedFRU'. Path: '/44'.\n     - Cannot find required key 'PopulatedFRU'. Path: '/47'.\n     - Cannot find required key 'PopulatedFRU'. Path: '/48'.\n     - Cannot find required key 'PopulatedFRU'. Path: '/49'.\n     - Cannot find required key 'PopulatedFRU'. Path: '/53'.\n     - Cannot find required key 'PopulatedFRU'. Path: '/54'.\n     - Cannot find required key 'PopulatedFRU'. Path: '/57'.\n     - Cannot find required key 'PopulatedFRU'. Path: '/59'.\n     - Cannot find required key 'PopulatedFRU'. Path: '/60'.\n     - Cannot find required key 'PopulatedFRU'. Path: '/61'.\n     - Cannot find required key 'PopulatedFRU'. Path: '/65'.\n     - Cannot find required key 'PopulatedFRU'. Path: '/66'.\n     - Cannot find required key 'PopulatedFRU'. Path: '/69'.\n     - Cannot find required key 'PopulatedFRU'. Path: '/71'.\n     - Cannot find required key 'PopulatedFRU'. Path: '/72'.\n     - Cannot find required key 'PopulatedFRU'. Path: '/73'.\n     - Cannot find required key 'PopulatedFRU'. Path: '/749'.\n     - Cannot find required key 'PopulatedFRU'. Path: '/759'.\n     - Cannot find required key 'PopulatedFRU'. Path: '/762'.\n     - Cannot find required key 'PopulatedFRU'. Path: '/768'.: Path: '/'>\n\n    The above exception was the direct cause of the following exception:\n\n    Traceback (most recent call last):\n      File \"/usr/lib/python3.9/site-packages/tavern/response/base.py\", line 152, in _maybe_run_validate_functions\n        vf(response)\n      File \"/usr/lib/python3.9/site-packages/tavern/util/extfunctions.py\", line 98, in inner\n        result = func(response, *args, **kwargs)\n      File \"/usr/lib/python3.9/site-packages/tavern/testutils/helpers.py\", line 103, in validate_pykwalify\n        verify_generic(to_verify, schema)\n      File \"/usr/lib/python3.9/site-packages/tavern/schemas/files.py\", line 109, in verify_generic\n        raise BadSchemaError() from e\n    tavern.util.exceptions.BadSchemaError","time":{"start":1709712587774,"stop":1709712590052,"duration":2278}},{"uid":"31105e23934ba537","status":"failed","statusDetails":"tavern.util.exceptions.TestFailError: Test 'hsmAPIinventoryHardwareGET - Retrieve multiple Hardware Inventory entries using GET.' failed:\n- Error calling validate function '<function validate_pykwalify at 0x7f74fc0c1e50>':\n    Traceback (most recent call last):\n      File \"/usr/lib/python3.9/site-packages/tavern/schemas/files.py\", line 106, in verify_generic\n        verifier.validate()\n      File \"/usr/lib/python3.9/site-packages/pykwalify/core.py\", line 194, in validate\n        raise SchemaError(u\"Schema validation failed:\\n - {error_msg}.\".format(\n    pykwalify.errors.SchemaError: <SchemaError: error code 2: Schema validation failed:\n     - Cannot find required key 'PopulatedFRU'. Path: '/5'.\n     - Cannot find required key 'PopulatedFRU'. Path: '/6'.\n     - Cannot find required key 'PopulatedFRU'. Path: '/7'.\n     - Cannot find required key 'PopulatedFRU'. Path: '/8'.\n     - Cannot find required key 'PopulatedFRU'. Path: '/9'.\n     - Cannot find required key 'PopulatedFRU'. Path: '/10'.\n     - Cannot find required key 'PopulatedFRU'. Path: '/11'.\n     - Cannot find required key 'PopulatedFRU'. Path: '/12'.\n     - Cannot find required key 'PopulatedFRU'. Path: '/13'.\n     - Cannot find required key 'PopulatedFRU'. Path: '/14'.\n     - Cannot find required key 'PopulatedFRU'. Path: '/19'.\n     - Cannot find required key 'PopulatedFRU'. Path: '/20'.\n     - Cannot find required key 'PopulatedFRU'. Path: '/27'.\n     - Cannot find required key 'PopulatedFRU'. Path: '/28'.\n     - Cannot find required key 'PopulatedFRU'. Path: '/43'.\n     - Cannot find required key 'PopulatedFRU'. Path: '/44'.\n     - Cannot find required key 'PopulatedFRU'. Path: '/46'.\n     - Cannot find required key 'PopulatedFRU'. Path: '/48'.\n     - Cannot find required key 'PopulatedFRU'. Path: '/49'.\n     - Cannot find required key 'PopulatedFRU'. Path: '/50'.\n     - Cannot find required key 'PopulatedFRU'. Path: '/53'.\n     - Cannot find required key 'PopulatedFRU'. Path: '/58'.\n     - Cannot find required key 'PopulatedFRU'. Path: '/60'.\n     - Cannot find required key 'PopulatedFRU'. Path: '/61'.\n     - Cannot find required key 'PopulatedFRU'. Path: '/62'.\n     - Cannot find required key 'PopulatedFRU'. Path: '/64'.\n     - Cannot find required key 'PopulatedFRU'. Path: '/67'.\n     - Cannot find required key 'PopulatedFRU'. Path: '/70'.\n     - Cannot find required key 'PopulatedFRU'. Path: '/71'.\n     - Cannot find required key 'PopulatedFRU'. Path: '/73'.\n     - Cannot find required key 'PopulatedFRU'. Path: '/738'.\n     - Cannot find required key 'PopulatedFRU'. Path: '/743'.\n     - Cannot find required key 'PopulatedFRU'. Path: '/744'.\n     - Cannot find required key 'PopulatedFRU'. Path: '/752'.: Path: '/'>\n\n    The above exception was the direct cause of the following exception:\n\n    Traceback (most recent call last):\n      File \"/usr/lib/python3.9/site-packages/tavern/response/base.py\", line 152, in _maybe_run_validate_functions\n        vf(response)\n      File \"/usr/lib/python3.9/site-packages/tavern/util/extfunctions.py\", line 98, in inner\n        result = func(response, *args, **kwargs)\n      File \"/usr/lib/python3.9/site-packages/tavern/testutils/helpers.py\", line 103, in validate_pykwalify\n        verify_generic(to_verify, schema)\n      File \"/usr/lib/python3.9/site-packages/tavern/schemas/files.py\", line 109, in verify_generic\n        raise BadSchemaError() from e\n    tavern.util.exceptions.BadSchemaError","time":{"start":1709626136277,"stop":1709626138527,"duration":2250}}]},"tags":[]},"source":"2b7f4332aebc00d4.json","parameterValues":[]}